[INFO] 2018-08-07 18:53:18 PitMutantScoreSelector - The original test suite kill 168 / 109091
[WARN] 2018-08-07 18:53:18 AutomaticBuilderFactory - automaticBuilderName: unknown automatic builder specified in configuration, going to default.
[INFO] 2018-08-07 18:53:18 AutomaticBuilderFactory - Default: provided Maven automatic builder.
[INFO] 2018-08-07 18:53:18 MavenAutomaticBuilder - run maven clean test -DskipTests dependency:build-classpath -Dmdep.outputFile=target/dspot/classpath
[WARN] Maven will be executed in interactive mode, but no input stream has been configured for this MavenInvoker instance.
[INFO] Scanning for projects...
[INFO]                                                                         
[INFO] ------------------------------------------------------------------------
[INFO] Building twilio 7.23.1-SNAPSHOT
[INFO] ------------------------------------------------------------------------
[INFO] 
[INFO] --- maven-clean-plugin:2.5:clean (default-clean) @ twilio ---
[INFO] Deleting /tmp/dspot-experiments/dataset/twilio-java/target
[INFO] 
[INFO] --- maven-enforcer-plugin:1.0:enforce (enforce-maven) @ twilio ---
[INFO] Skipping Rule Enforcement.
[INFO] 
[INFO] --- maven-resources-plugin:2.6:resources (default-resources) @ twilio ---
[INFO] Using 'UTF-8' encoding to copy filtered resources.
[INFO] skip non existing resourceDirectory /tmp/dspot-experiments/dataset/twilio-java/src/main/resources
[INFO] 
[INFO] --- maven-compiler-plugin:3.5:compile (default-compile) @ twilio ---
[INFO] Changes detected - recompiling the module!
[INFO] Compiling 1169 source files to /tmp/dspot-experiments/dataset/twilio-java/target/classes
[INFO] /tmp/dspot-experiments/dataset/twilio-java/src/main/java/com/twilio/twiml/TwiML.java: Some input files use unchecked or unsafe operations.
[INFO] /tmp/dspot-experiments/dataset/twilio-java/src/main/java/com/twilio/twiml/TwiML.java: Recompile with -Xlint:unchecked for details.
[INFO] 
[INFO] --- maven-resources-plugin:2.6:testResources (default-testResources) @ twilio ---
[INFO] Using 'UTF-8' encoding to copy filtered resources.
[INFO] skip non existing resourceDirectory /tmp/dspot-experiments/dataset/twilio-java/src/test/resources
[INFO] 
[INFO] --- maven-compiler-plugin:3.5:testCompile (default-testCompile) @ twilio ---
[INFO] Changes detected - recompiling the module!
[INFO] Compiling 316 source files to /tmp/dspot-experiments/dataset/twilio-java/target/test-classes
[INFO] /tmp/dspot-experiments/dataset/twilio-java/src/test/java/com/twilio/jwt/accesstoken/AccessTokenTest.java: /tmp/dspot-experiments/dataset/twilio-java/src/test/java/com/twilio/jwt/accesstoken/AccessTokenTest.java uses or overrides a deprecated API.
[INFO] /tmp/dspot-experiments/dataset/twilio-java/src/test/java/com/twilio/jwt/accesstoken/AccessTokenTest.java: Recompile with -Xlint:deprecation for details.
[INFO] /tmp/dspot-experiments/dataset/twilio-java/src/test/java/com/twilio/jwt/taskrouter/TaskRouterCapabilityTest.java: Some input files use unchecked or unsafe operations.
[INFO] /tmp/dspot-experiments/dataset/twilio-java/src/test/java/com/twilio/jwt/taskrouter/TaskRouterCapabilityTest.java: Recompile with -Xlint:unchecked for details.
[INFO] 
[INFO] --- maven-surefire-plugin:2.20:test (default-test) @ twilio ---
[INFO] Tests are skipped.
[INFO] 
[INFO] --- maven-dependency-plugin:2.8:build-classpath (default-cli) @ twilio ---
[INFO] Wrote classpath file '/tmp/dspot-experiments/dataset/twilio-java/target/dspot/classpath'.
[INFO] ------------------------------------------------------------------------
[INFO] BUILD SUCCESS
[INFO] ------------------------------------------------------------------------
[INFO] Total time: 15.802 s
[INFO] Finished at: 2018-08-07T18:53:36+02:00
[INFO] Final Memory: 39M/673M
[INFO] ------------------------------------------------------------------------
[INFO] 2018-08-07 18:53:52 Amplification - Amplification of com.twilio.http.RequestTest (18 test(s))
[INFO] 2018-08-07 18:53:52 Amplification - Assertion amplification of com.twilio.http.RequestTest (18 test(s))
[INFO] 2018-08-07 18:53:53 EntryPoint - Run: java -classpath /tmp/dspot-experiments/dataset/twilio-java/target/test-classes:/tmp/dspot-experiments/dataset/twilio-java/target/classes/:/home/spirals/danglot/.m2/repository/com/google/guava/guava/18.0/guava-18.0.jar:/home/spirals/danglot/.m2/repository/joda-time/joda-time/2.5/joda-time-2.5.jar:/home/spirals/danglot/.m2/repository/io/jsonwebtoken/jjwt/0.4/jjwt-0.4.jar:/home/spirals/danglot/.m2/repository/org/slf4j/slf4j-api/1.7.6/slf4j-api-1.7.6.jar:/home/spirals/danglot/.m2/repository/org/apache/httpcomponents/httpclient/4.5.2/httpclient-4.5.2.jar:/home/spirals/danglot/.m2/repository/commons-logging/commons-logging/1.2/commons-logging-1.2.jar:/home/spirals/danglot/.m2/repository/commons-codec/commons-codec/1.9/commons-codec-1.9.jar:/home/spirals/danglot/.m2/repository/org/apache/httpcomponents/httpcore/4.4.4/httpcore-4.4.4.jar:/home/spirals/danglot/.m2/repository/com/fasterxml/jackson/core/jackson-core/2.8.11/jackson-core-2.8.11.jar:/home/spirals/danglot/.m2/repository/com/fasterxml/jackson/core/jackson-annotations/2.8.11/jackson-annotations-2.8.11.jar:/home/spirals/danglot/.m2/repository/com/fasterxml/jackson/core/jackson-databind/2.8.11/jackson-databind-2.8.11.jar:/home/spirals/danglot/.m2/repository/javax/xml/bind/jaxb-api/2.2/jaxb-api-2.2.jar:/home/spirals/danglot/.m2/repository/javax/xml/stream/stax-api/1.0-2/stax-api-1.0-2.jar:/home/spirals/danglot/.m2/repository/javax/activation/activation/1.1/activation-1.1.jar:/home/spirals/danglot/.m2/repository/org/jmockit/jmockit/1.12/jmockit-1.12.jar:/home/spirals/danglot/.m2/repository/junit/junit/4.11/junit-4.11.jar:/home/spirals/danglot/.m2/repository/org/hamcrest/hamcrest-core/1.3/hamcrest-core-1.3.jar:/tmp/dspot-experiments/target/dspot/dependencies:/tmp/dspot/dspot/target/dspot-1.1.1-SNAPSHOT-jar-with-dependencies.jar eu.stamp_project.testrunner.runner.test.TestRunner com.twilio.http.RequestTest testAddQueryDateRangeClosed:testAddQueryDateRangeLowerBound:testAddQueryDateRangeUpperBound:testAddQueryDateTimeRangeClosed:testAddQueryDateTimeRangeLowerBound:testAddQueryDateTimeRangeUpperBound:testConstructURL:testConstructURLURISyntaxException:testConstructURLWithInequalityParam:testConstructURLWithMultivaluedParam:testConstructURLWithParam:testConstructURLWithParams:testConstructorWithDomain:testEncodeFormBody:testEquals:testGetPassword:testGetUsername:testRequiresAuthentication
File saved to the following path: /tmp/dspot-experiments/dataset/twilio-java/target/dspot/TestListener.ser
[INFO] 2018-08-07 18:53:54 EntryPoint - Test has been run: testAddQueryDateRangeUpperBound,testAddQueryDateTimeRangeClosed,testGetPassword,testAddQueryDateRangeClosed,testConstructURLWithMultivaluedParam,testAddQueryDateTimeRangeUpperBound,testConstructURL,testConstructURLWithInequalityParam,testRequiresAuthentication,testEncodeFormBody,testConstructURLWithParam,testConstructorWithDomain,testAddQueryDateRangeLowerBound,testGetUsername,testConstructURLURISyntaxException,testEquals,testConstructURLWithParams,testAddQueryDateTimeRangeLowerBound
[INFO] 2018-08-07 18:53:54 AssertGenerator - Run tests. (18)
[INFO] 2018-08-07 18:53:54 EntryPoint - Run: java -classpath /tmp/dspot-experiments/dataset/twilio-java/target/test-classes:/tmp/dspot-experiments/dataset/twilio-java/target/classes/:/home/spirals/danglot/.m2/repository/com/google/guava/guava/18.0/guava-18.0.jar:/home/spirals/danglot/.m2/repository/joda-time/joda-time/2.5/joda-time-2.5.jar:/home/spirals/danglot/.m2/repository/io/jsonwebtoken/jjwt/0.4/jjwt-0.4.jar:/home/spirals/danglot/.m2/repository/org/slf4j/slf4j-api/1.7.6/slf4j-api-1.7.6.jar:/home/spirals/danglot/.m2/repository/org/apache/httpcomponents/httpclient/4.5.2/httpclient-4.5.2.jar:/home/spirals/danglot/.m2/repository/commons-logging/commons-logging/1.2/commons-logging-1.2.jar:/home/spirals/danglot/.m2/repository/commons-codec/commons-codec/1.9/commons-codec-1.9.jar:/home/spirals/danglot/.m2/repository/org/apache/httpcomponents/httpcore/4.4.4/httpcore-4.4.4.jar:/home/spirals/danglot/.m2/repository/com/fasterxml/jackson/core/jackson-core/2.8.11/jackson-core-2.8.11.jar:/home/spirals/danglot/.m2/repository/com/fasterxml/jackson/core/jackson-annotations/2.8.11/jackson-annotations-2.8.11.jar:/home/spirals/danglot/.m2/repository/com/fasterxml/jackson/core/jackson-databind/2.8.11/jackson-databind-2.8.11.jar:/home/spirals/danglot/.m2/repository/javax/xml/bind/jaxb-api/2.2/jaxb-api-2.2.jar:/home/spirals/danglot/.m2/repository/javax/xml/stream/stax-api/1.0-2/stax-api-1.0-2.jar:/home/spirals/danglot/.m2/repository/javax/activation/activation/1.1/activation-1.1.jar:/home/spirals/danglot/.m2/repository/org/jmockit/jmockit/1.12/jmockit-1.12.jar:/home/spirals/danglot/.m2/repository/junit/junit/4.11/junit-4.11.jar:/home/spirals/danglot/.m2/repository/org/hamcrest/hamcrest-core/1.3/hamcrest-core-1.3.jar:/tmp/dspot-experiments/target/dspot/dependencies:/tmp/dspot/dspot/target/dspot-1.1.1-SNAPSHOT-jar-with-dependencies.jar eu.stamp_project.testrunner.runner.test.TestRunner com.twilio.http.RequestTest testAddQueryDateRangeClosed:testAddQueryDateRangeLowerBound:testAddQueryDateRangeUpperBound:testAddQueryDateTimeRangeClosed:testAddQueryDateTimeRangeLowerBound:testAddQueryDateTimeRangeUpperBound:testConstructURL:testConstructURLURISyntaxException:testConstructURLWithInequalityParam:testConstructURLWithMultivaluedParam:testConstructURLWithParam:testConstructURLWithParams:testConstructorWithDomain:testEncodeFormBody:testEquals:testGetPassword:testGetUsername:testRequiresAuthentication
File saved to the following path: /tmp/dspot-experiments/dataset/twilio-java/target/dspot/TestListener.ser
[INFO] 2018-08-07 18:53:55 EntryPoint - Test has been run: testAddQueryDateRangeUpperBound,testAddQueryDateTimeRangeClosed,testGetPassword,testAddQueryDateRangeClosed,testConstructURLWithMultivaluedParam,testAddQueryDateTimeRangeUpperBound,testConstructURL,testConstructURLWithInequalityParam,testRequiresAuthentication,testEncodeFormBody,testConstructURLWithParam,testConstructorWithDomain,testAddQueryDateRangeLowerBound,testGetUsername,testConstructURLURISyntaxException,testEquals,testConstructURLWithParams,testAddQueryDateTimeRangeLowerBound
[INFO] 2018-08-07 18:53:55 AssertGenerator - 18 test pass, generating assertion...
[INFO] 2018-08-07 18:53:55 MethodsAssertGenerator - Add observations points in passing tests.
[INFO] 2018-08-07 18:53:55 MethodsAssertGenerator - Instrumentation...
  5% |== ]/ 11% |===== ]- 16% |======== ]\ 22% |=========== ]| 27% |============= ]/ 33% |================ ]- 38% |=================== ]\ 44% |====================== ]| 50% |========================= ]/ 55% |=========================== ]- 61% |============================== ]\ 66% |================================= ]| 72% |==================================== ]/ 77% |====================================== ]- 83% |========================================= ]\ 88% |============================================ ]| 94% |=============================================== ]/100% |================================================== ]-
[INFO] 2018-08-07 18:53:55 MethodsAssertGenerator - Run instrumented tests. (54)
[INFO] 2018-08-07 18:53:55 EntryPoint - Run: java -classpath /tmp/dspot-experiments/dataset/twilio-java/target/test-classes:/tmp/dspot-experiments/dataset/twilio-java/target/classes/:/home/spirals/danglot/.m2/repository/com/google/guava/guava/18.0/guava-18.0.jar:/home/spirals/danglot/.m2/repository/joda-time/joda-time/2.5/joda-time-2.5.jar:/home/spirals/danglot/.m2/repository/io/jsonwebtoken/jjwt/0.4/jjwt-0.4.jar:/home/spirals/danglot/.m2/repository/org/slf4j/slf4j-api/1.7.6/slf4j-api-1.7.6.jar:/home/spirals/danglot/.m2/repository/org/apache/httpcomponents/httpclient/4.5.2/httpclient-4.5.2.jar:/home/spirals/danglot/.m2/repository/commons-logging/commons-logging/1.2/commons-logging-1.2.jar:/home/spirals/danglot/.m2/repository/commons-codec/commons-codec/1.9/commons-codec-1.9.jar:/home/spirals/danglot/.m2/repository/org/apache/httpcomponents/httpcore/4.4.4/httpcore-4.4.4.jar:/home/spirals/danglot/.m2/repository/com/fasterxml/jackson/core/jackson-core/2.8.11/jackson-core-2.8.11.jar:/home/spirals/danglot/.m2/repository/com/fasterxml/jackson/core/jackson-annotations/2.8.11/jackson-annotations-2.8.11.jar:/home/spirals/danglot/.m2/repository/com/fasterxml/jackson/core/jackson-databind/2.8.11/jackson-databind-2.8.11.jar:/home/spirals/danglot/.m2/repository/javax/xml/bind/jaxb-api/2.2/jaxb-api-2.2.jar:/home/spirals/danglot/.m2/repository/javax/xml/stream/stax-api/1.0-2/stax-api-1.0-2.jar:/home/spirals/danglot/.m2/repository/javax/activation/activation/1.1/activation-1.1.jar:/home/spirals/danglot/.m2/repository/org/jmockit/jmockit/1.12/jmockit-1.12.jar:/home/spirals/danglot/.m2/repository/junit/junit/4.11/junit-4.11.jar:/home/spirals/danglot/.m2/repository/org/hamcrest/hamcrest-core/1.3/hamcrest-core-1.3.jar:/tmp/dspot-experiments/target/dspot/dependencies:/tmp/dspot/dspot/target/dspot-1.1.1-SNAPSHOT-jar-with-dependencies.jar eu.stamp_project.testrunner.runner.test.TestRunner com.twilio.http.RequestTest testAddQueryDateRangeClosed_withlog0:testAddQueryDateRangeLowerBound_withlog0:testAddQueryDateRangeUpperBound_withlog0:testAddQueryDateTimeRangeClosed_withlog0:testAddQueryDateTimeRangeLowerBound_withlog0:testAddQueryDateTimeRangeUpperBound_withlog0:testConstructURL_withlog0:testConstructURLURISyntaxException_withlog0:testConstructURLWithInequalityParam_withlog0:testConstructURLWithMultivaluedParam_withlog0:testConstructURLWithParam_withlog0:testConstructURLWithParams_withlog0:testConstructorWithDomain_withlog0:testEncodeFormBody_withlog0:testEquals_withlog0:testGetPassword_withlog0:testGetUsername_withlog0:testRequiresAuthentication_withlog0:testAddQueryDateRangeClosed_withlog1:testAddQueryDateRangeLowerBound_withlog1:testAddQueryDateRangeUpperBound_withlog1:testAddQueryDateTimeRangeClosed_withlog1:testAddQueryDateTimeRangeLowerBound_withlog1:testAddQueryDateTimeRangeUpperBound_withlog1:testConstructURL_withlog1:testConstructURLURISyntaxException_withlog1:testConstructURLWithInequalityParam_withlog1:testConstructURLWithMultivaluedParam_withlog1:testConstructURLWithParam_withlog1:testConstructURLWithParams_withlog1:testConstructorWithDomain_withlog1:testEncodeFormBody_withlog1:testEquals_withlog1:testGetPassword_withlog1:testGetUsername_withlog1:testRequiresAuthentication_withlog1:testAddQueryDateRangeClosed_withlog2:testAddQueryDateRangeLowerBound_withlog2:testAddQueryDateRangeUpperBound_withlog2:testAddQueryDateTimeRangeClosed_withlog2:testAddQueryDateTimeRangeLowerBound_withlog2:testAddQueryDateTimeRangeUpperBound_withlog2:testConstructURL_withlog2:testConstructURLURISyntaxException_withlog2:testConstructURLWithInequalityParam_withlog2:testConstructURLWithMultivaluedParam_withlog2:testConstructURLWithParam_withlog2:testConstructURLWithParams_withlog2:testConstructorWithDomain_withlog2:testEncodeFormBody_withlog2:testEquals_withlog2:testGetPassword_withlog2:testGetUsername_withlog2:testRequiresAuthentication_withlog2
File saved to the following path: /tmp/dspot-experiments/dataset/twilio-java/target/dspot/observations.ser
File saved to the following path: /tmp/dspot-experiments/dataset/twilio-java/target/dspot/TestListener.ser
[INFO] 2018-08-07 18:54:52 EntryPoint - Test has been run: testAddQueryDateTimeRangeLowerBound_withlog0,testAddQueryDateTimeRangeLowerBound_withlog1,testAddQueryDateTimeRangeLowerBound_withlog2,testConstructURLWithMultivaluedParam_withlog0,testConstructURLWithMultivaluedParam_withlog1,testConstructURLWithMultivaluedParam_withlog2,testEncodeFormBody_withlog0,testEncodeFormBody_withlog1,testEncodeFormBody_withlog2,testRequiresAuthentication_withlog0,testRequiresAuthentication_withlog1,testRequiresAuthentication_withlog2,testAddQueryDateRangeUpperBound_withlog0,testAddQueryDateRangeUpperBound_withlog1,testAddQueryDateRangeUpperBound_withlog2,testAddQueryDateTimeRangeClosed_withlog0,testAddQueryDateTimeRangeClosed_withlog1,testAddQueryDateTimeRangeClosed_withlog2,testConstructURLWithParams_withlog0,testConstructURLWithParams_withlog1,testConstructURLWithParams_withlog2,testConstructURLURISyntaxException_withlog0,testConstructURLURISyntaxException_withlog1,testConstructURLURISyntaxException_withlog2,testConstructURLWithInequalityParam_withlog0,testConstructURLWithInequalityParam_withlog1,testConstructURLWithInequalityParam_withlog2,testAddQueryDateRangeLowerBound_withlog0,testAddQueryDateRangeLowerBound_withlog1,testAddQueryDateRangeLowerBound_withlog2,testConstructURL_withlog0,testConstructURL_withlog1,testConstructURL_withlog2,testGetUsername_withlog0,testGetUsername_withlog1,testGetUsername_withlog2,testConstructorWithDomain_withlog0,testConstructorWithDomain_withlog1,testConstructorWithDomain_withlog2,testGetPassword_withlog0,testGetPassword_withlog1,testGetPassword_withlog2,testAddQueryDateTimeRangeUpperBound_withlog0,testAddQueryDateTimeRangeUpperBound_withlog1,testAddQueryDateTimeRangeUpperBound_withlog2,testEquals_withlog0,testEquals_withlog1,testEquals_withlog2,testAddQueryDateRangeClosed_withlog0,testAddQueryDateRangeClosed_withlog1,testAddQueryDateRangeClosed_withlog2,testConstructURLWithParam_withlog0,testConstructURLWithParam_withlog1,testConstructURLWithParam_withlog2
[INFO] 2018-08-07 18:54:52 MethodsAssertGenerator - Generating assertions...
[INFO] 2018-08-07 18:54:58 AssertGenerator - 18 new tests with assertions generated
[ERROR] 2018-08-07 18:54:58 TestCompiler - Error(s) during compilation:
[ERROR] 2018-08-07 18:54:58 TestCompiler - Pb(240) Syntax error, insert ")" to complete MethodInvocation
[ERROR] 2018-08-07 18:54:58 TestCompiler - Pb(240) Syntax error, insert ";" to complete Statement
[ERROR] 2018-08-07 18:54:58 TestCompiler - Pb(231) Syntax error on token "=", Expression expected after this token
[ERROR] 2018-08-07 18:54:58 TestCompiler - Pb(237) Syntax error on tokens, ( expected instead
[ERROR] 2018-08-07 18:54:58 TestCompiler - Pb(240) Syntax error, insert "}" to complete Block
[ERROR] 2018-08-07 18:54:58 TestCompiler - Pb(240) Syntax error, insert ")" to complete MethodInvocation
[ERROR] 2018-08-07 18:54:58 TestCompiler - Pb(240) Syntax error, insert ";" to complete Statement
[ERROR] 2018-08-07 18:54:58 TestCompiler - Pb(231) Syntax error on token "=", Expression expected after this token
[ERROR] 2018-08-07 18:54:58 TestCompiler - Pb(204) Syntax error on token ",", ; expected
[ERROR] 2018-08-07 18:54:58 TestCompiler - Pb(231) Syntax error on token "=", Expression expected after this token
[ERROR] 2018-08-07 18:54:58 TestCompiler - Pb(237) Syntax error on tokens, ( expected instead
[ERROR] 2018-08-07 18:54:58 TestCompiler - Pb(240) Syntax error, insert "}" to complete Block
[ERROR] 2018-08-07 18:54:58 TestCompiler - Pb(240) Syntax error, insert ")" to complete MethodInvocation
[ERROR] 2018-08-07 18:54:58 TestCompiler - Pb(240) Syntax error, insert ";" to complete Statement
[ERROR] 2018-08-07 18:54:58 TestCompiler - Pb(236) Syntax error on token(s), misplaced construct(s)
[ERROR] 2018-08-07 18:54:58 TestCompiler - Pb(204) Syntax error on token "[", { expected
[ERROR] 2018-08-07 18:54:58 TestCompiler - Pb(233) Syntax error on tokens, delete these tokens
[ERROR] 2018-08-07 18:54:58 TestCompiler - Pb(233) Syntax error on tokens, delete these tokens
[ERROR] 2018-08-07 18:54:58 TestCompiler - Pb(240) Syntax error, insert "}" to complete Block
[ERROR] 2018-08-07 18:54:58 TestCompiler - Pb(232) Syntax error on token "{", delete this token
[ERROR] 2018-08-07 18:54:58 JDTTreeBuilder - Could not find declaration for variable $missing$ at (/tmp/dspot-experiments/target/dspot/tmp_test_sources/com/twilio/http/RequestTest.java:553)
[ERROR] 2018-08-07 18:54:58 JDTTreeBuilder - Could not find declaration for variable $missing$ at (/tmp/dspot-experiments/target/dspot/tmp_test_sources/com/twilio/http/RequestTest.java:611)
[ERROR] 2018-08-07 18:54:58 JDTTreeBuilder - Could not find declaration for variable $missing$ at (/tmp/dspot-experiments/target/dspot/tmp_test_sources/com/twilio/http/RequestTest.java:669)
[INFO] 2018-08-07 18:54:58 EntryPoint - Run: java -classpath /tmp/dspot-experiments/dataset/twilio-java/target/test-classes:/tmp/dspot-experiments/dataset/twilio-java/target/classes/:/home/spirals/danglot/.m2/repository/com/google/guava/guava/18.0/guava-18.0.jar:/home/spirals/danglot/.m2/repository/joda-time/joda-time/2.5/joda-time-2.5.jar:/home/spirals/danglot/.m2/repository/io/jsonwebtoken/jjwt/0.4/jjwt-0.4.jar:/home/spirals/danglot/.m2/repository/org/slf4j/slf4j-api/1.7.6/slf4j-api-1.7.6.jar:/home/spirals/danglot/.m2/repository/org/apache/httpcomponents/httpclient/4.5.2/httpclient-4.5.2.jar:/home/spirals/danglot/.m2/repository/commons-logging/commons-logging/1.2/commons-logging-1.2.jar:/home/spirals/danglot/.m2/repository/commons-codec/commons-codec/1.9/commons-codec-1.9.jar:/home/spirals/danglot/.m2/repository/org/apache/httpcomponents/httpcore/4.4.4/httpcore-4.4.4.jar:/home/spirals/danglot/.m2/repository/com/fasterxml/jackson/core/jackson-core/2.8.11/jackson-core-2.8.11.jar:/home/spirals/danglot/.m2/repository/com/fasterxml/jackson/core/jackson-annotations/2.8.11/jackson-annotations-2.8.11.jar:/home/spirals/danglot/.m2/repository/com/fasterxml/jackson/core/jackson-databind/2.8.11/jackson-databind-2.8.11.jar:/home/spirals/danglot/.m2/repository/javax/xml/bind/jaxb-api/2.2/jaxb-api-2.2.jar:/home/spirals/danglot/.m2/repository/javax/xml/stream/stax-api/1.0-2/stax-api-1.0-2.jar:/home/spirals/danglot/.m2/repository/javax/activation/activation/1.1/activation-1.1.jar:/home/spirals/danglot/.m2/repository/org/jmockit/jmockit/1.12/jmockit-1.12.jar:/home/spirals/danglot/.m2/repository/junit/junit/4.11/junit-4.11.jar:/home/spirals/danglot/.m2/repository/org/hamcrest/hamcrest-core/1.3/hamcrest-core-1.3.jar:/tmp/dspot-experiments/target/dspot/dependencies:/tmp/dspot/dspot/target/dspot-1.1.1-SNAPSHOT-jar-with-dependencies.jar eu.stamp_project.testrunner.runner.test.TestRunner com.twilio.http.RequestTest testConstructURL:testConstructURLURISyntaxException:testConstructorWithDomain:testEquals:testGetPassword:testGetUsername:testRequiresAuthentication
File saved to the following path: /tmp/dspot-experiments/dataset/twilio-java/target/dspot/TestListener.ser
[INFO] 2018-08-07 18:54:59 EntryPoint - Test has been run: testGetPassword,testConstructURL,testRequiresAuthentication,testConstructorWithDomain,testGetUsername,testConstructURLURISyntaxException,testEquals
[INFO] 2018-08-07 18:54:59 Amplification - Assertion amplification: 18 test method(s) has been successfully amplified.
[WARN] 2018-08-07 18:54:59 Launcher - You specified the directory /tmp/dspot-experiments/dataset/twilio-java/target/classes in source classpath, please note that only class files will be considered. Jars and subdirectories will be ignored.
[WARN] 2018-08-07 18:54:59 Launcher - You specified the directory /tmp/dspot-experiments/dataset/twilio-java/target/test-classes in source classpath, please note that only class files will be considered. Jars and subdirectories will be ignored.
[WARN] 2018-08-07 18:54:59 Launcher - You specified the directory target/dspot/dependencies in source classpath, please note that only class files will be considered. Jars and subdirectories will be ignored.
[INFO] 2018-08-07 18:55:00 MavenAutomaticBuilder - run maven org.pitest:pitest-maven:1.3.0:mutationCoverage -DwithHistory -DtargetClasses=com.twilio.* -DreportsDirectory=target/pit-reports -DoutputFormats=CSV,HTML -DtimeoutConst=10000 -DjvmArgs=16G -DtargetTests=com.twilio.http.RequestTest -DadditionalClasspathElements=target/dspot/dependencies/ -DmutationEngines=gregor -Dmutators=ALL -DexcludedTestClasses=com.twilio.http.NetworkHttpClientTest,com.twilio.TwilioTest
[WARN] Maven will be executed in interactive mode, but no input stream has been configured for this MavenInvoker instance.
[INFO] Scanning for projects...
[INFO]                                                                         
[INFO] ------------------------------------------------------------------------
[INFO] Building twilio 7.23.1-SNAPSHOT
[INFO] ------------------------------------------------------------------------
[INFO] 
[INFO] --- pitest-maven:1.3.0:mutationCoverage (default-cli) @ twilio ---
[INFO] Found plugin : Default csv report plugin
[INFO] Found plugin : Default xml report plugin
[INFO] Found plugin : Default html report plugin
[INFO] Found plugin : Static initializer code detector plugin
[INFO] Found plugin : Static initializer filter plugin
[INFO] Found plugin : Excluded annotations plugin
[INFO] Found plugin : Inlined finally block filter plugin
[INFO] Found plugin : Try with resources filter
[INFO] Found plugin : Implicit null check filter
[INFO] Found plugin : For each loop filter
[INFO] Found plugin : Logging calls filter
[INFO] Found plugin : Infinite for loop filter
[INFO] Found plugin : Long running iterator loop filter
[INFO] Found plugin : For loop counter filter
[INFO] Found plugin : Kotlin junk mutations filter
[INFO] Found plugin : Max mutations per class limit
[INFO] Found plugin : Equals shortcut equivalent mutant filter
[INFO] Found plugin : Trivial return vals equivalence filter
[INFO] Found plugin : Mutant export plugin
[INFO] Found shared classpath plugin : Default mutation engine
[INFO] Found shared classpath plugin : JUnit plugin
[INFO] Found shared classpath plugin : TestNG plugin
[INFO] Adding org.pitest:pitest to SUT classpath
[INFO] Mutating from /tmp/dspot-experiments/dataset/twilio-java/target/classes
[INFO] Will read and write history at /tmp/com.twilio.sdk.twilio.7.23.1-SNAPSHOT_pitest_history.bin
6:55:04 PM PIT >> INFO : Verbose logging is disabled. If you encounter an problem please enable it before reporting an issue.
6:55:05 PM PIT >> INFO : Sending 1 test classes to minion
6:55:05 PM PIT >> INFO : Sent tests to minion
6:55:05 PM PIT >> INFO : MINION : Security framework of XStream not initialized, XStream is probably vulnerable.

6:55:05 PM PIT >> INFO : MINION : 6:55:05 PM PIT >> INFO : Checking environment

6:55:06 PM PIT >> INFO : MINION : 6:55:06 PM PIT >> INFO : Found  7 tests

6:55:06 PM PIT >> INFO : MINION : 6:55:06 PM PIT >> INFO : Dependency analysis reduced number of potential tests by 0

6:55:06 PM PIT >> INFO : MINION : 6:55:06 PM PIT >> INFO : 7 tests received

6:55:06 PM PIT >> INFO : MINION : 6:55:06 PM PIT >> SEVERE : Description [testClass=com.twilio.http.RequestTest, name=testConstructURL(com.twilio.http.RequestTest)]
java.lang.AssertionError: expected:<2147272640> but was:<-1892916021>
	at com.twilio.http.RequestTest.testConstructURL(Reques
6:55:06 PM PIT >> INFO : MINION : tTest.java:38)
	at sun.reflect.NativeMethodAccessorImpl.invoke0(Native Method)
	at java.lang.reflect.Method.invoke(Method.java:498)

Security framework of XStream not initialized, XStream is probably vulnerable.
6:55:06 PM PIT >> SEVERE : Description [testClass=com.twilio.http.RequestTest, name=testConstructURL(com.twilio.http.RequestTest)] did not pass without mutation.
6:55:06 PM PIT >> INFO : Calculated coverage in 1 seconds.
/-\|/-\[INFO] ------------------------------------------------------------------------
[INFO] BUILD FAILURE
[INFO] ------------------------------------------------------------------------
[INFO] Total time: 4.643 s
[INFO] Finished at: 2018-08-07T18:55:06+02:00
[INFO] Final Memory: 15M/269M
[INFO] ------------------------------------------------------------------------
[ERROR] Failed to execute goal org.pitest:pitest-maven:1.3.0:mutationCoverage (default-cli) on project twilio: Execution default-cli of goal org.pitest:pitest-maven:1.3.0:mutationCoverage failed: All tests did not pass without mutation when calculating line coverage. Mutation testing requires a green suite.
[ERROR] See http://pitest.org for more details.
[ERROR] -> [Help 1]
[ERROR] 
[ERROR] To see the full stack trace of the errors, re-run Maven with the -e switch.
[ERROR] Re-run Maven using the -X switch to enable full debug logging.
[ERROR] 
[ERROR] For more information about the errors and possible solutions, please read the following articles:
[ERROR] [Help 1] http://cwiki.apache.org/confluence/display/MAVEN/PluginExecutionException
Exception in thread "main" java.lang.RuntimeException: java.lang.RuntimeException: Maven build failed! Enable verbose mode for more information (--verbose)
	at eu.stamp_project.automaticbuilder.MavenAutomaticBuilder.runPit(MavenAutomaticBuilder.java:182)
	at eu.stamp_project.dspot.selector.PitMutantScoreSelector.selectToKeep(PitMutantScoreSelector.java:117)
	at eu.stamp_project.dspot.Amplification.amplification(Amplification.java:85)
	at eu.stamp_project.dspot.DSpot.amplifyTest(DSpot.java:179)
	at eu.stamp_project.dspot.DSpot.amplifyTest(DSpot.java:169)
	at eu.stamp_project.Main.lambda$run$1(Main.java:69)
	at java.util.stream.ReferencePipeline$3$1.accept(ReferencePipeline.java:193)
	at java.util.Spliterators$ArraySpliterator.forEachRemaining(Spliterators.java:948)
	at java.util.stream.AbstractPipeline.copyInto(AbstractPipeline.java:481)
	at java.util.stream.AbstractPipeline.wrapAndCopyInto(AbstractPipeline.java:471)
	at java.util.stream.ReduceOps$ReduceOp.evaluateSequential(ReduceOps.java:708)
	at java.util.stream.AbstractPipeline.evaluate(AbstractPipeline.java:234)
	at java.util.stream.ReferencePipeline.collect(ReferencePipeline.java:499)
	at eu.stamp_project.Main.run(Main.java:71)
	at eu.stamp_project.Main.main(Main.java:40)
Caused by: java.lang.RuntimeException: Maven build failed! Enable verbose mode for more information (--verbose)
	at eu.stamp_project.automaticbuilder.MavenAutomaticBuilder.runPit(MavenAutomaticBuilder.java:179)
	... 14 more
