[INFO] 2018-08-13 16:42:03 PitMutantScoreSelector - The original test suite kill 166 / 17742
[WARN] 2018-08-13 16:42:03 AutomaticBuilderFactory - automaticBuilderName: unknown automatic builder specified in configuration, going to default.
[INFO] 2018-08-13 16:42:03 AutomaticBuilderFactory - Default: provided Maven automatic builder.
[INFO] 2018-08-13 16:42:03 MavenAutomaticBuilder - run maven clean test -DskipTests dependency:build-classpath -Dmdep.outputFile=target/dspot/classpath
[WARN] Maven will be executed in interactive mode, but no input stream has been configured for this MavenInvoker instance.
[INFO] Scanning for projects...
[INFO]                                                                         
[INFO] ------------------------------------------------------------------------
[INFO] Building Logback Core Module 1.3.0-SNAPSHOT
[INFO] ------------------------------------------------------------------------
[INFO] 
[INFO] --- maven-clean-plugin:3.0.0:clean (default-clean) @ logback-core ---
[INFO] Deleting /tmp/dspot-experiments/dataset/logback/logback-core/target
[INFO] 
[INFO] --- maven-resources-plugin:3.0.1:resources (default-resources) @ logback-core ---
[INFO] Using 'UTF-8' encoding to copy filtered resources.
[INFO] skip non existing resourceDirectory /tmp/dspot-experiments/dataset/logback/logback-core/src/main/resources
[INFO] 
[INFO] --- maven-compiler-plugin:3.6.0:compile (default-compile) @ logback-core ---
[INFO] Changes detected - recompiling the module!
[INFO] Compiling 326 source files to /tmp/dspot-experiments/dataset/logback/logback-core/target/classes
[INFO] /tmp/dspot-experiments/dataset/logback/logback-core/src/main/java/ch/qos/logback/core/ContextBase.java: Some input files use or override a deprecated API.
[INFO] /tmp/dspot-experiments/dataset/logback/logback-core/src/main/java/ch/qos/logback/core/ContextBase.java: Recompile with -Xlint:deprecation for details.
[INFO] /tmp/dspot-experiments/dataset/logback/logback-core/src/main/java/ch/qos/logback/core/helpers/CyclicBuffer.java: Some input files use unchecked or unsafe operations.
[INFO] /tmp/dspot-experiments/dataset/logback/logback-core/src/main/java/ch/qos/logback/core/helpers/CyclicBuffer.java: Recompile with -Xlint:unchecked for details.
[INFO] 
[INFO] >>> maven-bundle-plugin:2.5.4:manifest (bundle-manifest) > process-classes @ logback-core >>>
[INFO] 
[INFO] --- maven-resources-plugin:3.0.1:resources (default-resources) @ logback-core ---
[INFO] Using 'UTF-8' encoding to copy filtered resources.
[INFO] skip non existing resourceDirectory /tmp/dspot-experiments/dataset/logback/logback-core/src/main/resources
[INFO] 
[INFO] --- maven-compiler-plugin:3.6.0:compile (default-compile) @ logback-core ---
[INFO] Nothing to compile - all classes are up to date
[INFO] 
[INFO] <<< maven-bundle-plugin:2.5.4:manifest (bundle-manifest) < process-classes @ logback-core <<<
[INFO] 
[INFO] --- maven-bundle-plugin:2.5.4:manifest (bundle-manifest) @ logback-core ---
[INFO] 
[INFO] --- maven-resources-plugin:3.0.1:testResources (default-testResources) @ logback-core ---
[INFO] Using 'UTF-8' encoding to copy filtered resources.
[INFO] Copying 9 resources
[INFO] 
[INFO] --- maven-compiler-plugin:3.6.0:testCompile (default-testCompile) @ logback-core ---
[INFO] Changes detected - recompiling the module!
[INFO] Compiling 225 source files to /tmp/dspot-experiments/dataset/logback/logback-core/target/test-classes
[INFO] /tmp/dspot-experiments/dataset/logback/logback-core/src/test/java/ch/qos/logback/core/net/AbstractSocketAppenderIntegrationTest.java: /tmp/dspot-experiments/dataset/logback/logback-core/src/test/java/ch/qos/logback/core/net/AbstractSocketAppenderIntegrationTest.java uses or overrides a deprecated API.
[INFO] /tmp/dspot-experiments/dataset/logback/logback-core/src/test/java/ch/qos/logback/core/net/AbstractSocketAppenderIntegrationTest.java: Recompile with -Xlint:deprecation for details.
[INFO] /tmp/dspot-experiments/dataset/logback/logback-core/src/test/java/ch/qos/logback/core/spi/CyclicBufferTrackerT.java: Some input files use unchecked or unsafe operations.
[INFO] /tmp/dspot-experiments/dataset/logback/logback-core/src/test/java/ch/qos/logback/core/spi/CyclicBufferTrackerT.java: Recompile with -Xlint:unchecked for details.
[INFO] 
[INFO] --- maven-surefire-plugin:2.19.1:test (default-test) @ logback-core ---
[INFO] Tests are skipped.
[INFO] 
[INFO] --- maven-dependency-plugin:2.10:build-classpath (default-cli) @ logback-core ---
[INFO] Wrote classpath file '/tmp/dspot-experiments/dataset/logback/logback-core/target/dspot/classpath'.
[INFO] ------------------------------------------------------------------------
[INFO] BUILD SUCCESS
[INFO] ------------------------------------------------------------------------
[INFO] Total time: 9.692 s
[INFO] Finished at: 2018-08-13T16:42:14+02:00
[INFO] Final Memory: 38M/566M
[INFO] ------------------------------------------------------------------------
[INFO] 2018-08-13 16:42:20 Amplification - Amplification of ch.qos.logback.core.net.SyslogAppenderBaseTest (1 test(s))
[INFO] 2018-08-13 16:42:20 Amplification - Assertion amplification of ch.qos.logback.core.net.SyslogAppenderBaseTest (1 test(s))
[INFO] 2018-08-13 16:42:20 EntryPoint - Run: java -classpath /tmp/dspot-experiments/dataset/logback/logback-core/target/test-classes:/tmp/dspot-experiments/dataset/logback/logback-core/target/classes/:/home/spirals/danglot/.m2/repository/org/codehaus/janino/janino/3.0.6/janino-3.0.6.jar:/home/spirals/danglot/.m2/repository/org/codehaus/janino/commons-compiler/3.0.6/commons-compiler-3.0.6.jar:/home/spirals/danglot/.m2/repository/org/fusesource/jansi/jansi/1.9/jansi-1.9.jar:/home/spirals/danglot/.m2/repository/javax/mail/mail/1.4/mail-1.4.jar:/home/spirals/danglot/.m2/repository/javax/activation/activation/1.1/activation-1.1.jar:/home/spirals/danglot/.m2/repository/org/mockito/mockito-core/2.7.9/mockito-core-2.7.9.jar:/home/spirals/danglot/.m2/repository/net/bytebuddy/byte-buddy/1.6.5/byte-buddy-1.6.5.jar:/home/spirals/danglot/.m2/repository/net/bytebuddy/byte-buddy-agent/1.6.5/byte-buddy-agent-1.6.5.jar:/home/spirals/danglot/.m2/repository/org/objenesis/objenesis/2.5/objenesis-2.5.jar:/home/spirals/danglot/.m2/repository/javax/servlet/javax.servlet-api/3.1.0/javax.servlet-api-3.1.0.jar:/home/spirals/danglot/.m2/repository/joda-time/joda-time/2.9.2/joda-time-2.9.2.jar:/home/spirals/danglot/.m2/repository/junit/junit/4.10/junit-4.10.jar:/home/spirals/danglot/.m2/repository/org/hamcrest/hamcrest-core/1.1/hamcrest-core-1.1.jar:/home/spirals/danglot/.m2/repository/org/assertj/assertj-core/1.7.1/assertj-core-1.7.1.jar:/tmp/dspot-experiments/target/dspot/dependencies:/tmp/dspot/dspot/target/dspot-1.1.1-SNAPSHOT-jar-with-dependencies.jar eu.stamp_project.testrunner.runner.test.TestRunner ch.qos.logback.core.net.SyslogAppenderBaseTest testFacilityStringToint
File saved to the following path: /tmp/dspot-experiments/dataset/logback/logback-core/target/dspot/TestListener.ser
[INFO] 2018-08-13 16:42:21 EntryPoint - Test has been run: testFacilityStringToint
[INFO] 2018-08-13 16:42:21 AssertGenerator - Run tests. (1)
[INFO] 2018-08-13 16:42:21 EntryPoint - Run: java -classpath /tmp/dspot-experiments/dataset/logback/logback-core/target/test-classes:/tmp/dspot-experiments/dataset/logback/logback-core/target/classes/:/home/spirals/danglot/.m2/repository/org/codehaus/janino/janino/3.0.6/janino-3.0.6.jar:/home/spirals/danglot/.m2/repository/org/codehaus/janino/commons-compiler/3.0.6/commons-compiler-3.0.6.jar:/home/spirals/danglot/.m2/repository/org/fusesource/jansi/jansi/1.9/jansi-1.9.jar:/home/spirals/danglot/.m2/repository/javax/mail/mail/1.4/mail-1.4.jar:/home/spirals/danglot/.m2/repository/javax/activation/activation/1.1/activation-1.1.jar:/home/spirals/danglot/.m2/repository/org/mockito/mockito-core/2.7.9/mockito-core-2.7.9.jar:/home/spirals/danglot/.m2/repository/net/bytebuddy/byte-buddy/1.6.5/byte-buddy-1.6.5.jar:/home/spirals/danglot/.m2/repository/net/bytebuddy/byte-buddy-agent/1.6.5/byte-buddy-agent-1.6.5.jar:/home/spirals/danglot/.m2/repository/org/objenesis/objenesis/2.5/objenesis-2.5.jar:/home/spirals/danglot/.m2/repository/javax/servlet/javax.servlet-api/3.1.0/javax.servlet-api-3.1.0.jar:/home/spirals/danglot/.m2/repository/joda-time/joda-time/2.9.2/joda-time-2.9.2.jar:/home/spirals/danglot/.m2/repository/junit/junit/4.10/junit-4.10.jar:/home/spirals/danglot/.m2/repository/org/hamcrest/hamcrest-core/1.1/hamcrest-core-1.1.jar:/home/spirals/danglot/.m2/repository/org/assertj/assertj-core/1.7.1/assertj-core-1.7.1.jar:/tmp/dspot-experiments/target/dspot/dependencies:/tmp/dspot/dspot/target/dspot-1.1.1-SNAPSHOT-jar-with-dependencies.jar eu.stamp_project.testrunner.runner.test.TestRunner ch.qos.logback.core.net.SyslogAppenderBaseTest testFacilityStringToint
File saved to the following path: /tmp/dspot-experiments/dataset/logback/logback-core/target/dspot/TestListener.ser
[INFO] 2018-08-13 16:42:21 EntryPoint - Test has been run: testFacilityStringToint
[INFO] 2018-08-13 16:42:21 AssertGenerator - 1 test pass, generating assertion...
[INFO] 2018-08-13 16:42:21 MethodsAssertGenerator - Add observations points in passing tests.
[INFO] 2018-08-13 16:42:21 MethodsAssertGenerator - Instrumentation...
100% |================================================== ]/
[INFO] 2018-08-13 16:42:21 MethodsAssertGenerator - Run instrumented tests. (3)
[INFO] 2018-08-13 16:42:21 EntryPoint - Run: java -classpath /tmp/dspot-experiments/dataset/logback/logback-core/target/test-classes:/tmp/dspot-experiments/dataset/logback/logback-core/target/classes/:/home/spirals/danglot/.m2/repository/org/codehaus/janino/janino/3.0.6/janino-3.0.6.jar:/home/spirals/danglot/.m2/repository/org/codehaus/janino/commons-compiler/3.0.6/commons-compiler-3.0.6.jar:/home/spirals/danglot/.m2/repository/org/fusesource/jansi/jansi/1.9/jansi-1.9.jar:/home/spirals/danglot/.m2/repository/javax/mail/mail/1.4/mail-1.4.jar:/home/spirals/danglot/.m2/repository/javax/activation/activation/1.1/activation-1.1.jar:/home/spirals/danglot/.m2/repository/org/mockito/mockito-core/2.7.9/mockito-core-2.7.9.jar:/home/spirals/danglot/.m2/repository/net/bytebuddy/byte-buddy/1.6.5/byte-buddy-1.6.5.jar:/home/spirals/danglot/.m2/repository/net/bytebuddy/byte-buddy-agent/1.6.5/byte-buddy-agent-1.6.5.jar:/home/spirals/danglot/.m2/repository/org/objenesis/objenesis/2.5/objenesis-2.5.jar:/home/spirals/danglot/.m2/repository/javax/servlet/javax.servlet-api/3.1.0/javax.servlet-api-3.1.0.jar:/home/spirals/danglot/.m2/repository/joda-time/joda-time/2.9.2/joda-time-2.9.2.jar:/home/spirals/danglot/.m2/repository/junit/junit/4.10/junit-4.10.jar:/home/spirals/danglot/.m2/repository/org/hamcrest/hamcrest-core/1.1/hamcrest-core-1.1.jar:/home/spirals/danglot/.m2/repository/org/assertj/assertj-core/1.7.1/assertj-core-1.7.1.jar:/tmp/dspot-experiments/target/dspot/dependencies:/tmp/dspot/dspot/target/dspot-1.1.1-SNAPSHOT-jar-with-dependencies.jar eu.stamp_project.testrunner.runner.test.TestRunner ch.qos.logback.core.net.SyslogAppenderBaseTest testFacilityStringToint_withlog0:testFacilityStringToint_withlog1:testFacilityStringToint_withlog2
File saved to the following path: /tmp/dspot-experiments/dataset/logback/logback-core/target/dspot/observations.ser
File saved to the following path: /tmp/dspot-experiments/dataset/logback/logback-core/target/dspot/TestListener.ser
[INFO] 2018-08-13 16:42:22 EntryPoint - Test has been run: testFacilityStringToint_withlog1,testFacilityStringToint_withlog2,testFacilityStringToint_withlog0
[INFO] 2018-08-13 16:42:22 MethodsAssertGenerator - Generating assertions...
[INFO] 2018-08-13 16:42:22 AssertGenerator - 1 new tests with assertions generated
[INFO] 2018-08-13 16:42:22 EntryPoint - Run: java -classpath /tmp/dspot-experiments/dataset/logback/logback-core/target/test-classes:/tmp/dspot-experiments/dataset/logback/logback-core/target/classes/:/home/spirals/danglot/.m2/repository/org/codehaus/janino/janino/3.0.6/janino-3.0.6.jar:/home/spirals/danglot/.m2/repository/org/codehaus/janino/commons-compiler/3.0.6/commons-compiler-3.0.6.jar:/home/spirals/danglot/.m2/repository/org/fusesource/jansi/jansi/1.9/jansi-1.9.jar:/home/spirals/danglot/.m2/repository/javax/mail/mail/1.4/mail-1.4.jar:/home/spirals/danglot/.m2/repository/javax/activation/activation/1.1/activation-1.1.jar:/home/spirals/danglot/.m2/repository/org/mockito/mockito-core/2.7.9/mockito-core-2.7.9.jar:/home/spirals/danglot/.m2/repository/net/bytebuddy/byte-buddy/1.6.5/byte-buddy-1.6.5.jar:/home/spirals/danglot/.m2/repository/net/bytebuddy/byte-buddy-agent/1.6.5/byte-buddy-agent-1.6.5.jar:/home/spirals/danglot/.m2/repository/org/objenesis/objenesis/2.5/objenesis-2.5.jar:/home/spirals/danglot/.m2/repository/javax/servlet/javax.servlet-api/3.1.0/javax.servlet-api-3.1.0.jar:/home/spirals/danglot/.m2/repository/joda-time/joda-time/2.9.2/joda-time-2.9.2.jar:/home/spirals/danglot/.m2/repository/junit/junit/4.10/junit-4.10.jar:/home/spirals/danglot/.m2/repository/org/hamcrest/hamcrest-core/1.1/hamcrest-core-1.1.jar:/home/spirals/danglot/.m2/repository/org/assertj/assertj-core/1.7.1/assertj-core-1.7.1.jar:/tmp/dspot-experiments/target/dspot/dependencies:/tmp/dspot/dspot/target/dspot-1.1.1-SNAPSHOT-jar-with-dependencies.jar eu.stamp_project.testrunner.runner.test.TestRunner ch.qos.logback.core.net.SyslogAppenderBaseTest testFacilityStringToint
File saved to the following path: /tmp/dspot-experiments/dataset/logback/logback-core/target/dspot/TestListener.ser
[INFO] 2018-08-13 16:42:22 EntryPoint - Test has been run: testFacilityStringToint
[INFO] 2018-08-13 16:42:22 Amplification - Assertion amplification: 1 test method(s) has been successfully amplified.
[WARN] 2018-08-13 16:42:23 Launcher - You specified the directory /tmp/dspot-experiments/dataset/logback/logback-core/target/classes in source classpath, please note that only class files will be considered. Jars and subdirectories will be ignored.
[WARN] 2018-08-13 16:42:23 Launcher - You specified the directory /tmp/dspot-experiments/dataset/logback/logback-core/target/test-classes in source classpath, please note that only class files will be considered. Jars and subdirectories will be ignored.
[WARN] 2018-08-13 16:42:23 Launcher - You specified the directory target/dspot/dependencies in source classpath, please note that only class files will be considered. Jars and subdirectories will be ignored.
[INFO] 2018-08-13 16:42:23 MavenAutomaticBuilder - run maven org.pitest:pitest-maven:1.4.0:mutationCoverage -DwithHistory -DtargetClasses=ch.qos.logback.core.* -DreportsDirectory=target/pit-reports -DoutputFormats=CSV,HTML -DtimeoutConst=10000 -DjvmArgs=16G -DtargetTests=ch.qos.logback.core.net.SyslogAppenderBaseTest -DadditionalClasspathElements=target/dspot/dependencies/ -DmutationEngines=gregor -Dmutators=ALL 
[WARN] Maven will be executed in interactive mode, but no input stream has been configured for this MavenInvoker instance.
[INFO] Scanning for projects...
[INFO]                                                                         
[INFO] ------------------------------------------------------------------------
[INFO] Building Logback Core Module 1.3.0-SNAPSHOT
[INFO] ------------------------------------------------------------------------
[INFO] 
[INFO] --- pitest-maven:1.4.0:mutationCoverage (default-cli) @ logback-core ---
[INFO] Found plugin : Default csv report plugin
[INFO] Found plugin : Default xml report plugin
[INFO] Found plugin : Default html report plugin
[INFO] Found plugin : Static initializer code detector plugin
[INFO] Found plugin : Static initializer filter plugin
[INFO] Found plugin : Excluded annotations plugin
[INFO] Found plugin : Inlined finally block filter plugin
[INFO] Found plugin : Try with resources filter
[INFO] Found plugin : Implicit null check filter
[INFO] Found plugin : For each loop filter
[INFO] Found plugin : Logging calls filter
[INFO] Found plugin : Infinite for loop filter
[INFO] Found plugin : Long running iterator loop filter
[INFO] Found plugin : For loop counter filter
[INFO] Found plugin : Kotlin junk mutations filter
[INFO] Found plugin : Max mutations per class limit
[INFO] Found plugin : Equals shortcut equivalent mutant filter
[INFO] Found plugin : Trivial return vals equivalence filter
[INFO] Found plugin : Mutant export plugin
[INFO] Found shared classpath plugin : Default mutation engine
[INFO] Found shared classpath plugin : JUnit plugin
[INFO] Found shared classpath plugin : TestNG plugin
[INFO] Adding org.pitest:pitest to SUT classpath
[INFO] Mutating from /tmp/dspot-experiments/dataset/logback/logback-core/target/classes
[INFO] Will read and write history at /tmp/ch.qos.logback.logback-core.1.3.0-SNAPSHOT_pitest_history.bin
4:42:27 PM PIT >> INFO : Verbose logging is disabled. If you encounter an problem please enable it before reporting an issue.
4:42:27 PM PIT >> INFO : Sending 1 test classes to minion
4:42:27 PM PIT >> INFO : Sent tests to minion
4:42:28 PM PIT >> INFO : MINION : 4:42:27 PM PIT >> INFO : Checking environment

4:42:28 PM PIT >> INFO : MINION : 4:42:28 PM PIT >> INFO : Found  1 tests

4:42:28 PM PIT >> INFO : MINION : 4:42:28 PM PIT >> INFO : Dependency analysis reduced number of potential tests by 0

4:42:28 PM PIT >> INFO : MINION : 4:42:28 PM PIT >> INFO : 1 tests received

4:42:28 PM PIT >> INFO : Calculated coverage in 0 seconds.
4:42:31 PM PIT >> WARNING : Found more than one mutation similar on same line in a finally block. Can't correct for inlining.
4:42:31 PM PIT >> WARNING : Found more than one mutation similar on same line in a finally block. Can't correct for inlining.
4:42:31 PM PIT >> WARNING : Found more than one mutation similar on same line in a finally block. Can't correct for inlining.
4:42:32 PM PIT >> WARNING : Found more than one mutation similar on same line in a finally block. Can't correct for inlining.
4:42:32 PM PIT >> WARNING : Found more than one mutation similar on same line in a finally block. Can't correct for inlining.
4:42:32 PM PIT >> WARNING : Found more than one mutation similar on same line in a finally block. Can't correct for inlining.
4:42:32 PM PIT >> WARNING : Found more than one mutation similar on same line in a finally block. Can't correct for inlining.
4:42:33 PM PIT >> WARNING : Found more than one mutation similar on same line in a finally block. Can't correct for inlining.
4:42:33 PM PIT >> WARNING : Found more than one mutation similar on same line in a finally block. Can't correct for inlining.
4:42:34 PM PIT >> INFO : Created  280 mutation test units
4:42:41 PM PIT >> INFO : Completed in 14 seconds
//-\|/-\|/-\|/-\|/-\|/-\|/-\|/-\|/-\|/-\|/-\|/-\|/-\|/-\|/-\|/-\|/-\|/-\|/-\|/-\|/-\|/-\|/-\|/-\|/-\|/-\|/-\|/-\|/-\|/-\|/-\|/-\|/-\|/-\|/-\|/-\|/-\|/-\|/-\|/-\|/-\|/-\|/-\|/-\|/-\|/-\|/-\|/-\|/-\|/-\|/-\|/-\|/-\|/-\|/-\|/-\|/-\|/-\|/-\|/-\|/-\|/-\|/-\|/-\|/-\|/-\|/-\|/-\|/-\|/-\|/-\|/================================================================================
- Timings
================================================================================
> scan classpath : < 1 second
> coverage and dependency analysis : < 1 second
> build mutation tests : 3 seconds
> run mutation analysis : 7 seconds
--------------------------------------------------------------------------------
> Total  : 11 seconds
--------------------------------------------------------------------------------
================================================================================
- Statistics
================================================================================
>> Generated 17742 mutations Killed 183 (1%)
>> Ran 167 tests (0.01 tests per mutation)
================================================================================
- Mutators
================================================================================
> org.pitest.mutationtest.engine.gregor.mutators.VoidMethodCallMutator
>> Generated 1287 Killed 0 (0%)
> KILLED 0 SURVIVED 0 TIMED_OUT 0 NON_VIABLE 0 
> MEMORY_ERROR 0 NOT_STARTED 0 STARTED 0 RUN_ERROR 0 
> NO_COVERAGE 1287 
--------------------------------------------------------------------------------
> org.pitest.mutationtest.engine.gregor.mutators.RemoveConditionalMutator_EQUAL_ELSE
>> Generated 1177 Killed 24 (2%)
> KILLED 24 SURVIVED 0 TIMED_OUT 0 NON_VIABLE 0 
> MEMORY_ERROR 0 NOT_STARTED 0 STARTED 0 RUN_ERROR 0 
> NO_COVERAGE 1153 
--------------------------------------------------------------------------------
> org.pitest.mutationtest.engine.gregor.mutators.PrimitiveReturnsMutator
>> Generated 130 Killed 23 (18%)
> KILLED 23 SURVIVED 0 TIMED_OUT 0 NON_VIABLE 0 
> MEMORY_ERROR 0 NOT_STARTED 0 STARTED 0 RUN_ERROR 0 
> NO_COVERAGE 107 
--------------------------------------------------------------------------------
> org.pitest.mutationtest.engine.gregor.mutators.experimental.RemoveSwitchMutator_74
>> Generated 1 Killed 0 (0%)
> KILLED 0 SURVIVED 0 TIMED_OUT 0 NON_VIABLE 0 
> MEMORY_ERROR 0 NOT_STARTED 0 STARTED 0 RUN_ERROR 0 
> NO_COVERAGE 1 
--------------------------------------------------------------------------------
> org.pitest.mutationtest.engine.gregor.mutators.experimental.RemoveSwitchMutator_73
>> Generated 1 Killed 0 (0%)
> KILLED 0 SURVIVED 0 TIMED_OUT 0 NON_VIABLE 0 
> MEMORY_ERROR 0 NOT_STARTED 0 STARTED 0 RUN_ERROR 0 
> NO_COVERAGE 1 
--------------------------------------------------------------------------------
> org.pitest.mutationtest.engine.gregor.mutators.IncrementsMutator
>> Generated 55 Killed 1 (2%)
> KILLED 0 SURVIVED 0 TIMED_OUT 1 NON_VIABLE 0 
> MEMORY_ERROR 0 NOT_STARTED 0 STARTED 0 RUN_ERROR 0 
> NO_COVERAGE 54 
--------------------------------------------------------------------------------
> org.pitest.mutationtest.engine.gregor.mutators.experimental.RemoveIncrementsMutator
>> Generated 33 Killed 1 (3%)
> KILLED 0 SURVIVED 0 TIMED_OUT 1 NON_VIABLE 0 
> MEMORY_ERROR 0 NOT_STARTED 0 STARTED 0 RUN_ERROR 0 
> NO_COVERAGE 32 
--------------------------------------------------------------------------------
> org.pitest.mutationtest.engine.gregor.mutators.ConditionalsBoundaryMutator
>> Generated 159 Killed 0 (0%)
> KILLED 0 SURVIVED 0 TIMED_OUT 0 NON_VIABLE 0 
> MEMORY_ERROR 0 NOT_STARTED 0 STARTED 0 RUN_ERROR 0 
> NO_COVERAGE 159 
--------------------------------------------------------------------------------
> org.pitest.mutationtest.engine.gregor.mutators.experimental.RemoveSwitchMutator_72
>> Generated 1 Killed 0 (0%)
> KILLED 0 SURVIVED 0 TIMED_OUT 0 NON_VIABLE 0 
> MEMORY_ERROR 0 NOT_STARTED 0 STARTED 0 RUN_ERROR 0 
> NO_COVERAGE 1 
--------------------------------------------------------------------------------
> org.pitest.mutationtest.engine.gregor.mutators.experimental.RemoveSwitchMutator_71
>> Generated 1 Killed 0 (0%)
> KILLED 0 SURVIVED 0 TIMED_OUT 0 NON_VIABLE 0 
> MEMORY_ERROR 0 NOT_STARTED 0 STARTED 0 RUN_ERROR 0 
> NO_COVERAGE 1 
--------------------------------------------------------------------------------
> org.pitest.mutationtest.engine.gregor.mutators.experimental.RemoveSwitchMutator_70
>> Generated 1 Killed 0 (0%)
> KILLED 0 SURVIVED 0 TIMED_OUT 0 NON_VIABLE 0 
> MEMORY_ERROR 0 NOT_STARTED 0 STARTED 0 RUN_ERROR 0 
> NO_COVERAGE 1 
--------------------------------------------------------------------------------
> org.pitest.mutationtest.engine.gregor.mutators.ConstructorCallMutator
>> Generated 971 Killed 0 (0%)
> KILLED 0 SURVIVED 0 TIMED_OUT 0 NON_VIABLE 0 
> MEMORY_ERROR 0 NOT_STARTED 0 STARTED 0 RUN_ERROR 0 
> NO_COVERAGE 971 
--------------------------------------------------------------------------------
> org.pitest.mutationtest.engine.gregor.mutators.experimental.RemoveSwitchMutator_79
>> Generated 1 Killed 0 (0%)
> KILLED 0 SURVIVED 0 TIMED_OUT 0 NON_VIABLE 0 
> MEMORY_ERROR 0 NOT_STARTED 0 STARTED 0 RUN_ERROR 0 
> NO_COVERAGE 1 
--------------------------------------------------------------------------------
> org.pitest.mutationtest.engine.gregor.mutators.experimental.RemoveSwitchMutator_78
>> Generated 1 Killed 0 (0%)
> KILLED 0 SURVIVED 0 TIMED_OUT 0 NON_VIABLE 0 
> MEMORY_ERROR 0 NOT_STARTED 0 STARTED 0 RUN_ERROR 0 
> NO_COVERAGE 1 
--------------------------------------------------------------------------------
> org.pitest.mutationtest.engine.gregor.mutators.experimental.RemoveSwitchMutator_77
>> Generated 1 Killed 0 (0%)
> KILLED 0 SURVIVED 0 TIMED_OUT 0 NON_VIABLE 0 
> MEMORY_ERROR 0 NOT_STARTED 0 STARTED 0 RUN_ERROR 0 
> NO_COVERAGE 1 
--------------------------------------------------------------------------------
> org.pitest.mutationtest.engine.gregor.mutators.experimental.RemoveSwitchMutator_76
>> Generated 1 Killed 0 (0%)
> KILLED 0 SURVIVED 0 TIMED_OUT 0 NON_VIABLE 0 
> MEMORY_ERROR 0 NOT_STARTED 0 STARTED 0 RUN_ERROR 0 
> NO_COVERAGE 1 
--------------------------------------------------------------------------------
> org.pitest.mutationtest.engine.gregor.mutators.RemoveConditionalMutator_EQUAL_IF
>> Generated 1186 Killed 23 (2%)
> KILLED 23 SURVIVED 1 TIMED_OUT 0 NON_VIABLE 0 
> MEMORY_ERROR 0 NOT_STARTED 0 STARTED 0 RUN_ERROR 0 
> NO_COVERAGE 1162 
--------------------------------------------------------------------------------
> org.pitest.mutationtest.engine.gregor.mutators.experimental.RemoveSwitchMutator_75
>> Generated 1 Killed 0 (0%)
> KILLED 0 SURVIVED 0 TIMED_OUT 0 NON_VIABLE 0 
> MEMORY_ERROR 0 NOT_STARTED 0 STARTED 0 RUN_ERROR 0 
> NO_COVERAGE 1 
--------------------------------------------------------------------------------
> org.pitest.mutationtest.engine.gregor.mutators.RemoveConditionalMutator_ORDER_ELSE
>> Generated 159 Killed 0 (0%)
> KILLED 0 SURVIVED 0 TIMED_OUT 0 NON_VIABLE 0 
> MEMORY_ERROR 0 NOT_STARTED 0 STARTED 0 RUN_ERROR 0 
> NO_COVERAGE 159 
--------------------------------------------------------------------------------
> org.pitest.mutationtest.engine.gregor.mutators.experimental.MemberVariableMutator
>> Generated 924 Killed 2 (0%)
> KILLED 0 SURVIVED 0 TIMED_OUT 2 NON_VIABLE 0 
> MEMORY_ERROR 0 NOT_STARTED 0 STARTED 0 RUN_ERROR 0 
> NO_COVERAGE 922 
--------------------------------------------------------------------------------
> org.pitest.mutationtest.engine.gregor.mutators.experimental.RemoveSwitchMutator_63
>> Generated 1 Killed 0 (0%)
> KILLED 0 SURVIVED 0 TIMED_OUT 0 NON_VIABLE 0 
> MEMORY_ERROR 0 NOT_STARTED 0 STARTED 0 RUN_ERROR 0 
> NO_COVERAGE 1 
--------------------------------------------------------------------------------
> org.pitest.mutationtest.engine.gregor.mutators.EmptyObjectReturnValsMutator
>> Generated 358 Killed 0 (0%)
> KILLED 0 SURVIVED 0 TIMED_OUT 0 NON_VIABLE 0 
> MEMORY_ERROR 0 NOT_STARTED 0 STARTED 0 RUN_ERROR 0 
> NO_COVERAGE 358 
--------------------------------------------------------------------------------
> org.pitest.mutationtest.engine.gregor.mutators.experimental.RemoveSwitchMutator_62
>> Generated 1 Killed 0 (0%)
> KILLED 0 SURVIVED 0 TIMED_OUT 0 NON_VIABLE 0 
> MEMORY_ERROR 0 NOT_STARTED 0 STARTED 0 RUN_ERROR 0 
> NO_COVERAGE 1 
--------------------------------------------------------------------------------
> org.pitest.mutationtest.engine.gregor.mutators.experimental.RemoveSwitchMutator_61
>> Generated 1 Killed 0 (0%)
> KILLED 0 SURVIVED 0 TIMED_OUT 0 NON_VIABLE 0 
> MEMORY_ERROR 0 NOT_STARTED 0 STARTED 0 RUN_ERROR 0 
> NO_COVERAGE 1 
--------------------------------------------------------------------------------
> org.pitest.mutationtest.engine.gregor.mutators.experimental.RemoveSwitchMutator_60
>> Generated 1 Killed 0 (0%)
> KILLED 0 SURVIVED 0 TIMED_OUT 0 NON_VIABLE 0 
> MEMORY_ERROR 0 NOT_STARTED 0 STARTED 0 RUN_ERROR 0 
> NO_COVERAGE 1 
--------------------------------------------------------------------------------
> org.pitest.mutationtest.engine.gregor.mutators.ArgumentPropagationMutator
>> Generated 261 Killed 0 (0%)
> KILLED 0 SURVIVED 0 TIMED_OUT 0 NON_VIABLE 0 
> MEMORY_ERROR 0 NOT_STARTED 0 STARTED 0 RUN_ERROR 0 
> NO_COVERAGE 261 
--------------------------------------------------------------------------------
> org.pitest.mutationtest.engine.gregor.mutators.experimental.RemoveSwitchMutator_69
>> Generated 1 Killed 0 (0%)
> KILLED 0 SURVIVED 0 TIMED_OUT 0 NON_VIABLE 0 
> MEMORY_ERROR 0 NOT_STARTED 0 STARTED 0 RUN_ERROR 0 
> NO_COVERAGE 1 
--------------------------------------------------------------------------------
> org.pitest.mutationtest.engine.gregor.mutators.BooleanFalseReturnValsMutator
>> Generated 202 Killed 0 (0%)
> KILLED 0 SURVIVED 0 TIMED_OUT 0 NON_VIABLE 0 
> MEMORY_ERROR 0 NOT_STARTED 0 STARTED 0 RUN_ERROR 0 
> NO_COVERAGE 202 
--------------------------------------------------------------------------------
> org.pitest.mutationtest.engine.gregor.mutators.experimental.RemoveSwitchMutator_68
>> Generated 1 Killed 0 (0%)
> KILLED 0 SURVIVED 0 TIMED_OUT 0 NON_VIABLE 0 
> MEMORY_ERROR 0 NOT_STARTED 0 STARTED 0 RUN_ERROR 0 
> NO_COVERAGE 1 
--------------------------------------------------------------------------------
> org.pitest.mutationtest.engine.gregor.mutators.experimental.RemoveSwitchMutator_67
>> Generated 1 Killed 0 (0%)
> KILLED 0 SURVIVED 0 TIMED_OUT 0 NON_VIABLE 0 
> MEMORY_ERROR 0 NOT_STARTED 0 STARTED 0 RUN_ERROR 0 
> NO_COVERAGE 1 
--------------------------------------------------------------------------------
> org.pitest.mutationtest.engine.gregor.mutators.experimental.RemoveSwitchMutator_66
>> Generated 1 Killed 0 (0%)
> KILLED 0 SURVIVED 0 TIMED_OUT 0 NON_VIABLE 0 
> MEMORY_ERROR 0 NOT_STARTED 0 STARTED 0 RUN_ERROR 0 
> NO_COVERAGE 1 
--------------------------------------------------------------------------------
> org.pitest.mutationtest.engine.gregor.mutators.experimental.RemoveSwitchMutator_65
>> Generated 1 Killed 0 (0%)
> KILLED 0 SURVIVED 0 TIMED_OUT 0 NON_VIABLE 0 
> MEMORY_ERROR 0 NOT_STARTED 0 STARTED 0 RUN_ERROR 0 
> NO_COVERAGE 1 
--------------------------------------------------------------------------------
> org.pitest.mutationtest.engine.gregor.mutators.experimental.RemoveSwitchMutator_64
>> Generated 1 Killed 0 (0%)
> KILLED 0 SURVIVED 0 TIMED_OUT 0 NON_VIABLE 0 
> MEMORY_ERROR 0 NOT_STARTED 0 STARTED 0 RUN_ERROR 0 
> NO_COVERAGE 1 
--------------------------------------------------------------------------------
> org.pitest.mutationtest.engine.gregor.mutators.experimental.RemoveSwitchMutator_19
>> Generated 1 Killed 0 (0%)
> KILLED 0 SURVIVED 0 TIMED_OUT 0 NON_VIABLE 0 
> MEMORY_ERROR 0 NOT_STARTED 0 STARTED 0 RUN_ERROR 0 
> NO_COVERAGE 1 
--------------------------------------------------------------------------------
> org.pitest.mutationtest.engine.gregor.mutators.experimental.RemoveSwitchMutator_18
>> Generated 1 Killed 0 (0%)
> KILLED 0 SURVIVED 0 TIMED_OUT 0 NON_VIABLE 0 
> MEMORY_ERROR 0 NOT_STARTED 0 STARTED 0 RUN_ERROR 0 
> NO_COVERAGE 1 
--------------------------------------------------------------------------------
> org.pitest.mutationtest.engine.gregor.mutators.experimental.RemoveSwitchMutator_17
>> Generated 1 Killed 0 (0%)
> KILLED 0 SURVIVED 0 TIMED_OUT 0 NON_VIABLE 0 
> MEMORY_ERROR 0 NOT_STARTED 0 STARTED 0 RUN_ERROR 0 
> NO_COVERAGE 1 
--------------------------------------------------------------------------------
> org.pitest.mutationtest.engine.gregor.mutators.RemoveConditionalMutator_ORDER_IF
>> Generated 159 Killed 2 (1%)
> KILLED 0 SURVIVED 0 TIMED_OUT 2 NON_VIABLE 0 
> MEMORY_ERROR 0 NOT_STARTED 0 STARTED 0 RUN_ERROR 0 
> NO_COVERAGE 157 
--------------------------------------------------------------------------------
> org.pitest.mutationtest.engine.gregor.mutators.InlineConstantMutator
>> Generated 1238 Killed 26 (2%)
> KILLED 24 SURVIVED 0 TIMED_OUT 2 NON_VIABLE 0 
> MEMORY_ERROR 0 NOT_STARTED 0 STARTED 0 RUN_ERROR 0 
> NO_COVERAGE 1212 
--------------------------------------------------------------------------------
> org.pitest.mutationtest.engine.gregor.mutators.experimental.NakedReceiverMutator
>> Generated 1459 Killed 7 (0%)
> KILLED 0 SURVIVED 0 TIMED_OUT 7 NON_VIABLE 0 
> MEMORY_ERROR 0 NOT_STARTED 0 STARTED 0 RUN_ERROR 0 
> NO_COVERAGE 1452 
--------------------------------------------------------------------------------
> org.pitest.mutationtest.engine.gregor.mutators.ReturnValsMutator
>> Generated 1280 Killed 24 (2%)
> KILLED 24 SURVIVED 0 TIMED_OUT 0 NON_VIABLE 0 
> MEMORY_ERROR 0 NOT_STARTED 0 STARTED 0 RUN_ERROR 0 
> NO_COVERAGE 1256 
--------------------------------------------------------------------------------
> org.pitest.mutationtest.engine.gregor.mutators.experimental.RemoveSwitchMutator_16
>> Generated 1 Killed 0 (0%)
> KILLED 0 SURVIVED 0 TIMED_OUT 0 NON_VIABLE 0 
> MEMORY_ERROR 0 NOT_STARTED 0 STARTED 0 RUN_ERROR 0 
> NO_COVERAGE 1 
--------------------------------------------------------------------------------
> org.pitest.mutationtest.engine.gregor.mutators.experimental.RemoveSwitchMutator_15
>> Generated 1 Killed 0 (0%)
> KILLED 0 SURVIVED 0 TIMED_OUT 0 NON_VIABLE 0 
> MEMORY_ERROR 0 NOT_STARTED 0 STARTED 0 RUN_ERROR 0 
> NO_COVERAGE 1 
--------------------------------------------------------------------------------
> org.pitest.mutationtest.engine.gregor.mutators.experimental.RemoveSwitchMutator_14
>> Generated 1 Killed 0 (0%)
> KILLED 0 SURVIVED 0 TIMED_OUT 0 NON_VIABLE 0 
> MEMORY_ERROR 0 NOT_STARTED 0 STARTED 0 RUN_ERROR 0 
> NO_COVERAGE 1 
--------------------------------------------------------------------------------
> org.pitest.mutationtest.engine.gregor.mutators.experimental.RemoveSwitchMutator_13
>> Generated 1 Killed 0 (0%)
> KILLED 0 SURVIVED 0 TIMED_OUT 0 NON_VIABLE 0 
> MEMORY_ERROR 0 NOT_STARTED 0 STARTED 0 RUN_ERROR 0 
> NO_COVERAGE 1 
--------------------------------------------------------------------------------
> org.pitest.mutationtest.engine.gregor.mutators.experimental.RemoveSwitchMutator_12
>> Generated 1 Killed 0 (0%)
> KILLED 0 SURVIVED 0 TIMED_OUT 0 NON_VIABLE 0 
> MEMORY_ERROR 0 NOT_STARTED 0 STARTED 0 RUN_ERROR 0 
> NO_COVERAGE 1 
--------------------------------------------------------------------------------
> org.pitest.mutationtest.engine.gregor.mutators.experimental.RemoveSwitchMutator_11
>> Generated 1 Killed 0 (0%)
> KILLED 0 SURVIVED 0 TIMED_OUT 0 NON_VIABLE 0 
> MEMORY_ERROR 0 NOT_STARTED 0 STARTED 0 RUN_ERROR 0 
> NO_COVERAGE 1 
--------------------------------------------------------------------------------
> org.pitest.mutationtest.engine.gregor.mutators.experimental.RemoveSwitchMutator_10
>> Generated 1 Killed 0 (0%)
> KILLED 0 SURVIVED 0 TIMED_OUT 0 NON_VIABLE 0 
> MEMORY_ERROR 0 NOT_STARTED 0 STARTED 0 RUN_ERROR 0 
> NO_COVERAGE 1 
--------------------------------------------------------------------------------
> org.pitest.mutationtest.engine.gregor.mutators.NegateConditionalsMutator
>> Generated 1345 Killed 25 (2%)
> KILLED 24 SURVIVED 0 TIMED_OUT 1 NON_VIABLE 0 
> MEMORY_ERROR 0 NOT_STARTED 0 STARTED 0 RUN_ERROR 0 
> NO_COVERAGE 1320 
--------------------------------------------------------------------------------
> org.pitest.mutationtest.engine.gregor.mutators.experimental.RemoveSwitchMutator_83
>> Generated 1 Killed 0 (0%)
> KILLED 0 SURVIVED 0 TIMED_OUT 0 NON_VIABLE 0 
> MEMORY_ERROR 0 NOT_STARTED 0 STARTED 0 RUN_ERROR 0 
> NO_COVERAGE 1 
--------------------------------------------------------------------------------
> org.pitest.mutationtest.engine.gregor.mutators.experimental.RemoveSwitchMutator_82
>> Generated 1 Killed 0 (0%)
> KILLED 0 SURVIVED 0 TIMED_OUT 0 NON_VIABLE 0 
> MEMORY_ERROR 0 NOT_STARTED 0 STARTED 0 RUN_ERROR 0 
> NO_COVERAGE 1 
--------------------------------------------------------------------------------
> org.pitest.mutationtest.engine.gregor.mutators.experimental.RemoveSwitchMutator_81
>> Generated 1 Killed 0 (0%)
> KILLED 0 SURVIVED 0 TIMED_OUT 0 NON_VIABLE 0 
> MEMORY_ERROR 0 NOT_STARTED 0 STARTED 0 RUN_ERROR 0 
> NO_COVERAGE 1 
--------------------------------------------------------------------------------
> org.pitest.mutationtest.engine.gregor.mutators.experimental.RemoveSwitchMutator_80
>> Generated 1 Killed 0 (0%)
> KILLED 0 SURVIVED 0 TIMED_OUT 0 NON_VIABLE 0 
> MEMORY_ERROR 0 NOT_STARTED 0 STARTED 0 RUN_ERROR 0 
> NO_COVERAGE 1 
--------------------------------------------------------------------------------
> org.pitest.mutationtest.engine.gregor.mutators.experimental.SwitchMutator
>> Generated 39 Killed 0 (0%)
> KILLED 0 SURVIVED 0 TIMED_OUT 0 NON_VIABLE 0 
> MEMORY_ERROR 0 NOT_STARTED 0 STARTED 0 RUN_ERROR 0 
> NO_COVERAGE 39 
--------------------------------------------------------------------------------
> org.pitest.mutationtest.engine.gregor.mutators.experimental.RemoveSwitchMutator_39
>> Generated 1 Killed 0 (0%)
> KILLED 0 SURVIVED 0 TIMED_OUT 0 NON_VIABLE 0 
> MEMORY_ERROR 0 NOT_STARTED 0 STARTED 0 RUN_ERROR 0 
> NO_COVERAGE 1 
--------------------------------------------------------------------------------
> org.pitest.mutationtest.engine.gregor.mutators.MathMutator
>> Generated 189 Killed 1 (1%)
> KILLED 0 SURVIVED 0 TIMED_OUT 1 NON_VIABLE 0 
> MEMORY_ERROR 0 NOT_STARTED 0 STARTED 0 RUN_ERROR 0 
> NO_COVERAGE 188 
--------------------------------------------------------------------------------
> org.pitest.mutationtest.engine.gregor.mutators.experimental.RemoveSwitchMutator_30
>> Generated 1 Killed 0 (0%)
> KILLED 0 SURVIVED 0 TIMED_OUT 0 NON_VIABLE 0 
> MEMORY_ERROR 0 NOT_STARTED 0 STARTED 0 RUN_ERROR 0 
> NO_COVERAGE 1 
--------------------------------------------------------------------------------
> org.pitest.mutationtest.engine.gregor.mutators.NullReturnValsMutator
>> Generated 382 Killed 0 (0%)
> KILLED 0 SURVIVED 0 TIMED_OUT 0 NON_VIABLE 0 
> MEMORY_ERROR 0 NOT_STARTED 0 STARTED 0 RUN_ERROR 0 
> NO_COVERAGE 382 
--------------------------------------------------------------------------------
> org.pitest.mutationtest.engine.gregor.mutators.experimental.RemoveSwitchMutator_38
>> Generated 1 Killed 0 (0%)
> KILLED 0 SURVIVED 0 TIMED_OUT 0 NON_VIABLE 0 
> MEMORY_ERROR 0 NOT_STARTED 0 STARTED 0 RUN_ERROR 0 
> NO_COVERAGE 1 
--------------------------------------------------------------------------------
> org.pitest.mutationtest.engine.gregor.mutators.experimental.RemoveSwitchMutator_37
>> Generated 1 Killed 0 (0%)
> KILLED 0 SURVIVED 0 TIMED_OUT 0 NON_VIABLE 0 
> MEMORY_ERROR 0 NOT_STARTED 0 STARTED 0 RUN_ERROR 0 
> NO_COVERAGE 1 
--------------------------------------------------------------------------------
> org.pitest.mutationtest.engine.gregor.mutators.experimental.RemoveSwitchMutator_36
>> Generated 1 Killed 0 (0%)
> KILLED 0 SURVIVED 0 TIMED_OUT 0 NON_VIABLE 0 
> MEMORY_ERROR 0 NOT_STARTED 0 STARTED 0 RUN_ERROR 0 
> NO_COVERAGE 1 
--------------------------------------------------------------------------------
> org.pitest.mutationtest.engine.gregor.mutators.experimental.RemoveSwitchMutator_35
>> Generated 1 Killed 0 (0%)
> KILLED 0 SURVIVED 0 TIMED_OUT 0 NON_VIABLE 0 
> MEMORY_ERROR 0 NOT_STARTED 0 STARTED 0 RUN_ERROR 0 
> NO_COVERAGE 1 
--------------------------------------------------------------------------------
> org.pitest.mutationtest.engine.gregor.mutators.experimental.RemoveSwitchMutator_34
>> Generated 1 Killed 0 (0%)
> KILLED 0 SURVIVED 0 TIMED_OUT 0 NON_VIABLE 0 
> MEMORY_ERROR 0 NOT_STARTED 0 STARTED 0 RUN_ERROR 0 
> NO_COVERAGE 1 
--------------------------------------------------------------------------------
> org.pitest.mutationtest.engine.gregor.mutators.experimental.RemoveSwitchMutator_33
>> Generated 1 Killed 0 (0%)
> KILLED 0 SURVIVED 0 TIMED_OUT 0 NON_VIABLE 0 
> MEMORY_ERROR 0 NOT_STARTED 0 STARTED 0 RUN_ERROR 0 
> NO_COVERAGE 1 
--------------------------------------------------------------------------------
> org.pitest.mutationtest.engine.gregor.mutators.experimental.RemoveSwitchMutator_32
>> Generated 1 Killed 0 (0%)
> KILLED 0 SURVIVED 0 TIMED_OUT 0 NON_VIABLE 0 
> MEMORY_ERROR 0 NOT_STARTED 0 STARTED 0 RUN_ERROR 0 
> NO_COVERAGE 1 
--------------------------------------------------------------------------------
> org.pitest.mutationtest.engine.gregor.mutators.experimental.RemoveSwitchMutator_31
>> Generated 1 Killed 0 (0%)
> KILLED 0 SURVIVED 0 TIMED_OUT 0 NON_VIABLE 0 
> MEMORY_ERROR 0 NOT_STARTED 0 STARTED 0 RUN_ERROR 0 
> NO_COVERAGE 1 
--------------------------------------------------------------------------------
> org.pitest.mutationtest.engine.gregor.mutators.experimental.RemoveSwitchMutator_29
>> Generated 1 Killed 0 (0%)
> KILLED 0 SURVIVED 0 TIMED_OUT 0 NON_VIABLE 0 
> MEMORY_ERROR 0 NOT_STARTED 0 STARTED 0 RUN_ERROR 0 
> NO_COVERAGE 1 
--------------------------------------------------------------------------------
> org.pitest.mutationtest.engine.gregor.mutators.experimental.RemoveSwitchMutator_28
>> Generated 1 Killed 0 (0%)
> KILLED 0 SURVIVED 0 TIMED_OUT 0 NON_VIABLE 0 
> MEMORY_ERROR 0 NOT_STARTED 0 STARTED 0 RUN_ERROR 0 
> NO_COVERAGE 1 
--------------------------------------------------------------------------------
> org.pitest.mutationtest.engine.gregor.mutators.InvertNegsMutator
>> Generated 4 Killed 0 (0%)
> KILLED 0 SURVIVED 0 TIMED_OUT 0 NON_VIABLE 0 
> MEMORY_ERROR 0 NOT_STARTED 0 STARTED 0 RUN_ERROR 0 
> NO_COVERAGE 4 
--------------------------------------------------------------------------------
> org.pitest.mutationtest.engine.gregor.mutators.experimental.RemoveSwitchMutator_27
>> Generated 1 Killed 0 (0%)
> KILLED 0 SURVIVED 0 TIMED_OUT 0 NON_VIABLE 0 
> MEMORY_ERROR 0 NOT_STARTED 0 STARTED 0 RUN_ERROR 0 
> NO_COVERAGE 1 
--------------------------------------------------------------------------------
> org.pitest.mutationtest.engine.gregor.mutators.experimental.RemoveSwitchMutator_26
>> Generated 1 Killed 0 (0%)
> KILLED 0 SURVIVED 0 TIMED_OUT 0 NON_VIABLE 0 
> MEMORY_ERROR 0 NOT_STARTED 0 STARTED 0 RUN_ERROR 0 
> NO_COVERAGE 1 
--------------------------------------------------------------------------------
> org.pitest.mutationtest.engine.gregor.mutators.experimental.RemoveSwitchMutator_25
>> Generated 1 Killed 0 (0%)
> KILLED 0 SURVIVED 0 TIMED_OUT 0 NON_VIABLE 0 
> MEMORY_ERROR 0 NOT_STARTED 0 STARTED 0 RUN_ERROR 0 
> NO_COVERAGE 1 
--------------------------------------------------------------------------------
> org.pitest.mutationtest.engine.gregor.mutators.experimental.RemoveSwitchMutator_24
>> Generated 1 Killed 0 (0%)
> KILLED 0 SURVIVED 0 TIMED_OUT 0 NON_VIABLE 0 
> MEMORY_ERROR 0 NOT_STARTED 0 STARTED 0 RUN_ERROR 0 
> NO_COVERAGE 1 
--------------------------------------------------------------------------------
> org.pitest.mutationtest.engine.gregor.mutators.experimental.RemoveSwitchMutator_23
>> Generated 1 Killed 0 (0%)
> KILLED 0 SURVIVED 0 TIMED_OUT 0 NON_VIABLE 0 
> MEMORY_ERROR 0 NOT_STARTED 0 STARTED 0 RUN_ERROR 0 
> NO_COVERAGE 1 
--------------------------------------------------------------------------------
> org.pitest.mutationtest.engine.gregor.mutators.experimental.RemoveSwitchMutator_22
>> Generated 1 Killed 0 (0%)
> KILLED 0 SURVIVED 0 TIMED_OUT 0 NON_VIABLE 0 
> MEMORY_ERROR 0 NOT_STARTED 0 STARTED 0 RUN_ERROR 0 
> NO_COVERAGE 1 
--------------------------------------------------------------------------------
> org.pitest.mutationtest.engine.gregor.mutators.experimental.RemoveSwitchMutator_21
>> Generated 1 Killed 0 (0%)
> KILLED 0 SURVIVED 0 TIMED_OUT 0 NON_VIABLE 0 
> MEMORY_ERROR 0 NOT_STARTED 0 STARTED 0 RUN_ERROR 0 
> NO_COVERAGE 1 
--------------------------------------------------------------------------------
> org.pitest.mutationtest.engine.gregor.mutators.NonVoidMethodCallMutator
>> Generated 4238 Killed 24 (1%)
> KILLED 24 SURVIVED 0 TIMED_OUT 0 NON_VIABLE 0 
> MEMORY_ERROR 0 NOT_STARTED 0 STARTED 0 RUN_ERROR 0 
> NO_COVERAGE 4214 
--------------------------------------------------------------------------------
> org.pitest.mutationtest.engine.gregor.mutators.experimental.RemoveSwitchMutator_20
>> Generated 1 Killed 0 (0%)
> KILLED 0 SURVIVED 0 TIMED_OUT 0 NON_VIABLE 0 
> MEMORY_ERROR 0 NOT_STARTED 0 STARTED 0 RUN_ERROR 0 
> NO_COVERAGE 1 
--------------------------------------------------------------------------------
> org.pitest.mutationtest.engine.gregor.mutators.experimental.RemoveSwitchMutator_7
>> Generated 7 Killed 0 (0%)
> KILLED 0 SURVIVED 0 TIMED_OUT 0 NON_VIABLE 0 
> MEMORY_ERROR 0 NOT_STARTED 0 STARTED 0 RUN_ERROR 0 
> NO_COVERAGE 7 
--------------------------------------------------------------------------------
> org.pitest.mutationtest.engine.gregor.mutators.experimental.RemoveSwitchMutator_52
>> Generated 1 Killed 0 (0%)
> KILLED 0 SURVIVED 0 TIMED_OUT 0 NON_VIABLE 0 
> MEMORY_ERROR 0 NOT_STARTED 0 STARTED 0 RUN_ERROR 0 
> NO_COVERAGE 1 
--------------------------------------------------------------------------------
> org.pitest.mutationtest.engine.gregor.mutators.experimental.RemoveSwitchMutator_6
>> Generated 8 Killed 0 (0%)
> KILLED 0 SURVIVED 0 TIMED_OUT 0 NON_VIABLE 0 
> MEMORY_ERROR 0 NOT_STARTED 0 STARTED 0 RUN_ERROR 0 
> NO_COVERAGE 8 
--------------------------------------------------------------------------------
> org.pitest.mutationtest.engine.gregor.mutators.experimental.RemoveSwitchMutator_51
>> Generated 1 Killed 0 (0%)
> KILLED 0 SURVIVED 0 TIMED_OUT 0 NON_VIABLE 0 
> MEMORY_ERROR 0 NOT_STARTED 0 STARTED 0 RUN_ERROR 0 
> NO_COVERAGE 1 
--------------------------------------------------------------------------------
> org.pitest.mutationtest.engine.gregor.mutators.experimental.RemoveSwitchMutator_50
>> Generated 1 Killed 0 (0%)
> KILLED 0 SURVIVED 0 TIMED_OUT 0 NON_VIABLE 0 
> MEMORY_ERROR 0 NOT_STARTED 0 STARTED 0 RUN_ERROR 0 
> NO_COVERAGE 1 
--------------------------------------------------------------------------------
> org.pitest.mutationtest.engine.gregor.mutators.experimental.RemoveSwitchMutator_9
>> Generated 1 Killed 0 (0%)
> KILLED 0 SURVIVED 0 TIMED_OUT 0 NON_VIABLE 0 
> MEMORY_ERROR 0 NOT_STARTED 0 STARTED 0 RUN_ERROR 0 
> NO_COVERAGE 1 
--------------------------------------------------------------------------------
> org.pitest.mutationtest.engine.gregor.mutators.experimental.RemoveSwitchMutator_8
>> Generated 1 Killed 0 (0%)
> KILLED 0 SURVIVED 0 TIMED_OUT 0 NON_VIABLE 0 
> MEMORY_ERROR 0 NOT_STARTED 0 STARTED 0 RUN_ERROR 0 
> NO_COVERAGE 1 
--------------------------------------------------------------------------------
> org.pitest.mutationtest.engine.gregor.mutators.experimental.RemoveSwitchMutator_3
>> Generated 15 Killed 0 (0%)
> KILLED 0 SURVIVED 0 TIMED_OUT 0 NON_VIABLE 0 
> MEMORY_ERROR 0 NOT_STARTED 0 STARTED 0 RUN_ERROR 0 
> NO_COVERAGE 15 
--------------------------------------------------------------------------------
> org.pitest.mutationtest.engine.gregor.mutators.experimental.RemoveSwitchMutator_2
>> Generated 30 Killed 0 (0%)
> KILLED 0 SURVIVED 0 TIMED_OUT 0 NON_VIABLE 0 
> MEMORY_ERROR 0 NOT_STARTED 0 STARTED 0 RUN_ERROR 0 
> NO_COVERAGE 30 
--------------------------------------------------------------------------------
> org.pitest.mutationtest.engine.gregor.mutators.experimental.RemoveSwitchMutator_5
>> Generated 8 Killed 0 (0%)
> KILLED 0 SURVIVED 0 TIMED_OUT 0 NON_VIABLE 0 
> MEMORY_ERROR 0 NOT_STARTED 0 STARTED 0 RUN_ERROR 0 
> NO_COVERAGE 8 
--------------------------------------------------------------------------------
> org.pitest.mutationtest.engine.gregor.mutators.experimental.RemoveSwitchMutator_4
>> Generated 14 Killed 0 (0%)
> KILLED 0 SURVIVED 0 TIMED_OUT 0 NON_VIABLE 0 
> MEMORY_ERROR 0 NOT_STARTED 0 STARTED 0 RUN_ERROR 0 
> NO_COVERAGE 14 
--------------------------------------------------------------------------------
> org.pitest.mutationtest.engine.gregor.mutators.experimental.RemoveSwitchMutator_59
>> Generated 1 Killed 0 (0%)
> KILLED 0 SURVIVED 0 TIMED_OUT 0 NON_VIABLE 0 
> MEMORY_ERROR 0 NOT_STARTED 0 STARTED 0 RUN_ERROR 0 
> NO_COVERAGE 1 
--------------------------------------------------------------------------------
> org.pitest.mutationtest.engine.gregor.mutators.experimental.RemoveSwitchMutator_1
>> Generated 38 Killed 0 (0%)
> KILLED 0 SURVIVED 0 TIMED_OUT 0 NON_VIABLE 0 
> MEMORY_ERROR 0 NOT_STARTED 0 STARTED 0 RUN_ERROR 0 
> NO_COVERAGE 38 
--------------------------------------------------------------------------------
> org.pitest.mutationtest.engine.gregor.mutators.experimental.RemoveSwitchMutator_58
>> Generated 1 Killed 0 (0%)
> KILLED 0 SURVIVED 0 TIMED_OUT 0 NON_VIABLE 0 
> MEMORY_ERROR 0 NOT_STARTED 0 STARTED 0 RUN_ERROR 0 
> NO_COVERAGE 1 
--------------------------------------------------------------------------------
> org.pitest.mutationtest.engine.gregor.mutators.experimental.RemoveSwitchMutator_0
>> Generated 39 Killed 0 (0%)
> KILLED 0 SURVIVED 0 TIMED_OUT 0 NON_VIABLE 0 
> MEMORY_ERROR 0 NOT_STARTED 0 STARTED 0 RUN_ERROR 0 
> NO_COVERAGE 39 
--------------------------------------------------------------------------------
> org.pitest.mutationtest.engine.gregor.mutators.experimental.RemoveSwitchMutator_57
>> Generated 1 Killed 0 (0%)
> KILLED 0 SURVIVED 0 TIMED_OUT 0 NON_VIABLE 0 
> MEMORY_ERROR 0 NOT_STARTED 0 STARTED 0 RUN_ERROR 0 
> NO_COVERAGE 1 
--------------------------------------------------------------------------------
> org.pitest.mutationtest.engine.gregor.mutators.experimental.RemoveSwitchMutator_56
>> Generated 1 Killed 0 (0%)
> KILLED 0 SURVIVED 0 TIMED_OUT 0 NON_VIABLE 0 
> MEMORY_ERROR 0 NOT_STARTED 0 STARTED 0 RUN_ERROR 0 
> NO_COVERAGE 1 
--------------------------------------------------------------------------------
> org.pitest.mutationtest.engine.gregor.mutators.experimental.RemoveSwitchMutator_55
>> Generated 1 Killed 0 (0%)
> KILLED 0 SURVIVED 0 TIMED_OUT 0 NON_VIABLE 0 
> MEMORY_ERROR 0 NOT_STARTED 0 STARTED 0 RUN_ERROR 0 
> NO_COVERAGE 1 
--------------------------------------------------------------------------------
> org.pitest.mutationtest.engine.gregor.mutators.experimental.RemoveSwitchMutator_54
>> Generated 1 Killed 0 (0%)
> KILLED 0 SURVIVED 0 TIMED_OUT 0 NON_VIABLE 0 
> MEMORY_ERROR 0 NOT_STARTED 0 STARTED 0 RUN_ERROR 0 
> NO_COVERAGE 1 
--------------------------------------------------------------------------------
> org.pitest.mutationtest.engine.gregor.mutators.experimental.RemoveSwitchMutator_53
>> Generated 1 Killed 0 (0%)
> KILLED 0 SURVIVED 0 TIMED_OUT 0 NON_VIABLE 0 
> MEMORY_ERROR 0 NOT_STARTED 0 STARTED 0 RUN_ERROR 0 
> NO_COVERAGE 1 
--------------------------------------------------------------------------------
> org.pitest.mutationtest.engine.gregor.mutators.BooleanTrueReturnValsMutator
>> Generated 272 Killed 0 (0%)
> KILLED 0 SURVIVED 0 TIMED_OUT 0 NON_VIABLE 0 
> MEMORY_ERROR 0 NOT_STARTED 0 STARTED 0 RUN_ERROR 0 
> NO_COVERAGE 272 
--------------------------------------------------------------------------------
> org.pitest.mutationtest.engine.gregor.mutators.experimental.RemoveSwitchMutator_41
>> Generated 1 Killed 0 (0%)
> KILLED 0 SURVIVED 0 TIMED_OUT 0 NON_VIABLE 0 
> MEMORY_ERROR 0 NOT_STARTED 0 STARTED 0 RUN_ERROR 0 
> NO_COVERAGE 1 
--------------------------------------------------------------------------------
> org.pitest.mutationtest.engine.gregor.mutators.experimental.RemoveSwitchMutator_40
>> Generated 1 Killed 0 (0%)
> KILLED 0 SURVIVED 0 TIMED_OUT 0 NON_VIABLE 0 
> MEMORY_ERROR 0 NOT_STARTED 0 STARTED 0 RUN_ERROR 0 
> NO_COVERAGE 1 
--------------------------------------------------------------------------------
> org.pitest.mutationtest.engine.gregor.mutators.experimental.RemoveSwitchMutator_49
>> Generated 1 Killed 0 (0%)
> KILLED 0 SURVIVED 0 TIMED_OUT 0 NON_VIABLE 0 
> MEMORY_ERROR 0 NOT_STARTED 0 STARTED 0 RUN_ERROR 0 
> NO_COVERAGE 1 
--------------------------------------------------------------------------------
> org.pitest.mutationtest.engine.gregor.mutators.experimental.RemoveSwitchMutator_48
>> Generated 1 Killed 0 (0%)
> KILLED 0 SURVIVED 0 TIMED_OUT 0 NON_VIABLE 0 
> MEMORY_ERROR 0 NOT_STARTED 0 STARTED 0 RUN_ERROR 0 
> NO_COVERAGE 1 
--------------------------------------------------------------------------------
> org.pitest.mutationtest.engine.gregor.mutators.experimental.RemoveSwitchMutator_47
>> Generated 1 Killed 0 (0%)
> KILLED 0 SURVIVED 0 TIMED_OUT 0 NON_VIABLE 0 
> MEMORY_ERROR 0 NOT_STARTED 0 STARTED 0 RUN_ERROR 0 
> NO_COVERAGE 1 
--------------------------------------------------------------------------------
> org.pitest.mutationtest.engine.gregor.mutators.experimental.RemoveSwitchMutator_46
>> Generated 1 Killed 0 (0%)
> KILLED 0 SURVIVED 0 TIMED_OUT 0 NON_VIABLE 0 
> MEMORY_ERROR 0 NOT_STARTED 0 STARTED 0 RUN_ERROR 0 
> NO_COVERAGE 1 
--------------------------------------------------------------------------------
> org.pitest.mutationtest.engine.gregor.mutators.experimental.RemoveSwitchMutator_45
>> Generated 1 Killed 0 (0%)
> KILLED 0 SURVIVED 0 TIMED_OUT 0 NON_VIABLE 0 
> MEMORY_ERROR 0 NOT_STARTED 0 STARTED 0 RUN_ERROR 0 
> NO_COVERAGE 1 
--------------------------------------------------------------------------------
> org.pitest.mutationtest.engine.gregor.mutators.experimental.RemoveSwitchMutator_44
>> Generated 1 Killed 0 (0%)
> KILLED 0 SURVIVED 0 TIMED_OUT 0 NON_VIABLE 0 
> MEMORY_ERROR 0 NOT_STARTED 0 STARTED 0 RUN_ERROR 0 
> NO_COVERAGE 1 
--------------------------------------------------------------------------------
> org.pitest.mutationtest.engine.gregor.mutators.experimental.RemoveSwitchMutator_43
>> Generated 1 Killed 0 (0%)
> KILLED 0 SURVIVED 0 TIMED_OUT 0 NON_VIABLE 0 
> MEMORY_ERROR 0 NOT_STARTED 0 STARTED 0 RUN_ERROR 0 
> NO_COVERAGE 1 
--------------------------------------------------------------------------------
> org.pitest.mutationtest.engine.gregor.mutators.experimental.RemoveSwitchMutator_42
>> Generated 1 Killed 0 (0%)
> KILLED 0 SURVIVED 0 TIMED_OUT 0 NON_VIABLE 0 
> MEMORY_ERROR 0 NOT_STARTED 0 STARTED 0 RUN_ERROR 0 
> NO_COVERAGE 1 
--------------------------------------------------------------------------------
[INFO] ------------------------------------------------------------------------
[INFO] BUILD SUCCESS
[INFO] ------------------------------------------------------------------------
[INFO] Total time: 17.318 s
[INFO] Finished at: 2018-08-13T16:42:41+02:00
[INFO] Final Memory: 28M/962M
[INFO] ------------------------------------------------------------------------
[INFO] 2018-08-13 16:42:42 PitMutantScoreSelector - 17742 mutants has been generated (17742)
[INFO] 2018-08-13 16:42:42 Amplification - 0 amplified test methods has been selected to be kept. (global: 0)
[INFO] 2018-08-13 16:42:42 Amplification - Applying Input-amplification and Assertion-amplification test by test.
[INFO] 2018-08-13 16:42:42 Amplification - Amplification of testFacilityStringToint, (1/1)
[INFO] 2018-08-13 16:42:42 Amplification - iteration 0 / 3
[INFO] 2018-08-13 16:42:42 Amplification - 1 tests selected to be amplified over 1 available tests
[INFO] 2018-08-13 16:42:42 NoBudgetizer - Amplification of inputs...
100% |================================================== ]/
[INFO] 2018-08-13 16:42:43 NoBudgetizer - 336 new tests generated
[WARN] 2018-08-13 16:42:43 NoBudgetizer - Too many tests have been generated: 336
[INFO] 2018-08-13 16:42:43 NoBudgetizer - Number of generated test reduced to 200
[INFO] 2018-08-13 16:42:51 AssertGenerator - Run tests. (200)
[ERROR] 2018-08-13 16:42:52 TestCompiler - Error(s) during compilation:
[ERROR] 2018-08-13 16:42:52 TestCompiler - Pb(114) Cannot invoke facilityStringToint(String) on the primitive type null
[ERROR] 2018-08-13 16:42:52 TestCompiler - Pb(114) Cannot invoke facilityStringToint(String) on the primitive type null
[ERROR] 2018-08-13 16:42:52 TestCompiler - Pb(114) Cannot invoke facilityStringToint(String) on the primitive type null
[ERROR] 2018-08-13 16:42:52 TestCompiler - Pb(114) Cannot invoke facilityStringToint(String) on the primitive type null
[ERROR] 2018-08-13 16:42:52 TestCompiler - Pb(114) Cannot invoke facilityStringToint(String) on the primitive type null
[ERROR] 2018-08-13 16:42:52 TestCompiler - Pb(114) Cannot invoke facilityStringToint(String) on the primitive type null
[ERROR] 2018-08-13 16:42:52 TestCompiler - Pb(114) Cannot invoke facilityStringToint(String) on the primitive type null
[ERROR] 2018-08-13 16:42:52 TestCompiler - Pb(114) Cannot invoke facilityStringToint(String) on the primitive type null
[ERROR] 2018-08-13 16:42:52 TestCompiler - Pb(114) Cannot invoke facilityStringToint(String) on the primitive type null
[ERROR] 2018-08-13 16:42:52 TestCompiler - Pb(114) Cannot invoke facilityStringToint(String) on the primitive type null
[ERROR] 2018-08-13 16:42:52 TestCompiler - Pb(114) Cannot invoke facilityStringToint(String) on the primitive type null
[ERROR] 2018-08-13 16:42:52 TestCompiler - Pb(114) Cannot invoke facilityStringToint(String) on the primitive type null
[ERROR] 2018-08-13 16:42:52 TestCompiler - Pb(114) Cannot invoke facilityStringToint(String) on the primitive type null
[ERROR] 2018-08-13 16:42:52 TestCompiler - Pb(114) Cannot invoke facilityStringToint(String) on the primitive type null
[ERROR] 2018-08-13 16:42:52 TestCompiler - Pb(114) Cannot invoke facilityStringToint(String) on the primitive type null
[ERROR] 2018-08-13 16:42:52 TestCompiler - Pb(114) Cannot invoke facilityStringToint(String) on the primitive type null
[ERROR] 2018-08-13 16:42:52 TestCompiler - Pb(114) Cannot invoke facilityStringToint(String) on the primitive type null
[ERROR] 2018-08-13 16:42:52 TestCompiler - Pb(114) Cannot invoke facilityStringToint(String) on the primitive type null
[ERROR] 2018-08-13 16:42:52 TestCompiler - Pb(114) Cannot invoke facilityStringToint(String) on the primitive type null
[ERROR] 2018-08-13 16:42:52 TestCompiler - Pb(114) Cannot invoke facilityStringToint(String) on the primitive type null
[INFO] 2018-08-13 16:42:53 EntryPoint - Run: java -classpath /tmp/dspot-experiments/dataset/logback/logback-core/target/test-classes:/tmp/dspot-experiments/dataset/logback/logback-core/target/classes/:/home/spirals/danglot/.m2/repository/org/codehaus/janino/janino/3.0.6/janino-3.0.6.jar:/home/spirals/danglot/.m2/repository/org/codehaus/janino/commons-compiler/3.0.6/commons-compiler-3.0.6.jar:/home/spirals/danglot/.m2/repository/org/fusesource/jansi/jansi/1.9/jansi-1.9.jar:/home/spirals/danglot/.m2/repository/javax/mail/mail/1.4/mail-1.4.jar:/home/spirals/danglot/.m2/repository/javax/activation/activation/1.1/activation-1.1.jar:/home/spirals/danglot/.m2/repository/org/mockito/mockito-core/2.7.9/mockito-core-2.7.9.jar:/home/spirals/danglot/.m2/repository/net/bytebuddy/byte-buddy/1.6.5/byte-buddy-1.6.5.jar:/home/spirals/danglot/.m2/repository/net/bytebuddy/byte-buddy-agent/1.6.5/byte-buddy-agent-1.6.5.jar:/home/spirals/danglot/.m2/repository/org/objenesis/objenesis/2.5/objenesis-2.5.jar:/home/spirals/danglot/.m2/repository/javax/servlet/javax.servlet-api/3.1.0/javax.servlet-api-3.1.0.jar:/home/spirals/danglot/.m2/repository/joda-time/joda-time/2.9.2/joda-time-2.9.2.jar:/home/spirals/danglot/.m2/repository/junit/junit/4.10/junit-4.10.jar:/home/spirals/danglot/.m2/repository/org/hamcrest/hamcrest-core/1.1/hamcrest-core-1.1.jar:/home/spirals/danglot/.m2/repository/org/assertj/assertj-core/1.7.1/assertj-core-1.7.1.jar:/tmp/dspot-experiments/target/dspot/dependencies:/tmp/dspot/dspot/target/dspot-1.1.1-SNAPSHOT-jar-with-dependencies.jar eu.stamp_project.testrunner.runner.test.TestRunner ch.qos.logback.core.net.SyslogAppenderBaseTest testFacilityStringToint_add203:testFacilityStringToint_add198:testFacilityStringToint_add196:testFacilityStringToint_add216:testFacilityStringToint_add215:testFacilityStringToint_add214:testFacilityStringToint_add209:testFacilityStringToint_add213:testFacilityStringToint_add212:testFacilityStringToint_add211:testFacilityStringToint_add210:testFacilityStringToint_add207:testFacilityStringToint_add206:testFacilityStringToint_add208:testFacilityStringToint_add194:testFacilityStringToint_add197:testFacilityStringToint_add201:testFacilityStringToint_add200:testFacilityStringToint_add193:testFacilityStringToint_add202:testFacilityStringToint_add195:testFacilityStringToint_add199:testFacilityStringToint_add205:testFacilityStringToint_add204:testFacilityStringTointnull269:testFacilityStringTointnull244:testFacilityStringTointnull234:testFacilityStringTointnull334:testFacilityStringTointnull324:testFacilityStringTointnull314:testFacilityStringTointnull304:testFacilityStringTointnull329:testFacilityStringTointnull319:testFacilityStringTointnull309:testFacilityStringTointnull299:testFacilityStringTointnull284:testFacilityStringTointnull289:testFacilityStringTointnull294:testFacilityStringTointnull224:testFacilityStringTointnull254:testFacilityStringTointnull259:testFacilityStringTointnull264:testFacilityStringTointnull219:testFacilityStringTointnull239:testFacilityStringTointnull229:testFacilityStringTointnull279:testFacilityStringTointnull249:testFacilityStringTointnull274:testFacilityStringTointnull268:testFacilityStringTointnull243:testFacilityStringTointnull233:testFacilityStringTointnull333:testFacilityStringTointnull323:testFacilityStringTointnull313:testFacilityStringTointnull303:testFacilityStringTointnull328:testFacilityStringTointnull318:testFacilityStringTointnull308:testFacilityStringTointnull298:testFacilityStringTointnull283:testFacilityStringTointnull288:testFacilityStringTointnull293:testFacilityStringTointnull223:testFacilityStringTointnull253:testFacilityStringTointnull258:testFacilityStringTointnull263:testFacilityStringTointnull218:testFacilityStringTointnull238:testFacilityStringTointnull228:testFacilityStringTointnull278:testFacilityStringTointnull248:testFacilityStringTointnull273:testFacilityStringTointlitString33:testFacilityStringTointlitString57:testFacilityStringTointlitString109:testFacilityStringTointlitString49:testFacilityStringTointlitString179:testFacilityStringTointlitString155:testFacilityStringTointlitString123:testFacilityStringTointlitString141:testFacilityStringTointlitString157:testFacilityStringTointlitString139:testFacilityStringTointlitString131:testFacilityStringTointlitString163:testFacilityStringTointnull302:testFacilityStringTointlitString189:testFacilityStringTointnull222:testFacilityStringTointnull312:testFacilityStringTointnull232:testFacilityStringTointnull322:testFacilityStringTointnull242:testFacilityStringTointnull332:testFacilityStringTointnull252:testFacilityStringTointnull217:testFacilityStringTointnull262:testFacilityStringTointnull307:testFacilityStringTointlitString147:testFacilityStringTointnull227:testFacilityStringTointnull272:testFacilityStringTointnull317:testFacilityStringTointnull237:testFacilityStringTointnull282:testFacilityStringTointnull327:testFacilityStringTointlitString65:testFacilityStringTointnull247:testFacilityStringTointnull292:testFacilityStringTointlitString17:testFacilityStringTointnull257:testFacilityStringTointlitString137:testFacilityStringTointnull267:testFacilityStringTointnull277:testFacilityStringTointnull287:testFacilityStringTointnull297:testFacilityStringTointlitString35:testFacilityStringTointlitString161:testFacilityStringTointlitString73:testFacilityStringTointlitString117:testFacilityStringTointlitString181:testFacilityStringTointlitString99:testFacilityStringTointlitString125:testFacilityStringTointlitString85:testFacilityStringTointlitString121:testFacilityStringTointlitString149:testFacilityStringTointlitString170:testFacilityStringTointlitString115:testFacilityStringTointlitString187:testFacilityStringTointlitString107:testFacilityStringTointlitString75:testFacilityStringTointlitString97:testFacilityStringTointlitString171:testFacilityStringTointlitString59:testFacilityStringTointlitString51:testFacilityStringTointlitString113:testFacilityStringTointlitString114:testFacilityStringTointlitString122:testFacilityStringTointlitString83:testFacilityStringTointlitString67:testFacilityStringTointlitString5:testFacilityStringTointlitString21:testFacilityStringTointlitString43:testFacilityStringTointlitString91:testFacilityStringTointlitString165:testFacilityStringTointlitString90:testFacilityStringTointlitString185:testFacilityStringTointlitString1:testFacilityStringTointlitString19:testFacilityStringTointlitString162:testFacilityStringTointlitString77:testFacilityStringTointlitString154:testFacilityStringTointlitString169:testFacilityStringTointlitString186:testFacilityStringTointlitString69:testFacilityStringTointlitString106:testFacilityStringTointlitString45:testFacilityStringTointlitString133:testFacilityStringTointlitString173:testFacilityStringTointlitString27:testFacilityStringTointlitString178:testFacilityStringTointlitString42:testFacilityStringTointlitString98:testFacilityStringTointlitString130:testFacilityStringTointlitString11:testFacilityStringTointlitString53:testFacilityStringTointlitString29:testFacilityStringTointlitString138:testFacilityStringTointlitString66:testFacilityStringTointlitString74:testFacilityStringTointlitString26:testFacilityStringTointlitString146:testFacilityStringTointlitString89:testFacilityStringTointlitString13:testFacilityStringTointlitString103:testFacilityStringTointlitString10:testFacilityStringTointlitString3:testFacilityStringTointlitString50:testFacilityStringTointlitString61
File saved to the following path: /tmp/dspot-experiments/dataset/logback/logback-core/target/dspot/TestListener.ser
[INFO] 2018-08-13 16:42:54 EntryPoint - Test has been run: testFacilityStringToint_add203,testFacilityStringToint_add198,testFacilityStringToint_add196,testFacilityStringToint_add216,testFacilityStringToint_add215,testFacilityStringToint_add214,testFacilityStringToint_add209,testFacilityStringToint_add213,testFacilityStringToint_add212,testFacilityStringToint_add211,testFacilityStringToint_add210,testFacilityStringToint_add207,testFacilityStringToint_add206,testFacilityStringToint_add208,testFacilityStringToint_add194,testFacilityStringToint_add197,testFacilityStringToint_add201,testFacilityStringToint_add200,testFacilityStringToint_add193,testFacilityStringToint_add202,testFacilityStringToint_add195,testFacilityStringToint_add199,testFacilityStringToint_add205,testFacilityStringToint_add204,testFacilityStringTointnull269,testFacilityStringTointnull244,testFacilityStringTointnull234,testFacilityStringTointnull334,testFacilityStringTointnull324,testFacilityStringTointnull314,testFacilityStringTointnull304,testFacilityStringTointnull329,testFacilityStringTointnull319,testFacilityStringTointnull309,testFacilityStringTointnull299,testFacilityStringTointnull284,testFacilityStringTointnull289,testFacilityStringTointnull294,testFacilityStringTointnull224,testFacilityStringTointnull254,testFacilityStringTointnull259,testFacilityStringTointnull264,testFacilityStringTointnull219,testFacilityStringTointnull239,testFacilityStringTointnull229,testFacilityStringTointnull279,testFacilityStringTointnull249,testFacilityStringTointnull274,testFacilityStringTointnull268,testFacilityStringTointnull243,testFacilityStringTointnull233,testFacilityStringTointnull333,testFacilityStringTointnull323,testFacilityStringTointnull313,testFacilityStringTointnull303,testFacilityStringTointnull328,testFacilityStringTointnull318,testFacilityStringTointnull308,testFacilityStringTointnull298,testFacilityStringTointnull283,testFacilityStringTointnull288,testFacilityStringTointnull293,testFacilityStringTointnull223,testFacilityStringTointnull253,testFacilityStringTointnull258,testFacilityStringTointnull263,testFacilityStringTointnull218,testFacilityStringTointnull238,testFacilityStringTointnull228,testFacilityStringTointnull278,testFacilityStringTointnull248,testFacilityStringTointnull273,testFacilityStringTointlitString33,testFacilityStringTointlitString57,testFacilityStringTointlitString49,testFacilityStringTointnull302,testFacilityStringTointnull222,testFacilityStringTointnull312,testFacilityStringTointnull232,testFacilityStringTointnull322,testFacilityStringTointnull242,testFacilityStringTointnull332,testFacilityStringTointnull252,testFacilityStringTointnull217,testFacilityStringTointnull262,testFacilityStringTointnull307,testFacilityStringTointnull227,testFacilityStringTointnull272,testFacilityStringTointnull317,testFacilityStringTointnull237,testFacilityStringTointnull282,testFacilityStringTointnull327,testFacilityStringTointlitString65,testFacilityStringTointnull247,testFacilityStringTointnull292,testFacilityStringTointlitString17,testFacilityStringTointnull257,testFacilityStringTointlitString137,testFacilityStringTointnull267,testFacilityStringTointnull277,testFacilityStringTointnull287,testFacilityStringTointnull297,testFacilityStringTointlitString161,testFacilityStringTointlitString73,testFacilityStringTointlitString121,testFacilityStringTointlitString97,testFacilityStringTointlitString113,testFacilityStringTointlitString185,testFacilityStringTointlitString1,testFacilityStringTointlitString169,testFacilityStringTointlitString98,testFacilityStringTointlitString89,testFacilityStringTointlitString10,testFacilityStringTointlitString109(ch.qos.logback.core.net.SyslogAppenderBaseTest): dwpau is not a valid syslog facility string,testFacilityStringTointlitString179(ch.qos.logback.core.net.SyslogAppenderBaseTest): LOCAtL6 is not a valid syslog facility string,testFacilityStringTointlitString155(ch.qos.logback.core.net.SyslogAppenderBaseTest): LxOCAL3 is not a valid syslog facility string,testFacilityStringTointlitString123(ch.qos.logback.core.net.SyslogAppenderBaseTest): CLO|CK is not a valid syslog facility string,testFacilityStringTointlitString141(ch.qos.logback.core.net.SyslogAppenderBaseTest): [Iz>YS is not a valid syslog facility string,testFacilityStringTointlitString157(ch.qos.logback.core.net.SyslogAppenderBaseTest): [Bob5_ is not a valid syslog facility string,testFacilityStringTointlitString139(ch.qos.logback.core.net.SyslogAppenderBaseTest): LObCAL1 is not a valid syslog facility string,testFacilityStringTointlitString131(ch.qos.logback.core.net.SyslogAppenderBaseTest): LhOCAL0 is not a valid syslog facility string,testFacilityStringTointlitString163(ch.qos.logback.core.net.SyslogAppenderBaseTest): LOCA`L4 is not a valid syslog facility string,testFacilityStringTointlitString189(ch.qos.logback.core.net.SyslogAppenderBaseTest): _w)+Kt is not a valid syslog facility string,testFacilityStringTointlitString147(ch.qos.logback.core.net.SyslogAppenderBaseTest): LOHCAL2 is not a valid syslog facility string,testFacilityStringTointlitString35(ch.qos.logback.core.net.SyslogAppenderBaseTest): ArUTH is not a valid syslog facility string,testFacilityStringTointlitString117(ch.qos.logback.core.net.SyslogAppenderBaseTest): avU[1 is not a valid syslog facility string,testFacilityStringTointlitString181(ch.qos.logback.core.net.SyslogAppenderBaseTest): ?]?7gc is not a valid syslog facility string,testFacilityStringTointlitString99(ch.qos.logback.core.net.SyslogAppenderBaseTest): NbTP is not a valid syslog facility string,testFacilityStringTointlitString125(ch.qos.logback.core.net.SyslogAppenderBaseTest): 8wu]& is not a valid syslog facility string,testFacilityStringTointlitString85(ch.qos.logback.core.net.SyslogAppenderBaseTest): vg[?i!rb is not a valid syslog facility string,testFacilityStringTointlitString149(ch.qos.logback.core.net.SyslogAppenderBaseTest): m7#=To is not a valid syslog facility string,testFacilityStringTointlitString170(ch.qos.logback.core.net.SyslogAppenderBaseTest): LOCpL5 is not a valid syslog facility string,testFacilityStringTointlitString115(ch.qos.logback.core.net.SyslogAppenderBaseTest): ALE,RT is not a valid syslog facility string,testFacilityStringTointlitString187(ch.qos.logback.core.net.SyslogAppenderBaseTest): LO#CAL7 is not a valid syslog facility string,testFacilityStringTointlitString107(ch.qos.logback.core.net.SyslogAppenderBaseTest): A*UDIT is not a valid syslog facility string,testFacilityStringTointlitString75(ch.qos.logback.core.net.SyslogAppenderBaseTest): CSRON is not a valid syslog facility string,testFacilityStringTointlitString171(ch.qos.logback.core.net.SyslogAppenderBaseTest): LOCA$L5 is not a valid syslog facility string,testFacilityStringTointlitString59(ch.qos.logback.core.net.SyslogAppenderBaseTest): NMEWS is not a valid syslog facility string,testFacilityStringTointlitString51(ch.qos.logback.core.net.SyslogAppenderBaseTest): LTPR is not a valid syslog facility string,testFacilityStringTointlitString114(ch.qos.logback.core.net.SyslogAppenderBaseTest): ALhRT is not a valid syslog facility string,testFacilityStringTointlitString122(ch.qos.logback.core.net.SyslogAppenderBaseTest): CnOCK is not a valid syslog facility string,testFacilityStringTointlitString83(ch.qos.logback.core.net.SyslogAppenderBaseTest): AUTHPBRIV is not a valid syslog facility string,testFacilityStringTointlitString67(ch.qos.logback.core.net.SyslogAppenderBaseTest): U=UCP is not a valid syslog facility string,testFacilityStringTointlitString5(ch.qos.logback.core.net.SyslogAppenderBaseTest): dhsc is not a valid syslog facility string,testFacilityStringTointlitString21(ch.qos.logback.core.net.SyslogAppenderBaseTest): 5[gp is not a valid syslog facility string,testFacilityStringTointlitString43(ch.qos.logback.core.net.SyslogAppenderBaseTest): S=YSLOG is not a valid syslog facility string,testFacilityStringTointlitString91(ch.qos.logback.core.net.SyslogAppenderBaseTest): F6TP is not a valid syslog facility string,testFacilityStringTointlitString165(ch.qos.logback.core.net.SyslogAppenderBaseTest): k-a8(J is not a valid syslog facility string,testFacilityStringTointlitString90(ch.qos.logback.core.net.SyslogAppenderBaseTest): |TP is not a valid syslog facility string,testFacilityStringTointlitString19(ch.qos.logback.core.net.SyslogAppenderBaseTest): M2AIL is not a valid syslog facility string,testFacilityStringTointlitString162(ch.qos.logback.core.net.SyslogAppenderBaseTest): OOCAL4 is not a valid syslog facility string,testFacilityStringTointlitString77(ch.qos.logback.core.net.SyslogAppenderBaseTest): Rl&{ is not a valid syslog facility string,testFacilityStringTointlitString154(ch.qos.logback.core.net.SyslogAppenderBaseTest): LODAL3 is not a valid syslog facility string,testFacilityStringTointlitString186(ch.qos.logback.core.net.SyslogAppenderBaseTest): EOCAL7 is not a valid syslog facility string,testFacilityStringTointlitString69(ch.qos.logback.core.net.SyslogAppenderBaseTest): O/wo is not a valid syslog facility string,testFacilityStringTointlitString106(ch.qos.logback.core.net.SyslogAppenderBaseTest): AUCIT is not a valid syslog facility string,testFacilityStringTointlitString45(ch.qos.logback.core.net.SyslogAppenderBaseTest): s2l>Ug is not a valid syslog facility string,testFacilityStringTointlitString133(ch.qos.logback.core.net.SyslogAppenderBaseTest): l V!3a is not a valid syslog facility string,testFacilityStringTointlitString173(ch.qos.logback.core.net.SyslogAppenderBaseTest): dYQ7-# is not a valid syslog facility string,testFacilityStringTointlitString27(ch.qos.logback.core.net.SyslogAppenderBaseTest): DAE$MON is not a valid syslog facility string,testFacilityStringTointlitString178(ch.qos.logback.core.net.SyslogAppenderBaseTest): L<CAL6 is not a valid syslog facility string,testFacilityStringTointlitString42(ch.qos.logback.core.net.SyslogAppenderBaseTest): SYSrOG is not a valid syslog facility string,testFacilityStringTointlitString130(ch.qos.logback.core.net.SyslogAppenderBaseTest): LDCAL0 is not a valid syslog facility string,testFacilityStringTointlitString11(ch.qos.logback.core.net.SyslogAppenderBaseTest): US!ER is not a valid syslog facility string,testFacilityStringTointlitString53(ch.qos.logback.core.net.SyslogAppenderBaseTest): &zg is not a valid syslog facility string,testFacilityStringTointlitString29(ch.qos.logback.core.net.SyslogAppenderBaseTest): V5:Wz2 is not a valid syslog facility string,testFacilityStringTointlitString138(ch.qos.logback.core.net.SyslogAppenderBaseTest): .OCAL1 is not a valid syslog facility string,testFacilityStringTointlitString66(ch.qos.logback.core.net.SyslogAppenderBaseTest): `UCP is not a valid syslog facility string,testFacilityStringTointlitString74(ch.qos.logback.core.net.SyslogAppenderBaseTest): ORON is not a valid syslog facility string,testFacilityStringTointlitString26(ch.qos.logback.core.net.SyslogAppenderBaseTest): DAE[ON is not a valid syslog facility string,testFacilityStringTointlitString146(ch.qos.logback.core.net.SyslogAppenderBaseTest): %OCAL2 is not a valid syslog facility string,testFacilityStringTointlitString13(ch.qos.logback.core.net.SyslogAppenderBaseTest): *zH_ is not a valid syslog facility string,testFacilityStringTointlitString103(ch.qos.logback.core.net.SyslogAppenderBaseTest): 
 is not a valid syslog facility string,testFacilityStringTointlitString3(ch.qos.logback.core.net.SyslogAppenderBaseTest): K,ERN is not a valid syslog facility string,testFacilityStringTointlitString50(ch.qos.logback.core.net.SyslogAppenderBaseTest): CPR is not a valid syslog facility string,testFacilityStringTointlitString61(ch.qos.logback.core.net.SyslogAppenderBaseTest): `_8; is not a valid syslog facility string
[INFO] 2018-08-13 16:42:54 AssertGenerator - 113 test pass, generating assertion...
[INFO] 2018-08-13 16:42:54 MethodsAssertGenerator - Add observations points in passing tests.
[INFO] 2018-08-13 16:42:54 MethodsAssertGenerator - Instrumentation...
  0% | ]/  1% | ]-  2% |= ]\  3% |= ]|  4% |== ]/  5% |== ]-  6% |=== ]\  7% |=== ]|  7% |=== ]/  8% |==== ]-  9% |==== ]\ 10% |===== ]| 11% |===== ]/ 12% |====== ]- 13% |====== ]\ 14% |======= ]| 15% |======= ]/ 15% |======= ]- 16% |======== ]\ 17% |======== ]| 18% |========= ]/ 19% |========= ]- 20% |========== ]\ 21% |========== ]| 22% |=========== ]/ 23% |=========== ]- 23% |=========== ]\ 24% |============ ]| 25% |============ ]/ 26% |============= ]- 27% |============= ]\ 28% |============== ]| 29% |============== ]/ 30% |=============== ]- 30% |=============== ]\ 31% |=============== ]| 32% |================ ]/ 33% |================ ]- 34% |================= ]\ 35% |================= ]| 36% |================== ]/ 37% |================== ]- 38% |=================== ]\ 38% |=================== ]| 39% |=================== ]/ 40% |==================== ]- 41% |==================== ]\ 42% |===================== ]| 43% |===================== ]/ 44% |====================== ]- 45% |====================== ]\ 46% |======================= ]| 46% |======================= ]/ 47% |======================= ]- 48% |======================== ]\ 49% |======================== ]| 50% |========================= ]/ 51% |========================= ]- 52% |========================== ]\ 53% |========================== ]| 53% |========================== ]/ 54% |=========================== ]- 55% |=========================== ]\ 56% |============================ ]| 57% |============================ ]/ 58% |============================= ]- 59% |============================= ]\ 60% |============================== ]| 61% |============================== ]/ 61% |============================== ]- 62% |=============================== ]\ 63% |=============================== ]| 64% |================================ ]/ 65% |================================ ]- 66% |================================= ]\ 67% |================================= ]| 68% |================================== ]/ 69% |================================== ]- 69% |================================== ]\ 70% |=================================== ]| 71% |=================================== ]/ 72% |==================================== ]- 73% |==================================== ]\ 74% |===================================== ]| 75% |===================================== ]/ 76% |====================================== ]- 76% |====================================== ]\ 77% |====================================== ]| 78% |======================================= ]/ 79% |======================================= ]- 80% |======================================== ]\ 81% |======================================== ]| 82% |========================================= ]/ 83% |========================================= ]- 84% |========================================== ]\ 84% |========================================== ]| 85% |========================================== ]/ 86% |=========================================== ]- 87% |=========================================== ]\ 88% |============================================ ]| 89% |============================================ ]/ 90% |============================================= ]- 91% |============================================= ]\ 92% |============================================== ]| 92% |============================================== ]/ 93% |============================================== ]- 94% |=============================================== ]\ 95% |=============================================== ]| 96% |================================================ ]/ 97% |================================================ ]- 98% |================================================= ]\ 99% |================================================= ]|100% |================================================== ]/
[INFO] 2018-08-13 16:42:56 MethodsAssertGenerator - Run instrumented tests. (339)
[INFO] 2018-08-13 16:43:00 EntryPoint - Run: java -classpath /tmp/dspot-experiments/dataset/logback/logback-core/target/test-classes:/tmp/dspot-experiments/dataset/logback/logback-core/target/classes/:/home/spirals/danglot/.m2/repository/org/codehaus/janino/janino/3.0.6/janino-3.0.6.jar:/home/spirals/danglot/.m2/repository/org/codehaus/janino/commons-compiler/3.0.6/commons-compiler-3.0.6.jar:/home/spirals/danglot/.m2/repository/org/fusesource/jansi/jansi/1.9/jansi-1.9.jar:/home/spirals/danglot/.m2/repository/javax/mail/mail/1.4/mail-1.4.jar:/home/spirals/danglot/.m2/repository/javax/activation/activation/1.1/activation-1.1.jar:/home/spirals/danglot/.m2/repository/org/mockito/mockito-core/2.7.9/mockito-core-2.7.9.jar:/home/spirals/danglot/.m2/repository/net/bytebuddy/byte-buddy/1.6.5/byte-buddy-1.6.5.jar:/home/spirals/danglot/.m2/repository/net/bytebuddy/byte-buddy-agent/1.6.5/byte-buddy-agent-1.6.5.jar:/home/spirals/danglot/.m2/repository/org/objenesis/objenesis/2.5/objenesis-2.5.jar:/home/spirals/danglot/.m2/repository/javax/servlet/javax.servlet-api/3.1.0/javax.servlet-api-3.1.0.jar:/home/spirals/danglot/.m2/repository/joda-time/joda-time/2.9.2/joda-time-2.9.2.jar:/home/spirals/danglot/.m2/repository/junit/junit/4.10/junit-4.10.jar:/home/spirals/danglot/.m2/repository/org/hamcrest/hamcrest-core/1.1/hamcrest-core-1.1.jar:/home/spirals/danglot/.m2/repository/org/assertj/assertj-core/1.7.1/assertj-core-1.7.1.jar:/tmp/dspot-experiments/target/dspot/dependencies:/tmp/dspot/dspot/target/dspot-1.1.1-SNAPSHOT-jar-with-dependencies.jar eu.stamp_project.testrunner.runner.test.TestRunner ch.qos.logback.core.net.SyslogAppenderBaseTest testFacilityStringToint_add203_withlog0:testFacilityStringToint_add198_withlog0:testFacilityStringToint_add196_withlog0:testFacilityStringToint_add216_withlog0:testFacilityStringToint_add215_withlog0:testFacilityStringToint_add214_withlog0:testFacilityStringToint_add209_withlog0:testFacilityStringToint_add213_withlog0:testFacilityStringToint_add212_withlog0:testFacilityStringToint_add211_withlog0:testFacilityStringToint_add210_withlog0:testFacilityStringToint_add207_withlog0:testFacilityStringToint_add206_withlog0:testFacilityStringToint_add208_withlog0:testFacilityStringToint_add194_withlog0:testFacilityStringToint_add197_withlog0:testFacilityStringToint_add201_withlog0:testFacilityStringToint_add200_withlog0:testFacilityStringToint_add193_withlog0:testFacilityStringToint_add202_withlog0:testFacilityStringToint_add195_withlog0:testFacilityStringToint_add199_withlog0:testFacilityStringToint_add205_withlog0:testFacilityStringToint_add204_withlog0:testFacilityStringTointnull269_withlog0:testFacilityStringTointnull244_withlog0:testFacilityStringTointnull234_withlog0:testFacilityStringTointnull334_withlog0:testFacilityStringTointnull324_withlog0:testFacilityStringTointnull314_withlog0:testFacilityStringTointnull304_withlog0:testFacilityStringTointnull329_withlog0:testFacilityStringTointnull319_withlog0:testFacilityStringTointnull309_withlog0:testFacilityStringTointnull299_withlog0:testFacilityStringTointnull284_withlog0:testFacilityStringTointnull289_withlog0:testFacilityStringTointnull294_withlog0:testFacilityStringTointnull224_withlog0:testFacilityStringTointnull254_withlog0:testFacilityStringTointnull259_withlog0:testFacilityStringTointnull264_withlog0:testFacilityStringTointnull219_withlog0:testFacilityStringTointnull239_withlog0:testFacilityStringTointnull229_withlog0:testFacilityStringTointnull279_withlog0:testFacilityStringTointnull249_withlog0:testFacilityStringTointnull274_withlog0:testFacilityStringTointnull268_withlog0:testFacilityStringTointnull243_withlog0:testFacilityStringTointnull233_withlog0:testFacilityStringTointnull333_withlog0:testFacilityStringTointnull323_withlog0:testFacilityStringTointnull313_withlog0:testFacilityStringTointnull303_withlog0:testFacilityStringTointnull328_withlog0:testFacilityStringTointnull318_withlog0:testFacilityStringTointnull308_withlog0:testFacilityStringTointnull298_withlog0:testFacilityStringTointnull283_withlog0:testFacilityStringTointnull288_withlog0:testFacilityStringTointnull293_withlog0:testFacilityStringTointnull223_withlog0:testFacilityStringTointnull253_withlog0:testFacilityStringTointnull258_withlog0:testFacilityStringTointnull263_withlog0:testFacilityStringTointnull218_withlog0:testFacilityStringTointnull238_withlog0:testFacilityStringTointnull228_withlog0:testFacilityStringTointnull278_withlog0:testFacilityStringTointnull248_withlog0:testFacilityStringTointnull273_withlog0:testFacilityStringTointlitString33_withlog0:testFacilityStringTointlitString57_withlog0:testFacilityStringTointlitString49_withlog0:testFacilityStringTointnull302_withlog0:testFacilityStringTointnull222_withlog0:testFacilityStringTointnull312_withlog0:testFacilityStringTointnull232_withlog0:testFacilityStringTointnull322_withlog0:testFacilityStringTointnull242_withlog0:testFacilityStringTointnull332_withlog0:testFacilityStringTointnull252_withlog0:testFacilityStringTointnull217_withlog0:testFacilityStringTointnull262_withlog0:testFacilityStringTointnull307_withlog0:testFacilityStringTointnull227_withlog0:testFacilityStringTointnull272_withlog0:testFacilityStringTointnull317_withlog0:testFacilityStringTointnull237_withlog0:testFacilityStringTointnull282_withlog0:testFacilityStringTointnull327_withlog0:testFacilityStringTointlitString65_withlog0:testFacilityStringTointnull247_withlog0:testFacilityStringTointnull292_withlog0:testFacilityStringTointlitString17_withlog0:testFacilityStringTointnull257_withlog0:testFacilityStringTointlitString137_withlog0:testFacilityStringTointnull267_withlog0:testFacilityStringTointnull277_withlog0:testFacilityStringTointnull287_withlog0:testFacilityStringTointnull297_withlog0:testFacilityStringTointlitString161_withlog0:testFacilityStringTointlitString73_withlog0:testFacilityStringTointlitString121_withlog0:testFacilityStringTointlitString97_withlog0:testFacilityStringTointlitString113_withlog0:testFacilityStringTointlitString185_withlog0:testFacilityStringTointlitString1_withlog0:testFacilityStringTointlitString169_withlog0:testFacilityStringTointlitString98_withlog0:testFacilityStringTointlitString89_withlog0:testFacilityStringTointlitString10_withlog0:testFacilityStringToint_add203_withlog1:testFacilityStringToint_add198_withlog1:testFacilityStringToint_add196_withlog1:testFacilityStringToint_add216_withlog1:testFacilityStringToint_add215_withlog1:testFacilityStringToint_add214_withlog1:testFacilityStringToint_add209_withlog1:testFacilityStringToint_add213_withlog1:testFacilityStringToint_add212_withlog1:testFacilityStringToint_add211_withlog1:testFacilityStringToint_add210_withlog1:testFacilityStringToint_add207_withlog1:testFacilityStringToint_add206_withlog1:testFacilityStringToint_add208_withlog1:testFacilityStringToint_add194_withlog1:testFacilityStringToint_add197_withlog1:testFacilityStringToint_add201_withlog1:testFacilityStringToint_add200_withlog1:testFacilityStringToint_add193_withlog1:testFacilityStringToint_add202_withlog1:testFacilityStringToint_add195_withlog1:testFacilityStringToint_add199_withlog1:testFacilityStringToint_add205_withlog1:testFacilityStringToint_add204_withlog1:testFacilityStringTointnull269_withlog1:testFacilityStringTointnull244_withlog1:testFacilityStringTointnull234_withlog1:testFacilityStringTointnull334_withlog1:testFacilityStringTointnull324_withlog1:testFacilityStringTointnull314_withlog1:testFacilityStringTointnull304_withlog1:testFacilityStringTointnull329_withlog1:testFacilityStringTointnull319_withlog1:testFacilityStringTointnull309_withlog1:testFacilityStringTointnull299_withlog1:testFacilityStringTointnull284_withlog1:testFacilityStringTointnull289_withlog1:testFacilityStringTointnull294_withlog1:testFacilityStringTointnull224_withlog1:testFacilityStringTointnull254_withlog1:testFacilityStringTointnull259_withlog1:testFacilityStringTointnull264_withlog1:testFacilityStringTointnull219_withlog1:testFacilityStringTointnull239_withlog1:testFacilityStringTointnull229_withlog1:testFacilityStringTointnull279_withlog1:testFacilityStringTointnull249_withlog1:testFacilityStringTointnull274_withlog1:testFacilityStringTointnull268_withlog1:testFacilityStringTointnull243_withlog1:testFacilityStringTointnull233_withlog1:testFacilityStringTointnull333_withlog1:testFacilityStringTointnull323_withlog1:testFacilityStringTointnull313_withlog1:testFacilityStringTointnull303_withlog1:testFacilityStringTointnull328_withlog1:testFacilityStringTointnull318_withlog1:testFacilityStringTointnull308_withlog1:testFacilityStringTointnull298_withlog1:testFacilityStringTointnull283_withlog1:testFacilityStringTointnull288_withlog1:testFacilityStringTointnull293_withlog1:testFacilityStringTointnull223_withlog1:testFacilityStringTointnull253_withlog1:testFacilityStringTointnull258_withlog1:testFacilityStringTointnull263_withlog1:testFacilityStringTointnull218_withlog1:testFacilityStringTointnull238_withlog1:testFacilityStringTointnull228_withlog1:testFacilityStringTointnull278_withlog1:testFacilityStringTointnull248_withlog1:testFacilityStringTointnull273_withlog1:testFacilityStringTointlitString33_withlog1:testFacilityStringTointlitString57_withlog1:testFacilityStringTointlitString49_withlog1:testFacilityStringTointnull302_withlog1:testFacilityStringTointnull222_withlog1:testFacilityStringTointnull312_withlog1:testFacilityStringTointnull232_withlog1:testFacilityStringTointnull322_withlog1:testFacilityStringTointnull242_withlog1:testFacilityStringTointnull332_withlog1:testFacilityStringTointnull252_withlog1:testFacilityStringTointnull217_withlog1:testFacilityStringTointnull262_withlog1:testFacilityStringTointnull307_withlog1:testFacilityStringTointnull227_withlog1:testFacilityStringTointnull272_withlog1:testFacilityStringTointnull317_withlog1:testFacilityStringTointnull237_withlog1:testFacilityStringTointnull282_withlog1:testFacilityStringTointnull327_withlog1:testFacilityStringTointlitString65_withlog1:testFacilityStringTointnull247_withlog1:testFacilityStringTointnull292_withlog1:testFacilityStringTointlitString17_withlog1:testFacilityStringTointnull257_withlog1:testFacilityStringTointlitString137_withlog1:testFacilityStringTointnull267_withlog1:testFacilityStringTointnull277_withlog1:testFacilityStringTointnull287_withlog1:testFacilityStringTointnull297_withlog1:testFacilityStringTointlitString161_withlog1:testFacilityStringTointlitString73_withlog1:testFacilityStringTointlitString121_withlog1:testFacilityStringTointlitString97_withlog1:testFacilityStringTointlitString113_withlog1:testFacilityStringTointlitString185_withlog1:testFacilityStringTointlitString1_withlog1:testFacilityStringTointlitString169_withlog1:testFacilityStringTointlitString98_withlog1:testFacilityStringTointlitString89_withlog1:testFacilityStringTointlitString10_withlog1:testFacilityStringToint_add203_withlog2:testFacilityStringToint_add198_withlog2:testFacilityStringToint_add196_withlog2:testFacilityStringToint_add216_withlog2:testFacilityStringToint_add215_withlog2:testFacilityStringToint_add214_withlog2:testFacilityStringToint_add209_withlog2:testFacilityStringToint_add213_withlog2:testFacilityStringToint_add212_withlog2:testFacilityStringToint_add211_withlog2:testFacilityStringToint_add210_withlog2:testFacilityStringToint_add207_withlog2:testFacilityStringToint_add206_withlog2:testFacilityStringToint_add208_withlog2:testFacilityStringToint_add194_withlog2:testFacilityStringToint_add197_withlog2:testFacilityStringToint_add201_withlog2:testFacilityStringToint_add200_withlog2:testFacilityStringToint_add193_withlog2:testFacilityStringToint_add202_withlog2:testFacilityStringToint_add195_withlog2:testFacilityStringToint_add199_withlog2:testFacilityStringToint_add205_withlog2:testFacilityStringToint_add204_withlog2:testFacilityStringTointnull269_withlog2:testFacilityStringTointnull244_withlog2:testFacilityStringTointnull234_withlog2:testFacilityStringTointnull334_withlog2:testFacilityStringTointnull324_withlog2:testFacilityStringTointnull314_withlog2:testFacilityStringTointnull304_withlog2:testFacilityStringTointnull329_withlog2:testFacilityStringTointnull319_withlog2:testFacilityStringTointnull309_withlog2:testFacilityStringTointnull299_withlog2:testFacilityStringTointnull284_withlog2:testFacilityStringTointnull289_withlog2:testFacilityStringTointnull294_withlog2:testFacilityStringTointnull224_withlog2:testFacilityStringTointnull254_withlog2:testFacilityStringTointnull259_withlog2:testFacilityStringTointnull264_withlog2:testFacilityStringTointnull219_withlog2:testFacilityStringTointnull239_withlog2:testFacilityStringTointnull229_withlog2:testFacilityStringTointnull279_withlog2:testFacilityStringTointnull249_withlog2:testFacilityStringTointnull274_withlog2:testFacilityStringTointnull268_withlog2:testFacilityStringTointnull243_withlog2:testFacilityStringTointnull233_withlog2:testFacilityStringTointnull333_withlog2:testFacilityStringTointnull323_withlog2:testFacilityStringTointnull313_withlog2:testFacilityStringTointnull303_withlog2:testFacilityStringTointnull328_withlog2:testFacilityStringTointnull318_withlog2:testFacilityStringTointnull308_withlog2:testFacilityStringTointnull298_withlog2:testFacilityStringTointnull283_withlog2:testFacilityStringTointnull288_withlog2:testFacilityStringTointnull293_withlog2:testFacilityStringTointnull223_withlog2:testFacilityStringTointnull253_withlog2:testFacilityStringTointnull258_withlog2:testFacilityStringTointnull263_withlog2:testFacilityStringTointnull218_withlog2:testFacilityStringTointnull238_withlog2:testFacilityStringTointnull228_withlog2:testFacilityStringTointnull278_withlog2:testFacilityStringTointnull248_withlog2:testFacilityStringTointnull273_withlog2:testFacilityStringTointlitString33_withlog2:testFacilityStringTointlitString57_withlog2:testFacilityStringTointlitString49_withlog2:testFacilityStringTointnull302_withlog2:testFacilityStringTointnull222_withlog2:testFacilityStringTointnull312_withlog2:testFacilityStringTointnull232_withlog2:testFacilityStringTointnull322_withlog2:testFacilityStringTointnull242_withlog2:testFacilityStringTointnull332_withlog2:testFacilityStringTointnull252_withlog2:testFacilityStringTointnull217_withlog2:testFacilityStringTointnull262_withlog2:testFacilityStringTointnull307_withlog2:testFacilityStringTointnull227_withlog2:testFacilityStringTointnull272_withlog2:testFacilityStringTointnull317_withlog2:testFacilityStringTointnull237_withlog2:testFacilityStringTointnull282_withlog2:testFacilityStringTointnull327_withlog2:testFacilityStringTointlitString65_withlog2:testFacilityStringTointnull247_withlog2:testFacilityStringTointnull292_withlog2:testFacilityStringTointlitString17_withlog2:testFacilityStringTointnull257_withlog2:testFacilityStringTointlitString137_withlog2:testFacilityStringTointnull267_withlog2:testFacilityStringTointnull277_withlog2:testFacilityStringTointnull287_withlog2:testFacilityStringTointnull297_withlog2:testFacilityStringTointlitString161_withlog2:testFacilityStringTointlitString73_withlog2:testFacilityStringTointlitString121_withlog2:testFacilityStringTointlitString97_withlog2:testFacilityStringTointlitString113_withlog2:testFacilityStringTointlitString185_withlog2:testFacilityStringTointlitString1_withlog2:testFacilityStringTointlitString169_withlog2:testFacilityStringTointlitString98_withlog2:testFacilityStringTointlitString89_withlog2:testFacilityStringTointlitString10_withlog2
File saved to the following path: /tmp/dspot-experiments/dataset/logback/logback-core/target/dspot/observations.ser
File saved to the following path: /tmp/dspot-experiments/dataset/logback/logback-core/target/dspot/TestListener.ser
[INFO] 2018-08-13 16:43:02 EntryPoint - Test has been run: testFacilityStringToint_add203_withlog0,testFacilityStringToint_add198_withlog0,testFacilityStringToint_add196_withlog0,testFacilityStringToint_add216_withlog0,testFacilityStringToint_add215_withlog0,testFacilityStringToint_add214_withlog0,testFacilityStringToint_add209_withlog0,testFacilityStringToint_add213_withlog0,testFacilityStringToint_add212_withlog0,testFacilityStringToint_add211_withlog0,testFacilityStringToint_add210_withlog0,testFacilityStringToint_add207_withlog0,testFacilityStringToint_add206_withlog0,testFacilityStringToint_add208_withlog0,testFacilityStringToint_add194_withlog0,testFacilityStringToint_add197_withlog0,testFacilityStringToint_add201_withlog0,testFacilityStringToint_add200_withlog0,testFacilityStringToint_add193_withlog0,testFacilityStringToint_add202_withlog0,testFacilityStringToint_add195_withlog0,testFacilityStringToint_add199_withlog0,testFacilityStringToint_add205_withlog0,testFacilityStringToint_add204_withlog0,testFacilityStringTointnull269_withlog0,testFacilityStringTointnull244_withlog0,testFacilityStringTointnull234_withlog0,testFacilityStringTointnull334_withlog0,testFacilityStringTointnull324_withlog0,testFacilityStringTointnull314_withlog0,testFacilityStringTointnull304_withlog0,testFacilityStringTointnull329_withlog0,testFacilityStringTointnull319_withlog0,testFacilityStringTointnull309_withlog0,testFacilityStringTointnull299_withlog0,testFacilityStringTointnull284_withlog0,testFacilityStringTointnull289_withlog0,testFacilityStringTointnull294_withlog0,testFacilityStringTointnull224_withlog0,testFacilityStringTointnull254_withlog0,testFacilityStringTointnull259_withlog0,testFacilityStringTointnull264_withlog0,testFacilityStringTointnull219_withlog0,testFacilityStringTointnull239_withlog0,testFacilityStringTointnull229_withlog0,testFacilityStringTointnull279_withlog0,testFacilityStringTointnull249_withlog0,testFacilityStringTointnull274_withlog0,testFacilityStringTointnull268_withlog0,testFacilityStringTointnull243_withlog0,testFacilityStringTointnull233_withlog0,testFacilityStringTointnull333_withlog0,testFacilityStringTointnull323_withlog0,testFacilityStringTointnull313_withlog0,testFacilityStringTointnull303_withlog0,testFacilityStringTointnull328_withlog0,testFacilityStringTointnull318_withlog0,testFacilityStringTointnull308_withlog0,testFacilityStringTointnull298_withlog0,testFacilityStringTointnull283_withlog0,testFacilityStringTointnull288_withlog0,testFacilityStringTointnull293_withlog0,testFacilityStringTointnull223_withlog0,testFacilityStringTointnull253_withlog0,testFacilityStringTointnull258_withlog0,testFacilityStringTointnull263_withlog0,testFacilityStringTointnull218_withlog0,testFacilityStringTointnull238_withlog0,testFacilityStringTointnull228_withlog0,testFacilityStringTointnull278_withlog0,testFacilityStringTointnull248_withlog0,testFacilityStringTointnull273_withlog0,testFacilityStringTointlitString33_withlog0,testFacilityStringTointlitString57_withlog0,testFacilityStringTointlitString49_withlog0,testFacilityStringTointnull302_withlog0,testFacilityStringTointnull222_withlog0,testFacilityStringTointnull312_withlog0,testFacilityStringTointnull232_withlog0,testFacilityStringTointnull322_withlog0,testFacilityStringTointnull242_withlog0,testFacilityStringTointnull332_withlog0,testFacilityStringTointnull252_withlog0,testFacilityStringTointnull217_withlog0,testFacilityStringTointnull262_withlog0,testFacilityStringTointnull307_withlog0,testFacilityStringTointnull227_withlog0,testFacilityStringTointnull272_withlog0,testFacilityStringTointnull317_withlog0,testFacilityStringTointnull237_withlog0,testFacilityStringTointnull282_withlog0,testFacilityStringTointnull327_withlog0,testFacilityStringTointlitString65_withlog0,testFacilityStringTointnull247_withlog0,testFacilityStringTointnull292_withlog0,testFacilityStringTointlitString17_withlog0,testFacilityStringTointnull257_withlog0,testFacilityStringTointlitString137_withlog0,testFacilityStringTointnull267_withlog0,testFacilityStringTointnull277_withlog0,testFacilityStringTointnull287_withlog0,testFacilityStringTointnull297_withlog0,testFacilityStringTointlitString161_withlog0,testFacilityStringTointlitString73_withlog0,testFacilityStringTointlitString121_withlog0,testFacilityStringTointlitString97_withlog0,testFacilityStringTointlitString113_withlog0,testFacilityStringTointlitString185_withlog0,testFacilityStringTointlitString1_withlog0,testFacilityStringTointlitString169_withlog0,testFacilityStringTointlitString98_withlog0,testFacilityStringTointlitString89_withlog0,testFacilityStringTointlitString10_withlog0,testFacilityStringToint_add203_withlog1,testFacilityStringToint_add198_withlog1,testFacilityStringToint_add196_withlog1,testFacilityStringToint_add216_withlog1,testFacilityStringToint_add215_withlog1,testFacilityStringToint_add214_withlog1,testFacilityStringToint_add209_withlog1,testFacilityStringToint_add213_withlog1,testFacilityStringToint_add212_withlog1,testFacilityStringToint_add211_withlog1,testFacilityStringToint_add210_withlog1,testFacilityStringToint_add207_withlog1,testFacilityStringToint_add206_withlog1,testFacilityStringToint_add208_withlog1,testFacilityStringToint_add194_withlog1,testFacilityStringToint_add197_withlog1,testFacilityStringToint_add201_withlog1,testFacilityStringToint_add200_withlog1,testFacilityStringToint_add193_withlog1,testFacilityStringToint_add202_withlog1,testFacilityStringToint_add195_withlog1,testFacilityStringToint_add199_withlog1,testFacilityStringToint_add205_withlog1,testFacilityStringToint_add204_withlog1,testFacilityStringTointnull269_withlog1,testFacilityStringTointnull244_withlog1,testFacilityStringTointnull234_withlog1,testFacilityStringTointnull334_withlog1,testFacilityStringTointnull324_withlog1,testFacilityStringTointnull314_withlog1,testFacilityStringTointnull304_withlog1,testFacilityStringTointnull329_withlog1,testFacilityStringTointnull319_withlog1,testFacilityStringTointnull309_withlog1,testFacilityStringTointnull299_withlog1,testFacilityStringTointnull284_withlog1,testFacilityStringTointnull289_withlog1,testFacilityStringTointnull294_withlog1,testFacilityStringTointnull224_withlog1,testFacilityStringTointnull254_withlog1,testFacilityStringTointnull259_withlog1,testFacilityStringTointnull264_withlog1,testFacilityStringTointnull219_withlog1,testFacilityStringTointnull239_withlog1,testFacilityStringTointnull229_withlog1,testFacilityStringTointnull279_withlog1,testFacilityStringTointnull249_withlog1,testFacilityStringTointnull274_withlog1,testFacilityStringTointnull268_withlog1,testFacilityStringTointnull243_withlog1,testFacilityStringTointnull233_withlog1,testFacilityStringTointnull333_withlog1,testFacilityStringTointnull323_withlog1,testFacilityStringTointnull313_withlog1,testFacilityStringTointnull303_withlog1,testFacilityStringTointnull328_withlog1,testFacilityStringTointnull318_withlog1,testFacilityStringTointnull308_withlog1,testFacilityStringTointnull298_withlog1,testFacilityStringTointnull283_withlog1,testFacilityStringTointnull288_withlog1,testFacilityStringTointnull293_withlog1,testFacilityStringTointnull223_withlog1,testFacilityStringTointnull253_withlog1,testFacilityStringTointnull258_withlog1,testFacilityStringTointnull263_withlog1,testFacilityStringTointnull218_withlog1,testFacilityStringTointnull238_withlog1,testFacilityStringTointnull228_withlog1,testFacilityStringTointnull278_withlog1,testFacilityStringTointnull248_withlog1,testFacilityStringTointnull273_withlog1,testFacilityStringTointlitString33_withlog1,testFacilityStringTointlitString57_withlog1,testFacilityStringTointlitString49_withlog1,testFacilityStringTointnull302_withlog1,testFacilityStringTointnull222_withlog1,testFacilityStringTointnull312_withlog1,testFacilityStringTointnull232_withlog1,testFacilityStringTointnull322_withlog1,testFacilityStringTointnull242_withlog1,testFacilityStringTointnull332_withlog1,testFacilityStringTointnull252_withlog1,testFacilityStringTointnull217_withlog1,testFacilityStringTointnull262_withlog1,testFacilityStringTointnull307_withlog1,testFacilityStringTointnull227_withlog1,testFacilityStringTointnull272_withlog1,testFacilityStringTointnull317_withlog1,testFacilityStringTointnull237_withlog1,testFacilityStringTointnull282_withlog1,testFacilityStringTointnull327_withlog1,testFacilityStringTointlitString65_withlog1,testFacilityStringTointnull247_withlog1,testFacilityStringTointnull292_withlog1,testFacilityStringTointlitString17_withlog1,testFacilityStringTointnull257_withlog1,testFacilityStringTointlitString137_withlog1,testFacilityStringTointnull267_withlog1,testFacilityStringTointnull277_withlog1,testFacilityStringTointnull287_withlog1,testFacilityStringTointnull297_withlog1,testFacilityStringTointlitString161_withlog1,testFacilityStringTointlitString73_withlog1,testFacilityStringTointlitString121_withlog1,testFacilityStringTointlitString97_withlog1,testFacilityStringTointlitString113_withlog1,testFacilityStringTointlitString185_withlog1,testFacilityStringTointlitString1_withlog1,testFacilityStringTointlitString169_withlog1,testFacilityStringTointlitString98_withlog1,testFacilityStringTointlitString89_withlog1,testFacilityStringTointlitString10_withlog1,testFacilityStringToint_add203_withlog2,testFacilityStringToint_add198_withlog2,testFacilityStringToint_add196_withlog2,testFacilityStringToint_add216_withlog2,testFacilityStringToint_add215_withlog2,testFacilityStringToint_add214_withlog2,testFacilityStringToint_add209_withlog2,testFacilityStringToint_add213_withlog2,testFacilityStringToint_add212_withlog2,testFacilityStringToint_add211_withlog2,testFacilityStringToint_add210_withlog2,testFacilityStringToint_add207_withlog2,testFacilityStringToint_add206_withlog2,testFacilityStringToint_add208_withlog2,testFacilityStringToint_add194_withlog2,testFacilityStringToint_add197_withlog2,testFacilityStringToint_add201_withlog2,testFacilityStringToint_add200_withlog2,testFacilityStringToint_add193_withlog2,testFacilityStringToint_add202_withlog2,testFacilityStringToint_add195_withlog2,testFacilityStringToint_add199_withlog2,testFacilityStringToint_add205_withlog2,testFacilityStringToint_add204_withlog2,testFacilityStringTointnull269_withlog2,testFacilityStringTointnull244_withlog2,testFacilityStringTointnull234_withlog2,testFacilityStringTointnull334_withlog2,testFacilityStringTointnull324_withlog2,testFacilityStringTointnull314_withlog2,testFacilityStringTointnull304_withlog2,testFacilityStringTointnull329_withlog2,testFacilityStringTointnull319_withlog2,testFacilityStringTointnull309_withlog2,testFacilityStringTointnull299_withlog2,testFacilityStringTointnull284_withlog2,testFacilityStringTointnull289_withlog2,testFacilityStringTointnull294_withlog2,testFacilityStringTointnull224_withlog2,testFacilityStringTointnull254_withlog2,testFacilityStringTointnull259_withlog2,testFacilityStringTointnull264_withlog2,testFacilityStringTointnull219_withlog2,testFacilityStringTointnull239_withlog2,testFacilityStringTointnull229_withlog2,testFacilityStringTointnull279_withlog2,testFacilityStringTointnull249_withlog2,testFacilityStringTointnull274_withlog2,testFacilityStringTointnull268_withlog2,testFacilityStringTointnull243_withlog2,testFacilityStringTointnull233_withlog2,testFacilityStringTointnull333_withlog2,testFacilityStringTointnull323_withlog2,testFacilityStringTointnull313_withlog2,testFacilityStringTointnull303_withlog2,testFacilityStringTointnull328_withlog2,testFacilityStringTointnull318_withlog2,testFacilityStringTointnull308_withlog2,testFacilityStringTointnull298_withlog2,testFacilityStringTointnull283_withlog2,testFacilityStringTointnull288_withlog2,testFacilityStringTointnull293_withlog2,testFacilityStringTointnull223_withlog2,testFacilityStringTointnull253_withlog2,testFacilityStringTointnull258_withlog2,testFacilityStringTointnull263_withlog2,testFacilityStringTointnull218_withlog2,testFacilityStringTointnull238_withlog2,testFacilityStringTointnull228_withlog2,testFacilityStringTointnull278_withlog2,testFacilityStringTointnull248_withlog2,testFacilityStringTointnull273_withlog2,testFacilityStringTointlitString33_withlog2,testFacilityStringTointlitString57_withlog2,testFacilityStringTointlitString49_withlog2,testFacilityStringTointnull302_withlog2,testFacilityStringTointnull222_withlog2,testFacilityStringTointnull312_withlog2,testFacilityStringTointnull232_withlog2,testFacilityStringTointnull322_withlog2,testFacilityStringTointnull242_withlog2,testFacilityStringTointnull332_withlog2,testFacilityStringTointnull252_withlog2,testFacilityStringTointnull217_withlog2,testFacilityStringTointnull262_withlog2,testFacilityStringTointnull307_withlog2,testFacilityStringTointnull227_withlog2,testFacilityStringTointnull272_withlog2,testFacilityStringTointnull317_withlog2,testFacilityStringTointnull237_withlog2,testFacilityStringTointnull282_withlog2,testFacilityStringTointnull327_withlog2,testFacilityStringTointlitString65_withlog2,testFacilityStringTointnull247_withlog2,testFacilityStringTointnull292_withlog2,testFacilityStringTointlitString17_withlog2,testFacilityStringTointnull257_withlog2,testFacilityStringTointlitString137_withlog2,testFacilityStringTointnull267_withlog2,testFacilityStringTointnull277_withlog2,testFacilityStringTointnull287_withlog2,testFacilityStringTointnull297_withlog2,testFacilityStringTointlitString161_withlog2,testFacilityStringTointlitString73_withlog2,testFacilityStringTointlitString121_withlog2,testFacilityStringTointlitString97_withlog2,testFacilityStringTointlitString113_withlog2,testFacilityStringTointlitString185_withlog2,testFacilityStringTointlitString1_withlog2,testFacilityStringTointlitString169_withlog2,testFacilityStringTointlitString98_withlog2,testFacilityStringTointlitString89_withlog2,testFacilityStringTointlitString10_withlog2
[INFO] 2018-08-13 16:43:02 MethodsAssertGenerator - Generating assertions...
[INFO] 2018-08-13 16:43:04 AssertGenerator - 63 test fail, generating try/catch/fail blocks...
[INFO] 2018-08-13 16:43:04 AssertGenerator - 176 new tests with assertions generated
[INFO] 2018-08-13 16:43:05 EntryPoint - Run: java -classpath /tmp/dspot-experiments/dataset/logback/logback-core/target/test-classes:/tmp/dspot-experiments/dataset/logback/logback-core/target/classes/:/home/spirals/danglot/.m2/repository/org/codehaus/janino/janino/3.0.6/janino-3.0.6.jar:/home/spirals/danglot/.m2/repository/org/codehaus/janino/commons-compiler/3.0.6/commons-compiler-3.0.6.jar:/home/spirals/danglot/.m2/repository/org/fusesource/jansi/jansi/1.9/jansi-1.9.jar:/home/spirals/danglot/.m2/repository/javax/mail/mail/1.4/mail-1.4.jar:/home/spirals/danglot/.m2/repository/javax/activation/activation/1.1/activation-1.1.jar:/home/spirals/danglot/.m2/repository/org/mockito/mockito-core/2.7.9/mockito-core-2.7.9.jar:/home/spirals/danglot/.m2/repository/net/bytebuddy/byte-buddy/1.6.5/byte-buddy-1.6.5.jar:/home/spirals/danglot/.m2/repository/net/bytebuddy/byte-buddy-agent/1.6.5/byte-buddy-agent-1.6.5.jar:/home/spirals/danglot/.m2/repository/org/objenesis/objenesis/2.5/objenesis-2.5.jar:/home/spirals/danglot/.m2/repository/javax/servlet/javax.servlet-api/3.1.0/javax.servlet-api-3.1.0.jar:/home/spirals/danglot/.m2/repository/joda-time/joda-time/2.9.2/joda-time-2.9.2.jar:/home/spirals/danglot/.m2/repository/junit/junit/4.10/junit-4.10.jar:/home/spirals/danglot/.m2/repository/org/hamcrest/hamcrest-core/1.1/hamcrest-core-1.1.jar:/home/spirals/danglot/.m2/repository/org/assertj/assertj-core/1.7.1/assertj-core-1.7.1.jar:/tmp/dspot-experiments/target/dspot/dependencies:/tmp/dspot/dspot/target/dspot-1.1.1-SNAPSHOT-jar-with-dependencies.jar eu.stamp_project.testrunner.runner.test.TestRunner ch.qos.logback.core.net.SyslogAppenderBaseTest testFacilityStringToint_add203:testFacilityStringToint_add198:testFacilityStringToint_add196:testFacilityStringToint_add216:testFacilityStringToint_add215:testFacilityStringToint_add214:testFacilityStringToint_add209:testFacilityStringToint_add213:testFacilityStringToint_add212:testFacilityStringToint_add211:testFacilityStringToint_add210:testFacilityStringToint_add207:testFacilityStringToint_add206:testFacilityStringToint_add208:testFacilityStringToint_add194:testFacilityStringToint_add197:testFacilityStringToint_add201:testFacilityStringToint_add200:testFacilityStringToint_add193:testFacilityStringToint_add202:testFacilityStringToint_add195:testFacilityStringToint_add199:testFacilityStringToint_add205:testFacilityStringToint_add204:testFacilityStringTointnull269:testFacilityStringTointnull244:testFacilityStringTointnull234:testFacilityStringTointnull334:testFacilityStringTointnull324:testFacilityStringTointnull314:testFacilityStringTointnull304:testFacilityStringTointnull329:testFacilityStringTointnull319:testFacilityStringTointnull309:testFacilityStringTointnull299:testFacilityStringTointnull284:testFacilityStringTointnull289:testFacilityStringTointnull294:testFacilityStringTointnull224:testFacilityStringTointnull254:testFacilityStringTointnull259:testFacilityStringTointnull264:testFacilityStringTointnull219:testFacilityStringTointnull239:testFacilityStringTointnull229:testFacilityStringTointnull279:testFacilityStringTointnull249:testFacilityStringTointnull274:testFacilityStringTointnull268:testFacilityStringTointnull243:testFacilityStringTointnull233:testFacilityStringTointnull333:testFacilityStringTointnull323:testFacilityStringTointnull313:testFacilityStringTointnull303:testFacilityStringTointnull328:testFacilityStringTointnull318:testFacilityStringTointnull308:testFacilityStringTointnull298:testFacilityStringTointnull283:testFacilityStringTointnull288:testFacilityStringTointnull293:testFacilityStringTointnull223:testFacilityStringTointnull253:testFacilityStringTointnull258:testFacilityStringTointnull263:testFacilityStringTointnull218:testFacilityStringTointnull238:testFacilityStringTointnull228:testFacilityStringTointnull278:testFacilityStringTointnull248:testFacilityStringTointnull273:testFacilityStringTointlitString33:testFacilityStringTointlitString57:testFacilityStringTointlitString49:testFacilityStringTointnull302:testFacilityStringTointnull222:testFacilityStringTointnull312:testFacilityStringTointnull232:testFacilityStringTointnull322:testFacilityStringTointnull242:testFacilityStringTointnull332:testFacilityStringTointnull252:testFacilityStringTointnull217:testFacilityStringTointnull262:testFacilityStringTointnull307:testFacilityStringTointnull227:testFacilityStringTointnull272:testFacilityStringTointnull317:testFacilityStringTointnull237:testFacilityStringTointnull282:testFacilityStringTointnull327:testFacilityStringTointlitString65:testFacilityStringTointnull247:testFacilityStringTointnull292:testFacilityStringTointlitString17:testFacilityStringTointnull257:testFacilityStringTointlitString137:testFacilityStringTointnull267:testFacilityStringTointnull277:testFacilityStringTointnull287:testFacilityStringTointnull297:testFacilityStringTointlitString161:testFacilityStringTointlitString73:testFacilityStringTointlitString121:testFacilityStringTointlitString97:testFacilityStringTointlitString113:testFacilityStringTointlitString185:testFacilityStringTointlitString1:testFacilityStringTointlitString169:testFacilityStringTointlitString98:testFacilityStringTointlitString89:testFacilityStringTointlitString10:testFacilityStringTointlitString109_failAssert0:testFacilityStringTointlitString179_failAssert1:testFacilityStringTointlitString155_failAssert2:testFacilityStringTointlitString123_failAssert3:testFacilityStringTointlitString141_failAssert4:testFacilityStringTointlitString157_failAssert5:testFacilityStringTointlitString139_failAssert6:testFacilityStringTointlitString131_failAssert7:testFacilityStringTointlitString163_failAssert8:testFacilityStringTointlitString189_failAssert9:testFacilityStringTointlitString147_failAssert10:testFacilityStringTointlitString35_failAssert11:testFacilityStringTointlitString117_failAssert12:testFacilityStringTointlitString181_failAssert13:testFacilityStringTointlitString99_failAssert14:testFacilityStringTointlitString125_failAssert15:testFacilityStringTointlitString85_failAssert16:testFacilityStringTointlitString149_failAssert17:testFacilityStringTointlitString170_failAssert18:testFacilityStringTointlitString115_failAssert19:testFacilityStringTointlitString187_failAssert20:testFacilityStringTointlitString107_failAssert21:testFacilityStringTointlitString75_failAssert22:testFacilityStringTointlitString171_failAssert23:testFacilityStringTointlitString59_failAssert24:testFacilityStringTointlitString51_failAssert25:testFacilityStringTointlitString114_failAssert26:testFacilityStringTointlitString122_failAssert27:testFacilityStringTointlitString83_failAssert28:testFacilityStringTointlitString67_failAssert29:testFacilityStringTointlitString5_failAssert30:testFacilityStringTointlitString21_failAssert31:testFacilityStringTointlitString43_failAssert32:testFacilityStringTointlitString91_failAssert33:testFacilityStringTointlitString165_failAssert34:testFacilityStringTointlitString90_failAssert35:testFacilityStringTointlitString19_failAssert36:testFacilityStringTointlitString162_failAssert37:testFacilityStringTointlitString77_failAssert38:testFacilityStringTointlitString154_failAssert39:testFacilityStringTointlitString186_failAssert40:testFacilityStringTointlitString69_failAssert41:testFacilityStringTointlitString106_failAssert42:testFacilityStringTointlitString45_failAssert43:testFacilityStringTointlitString133_failAssert44:testFacilityStringTointlitString173_failAssert45:testFacilityStringTointlitString27_failAssert46:testFacilityStringTointlitString178_failAssert47:testFacilityStringTointlitString42_failAssert48:testFacilityStringTointlitString130_failAssert49:testFacilityStringTointlitString11_failAssert50:testFacilityStringTointlitString53_failAssert51:testFacilityStringTointlitString29_failAssert52:testFacilityStringTointlitString138_failAssert53:testFacilityStringTointlitString66_failAssert54:testFacilityStringTointlitString74_failAssert55:testFacilityStringTointlitString26_failAssert56:testFacilityStringTointlitString146_failAssert57:testFacilityStringTointlitString13_failAssert58:testFacilityStringTointlitString103_failAssert59:testFacilityStringTointlitString3_failAssert60:testFacilityStringTointlitString50_failAssert61:testFacilityStringTointlitString61_failAssert62
File saved to the following path: /tmp/dspot-experiments/dataset/logback/logback-core/target/dspot/TestListener.ser
[INFO] 2018-08-13 16:43:06 EntryPoint - Test has been run: testFacilityStringToint_add203,testFacilityStringToint_add198,testFacilityStringToint_add196,testFacilityStringToint_add216,testFacilityStringToint_add215,testFacilityStringToint_add214,testFacilityStringToint_add209,testFacilityStringToint_add213,testFacilityStringToint_add212,testFacilityStringToint_add211,testFacilityStringToint_add210,testFacilityStringToint_add207,testFacilityStringToint_add206,testFacilityStringToint_add208,testFacilityStringToint_add194,testFacilityStringToint_add197,testFacilityStringToint_add201,testFacilityStringToint_add200,testFacilityStringToint_add193,testFacilityStringToint_add202,testFacilityStringToint_add195,testFacilityStringToint_add199,testFacilityStringToint_add205,testFacilityStringToint_add204,testFacilityStringTointnull269,testFacilityStringTointnull244,testFacilityStringTointnull234,testFacilityStringTointnull334,testFacilityStringTointnull324,testFacilityStringTointnull314,testFacilityStringTointnull304,testFacilityStringTointnull329,testFacilityStringTointnull319,testFacilityStringTointnull309,testFacilityStringTointnull299,testFacilityStringTointnull284,testFacilityStringTointnull289,testFacilityStringTointnull294,testFacilityStringTointnull224,testFacilityStringTointnull254,testFacilityStringTointnull259,testFacilityStringTointnull264,testFacilityStringTointnull219,testFacilityStringTointnull239,testFacilityStringTointnull229,testFacilityStringTointnull279,testFacilityStringTointnull249,testFacilityStringTointnull274,testFacilityStringTointnull268,testFacilityStringTointnull243,testFacilityStringTointnull233,testFacilityStringTointnull333,testFacilityStringTointnull323,testFacilityStringTointnull313,testFacilityStringTointnull303,testFacilityStringTointnull328,testFacilityStringTointnull318,testFacilityStringTointnull308,testFacilityStringTointnull298,testFacilityStringTointnull283,testFacilityStringTointnull288,testFacilityStringTointnull293,testFacilityStringTointnull223,testFacilityStringTointnull253,testFacilityStringTointnull258,testFacilityStringTointnull263,testFacilityStringTointnull218,testFacilityStringTointnull238,testFacilityStringTointnull228,testFacilityStringTointnull278,testFacilityStringTointnull248,testFacilityStringTointnull273,testFacilityStringTointlitString33,testFacilityStringTointlitString57,testFacilityStringTointlitString49,testFacilityStringTointnull302,testFacilityStringTointnull222,testFacilityStringTointnull312,testFacilityStringTointnull232,testFacilityStringTointnull322,testFacilityStringTointnull242,testFacilityStringTointnull332,testFacilityStringTointnull252,testFacilityStringTointnull217,testFacilityStringTointnull262,testFacilityStringTointnull307,testFacilityStringTointnull227,testFacilityStringTointnull272,testFacilityStringTointnull317,testFacilityStringTointnull237,testFacilityStringTointnull282,testFacilityStringTointnull327,testFacilityStringTointlitString65,testFacilityStringTointnull247,testFacilityStringTointnull292,testFacilityStringTointlitString17,testFacilityStringTointnull257,testFacilityStringTointlitString137,testFacilityStringTointnull267,testFacilityStringTointnull277,testFacilityStringTointnull287,testFacilityStringTointnull297,testFacilityStringTointlitString161,testFacilityStringTointlitString73,testFacilityStringTointlitString121,testFacilityStringTointlitString97,testFacilityStringTointlitString113,testFacilityStringTointlitString185,testFacilityStringTointlitString1,testFacilityStringTointlitString169,testFacilityStringTointlitString98,testFacilityStringTointlitString89,testFacilityStringTointlitString10,testFacilityStringTointlitString109_failAssert0,testFacilityStringTointlitString179_failAssert1,testFacilityStringTointlitString155_failAssert2,testFacilityStringTointlitString123_failAssert3,testFacilityStringTointlitString141_failAssert4,testFacilityStringTointlitString157_failAssert5,testFacilityStringTointlitString139_failAssert6,testFacilityStringTointlitString131_failAssert7,testFacilityStringTointlitString163_failAssert8,testFacilityStringTointlitString189_failAssert9,testFacilityStringTointlitString147_failAssert10,testFacilityStringTointlitString35_failAssert11,testFacilityStringTointlitString117_failAssert12,testFacilityStringTointlitString181_failAssert13,testFacilityStringTointlitString99_failAssert14,testFacilityStringTointlitString125_failAssert15,testFacilityStringTointlitString85_failAssert16,testFacilityStringTointlitString149_failAssert17,testFacilityStringTointlitString170_failAssert18,testFacilityStringTointlitString115_failAssert19,testFacilityStringTointlitString187_failAssert20,testFacilityStringTointlitString107_failAssert21,testFacilityStringTointlitString75_failAssert22,testFacilityStringTointlitString171_failAssert23,testFacilityStringTointlitString59_failAssert24,testFacilityStringTointlitString51_failAssert25,testFacilityStringTointlitString114_failAssert26,testFacilityStringTointlitString122_failAssert27,testFacilityStringTointlitString83_failAssert28,testFacilityStringTointlitString67_failAssert29,testFacilityStringTointlitString5_failAssert30,testFacilityStringTointlitString21_failAssert31,testFacilityStringTointlitString43_failAssert32,testFacilityStringTointlitString91_failAssert33,testFacilityStringTointlitString165_failAssert34,testFacilityStringTointlitString90_failAssert35,testFacilityStringTointlitString19_failAssert36,testFacilityStringTointlitString162_failAssert37,testFacilityStringTointlitString77_failAssert38,testFacilityStringTointlitString154_failAssert39,testFacilityStringTointlitString186_failAssert40,testFacilityStringTointlitString69_failAssert41,testFacilityStringTointlitString106_failAssert42,testFacilityStringTointlitString45_failAssert43,testFacilityStringTointlitString133_failAssert44,testFacilityStringTointlitString173_failAssert45,testFacilityStringTointlitString27_failAssert46,testFacilityStringTointlitString178_failAssert47,testFacilityStringTointlitString42_failAssert48,testFacilityStringTointlitString130_failAssert49,testFacilityStringTointlitString11_failAssert50,testFacilityStringTointlitString53_failAssert51,testFacilityStringTointlitString29_failAssert52,testFacilityStringTointlitString138_failAssert53,testFacilityStringTointlitString66_failAssert54,testFacilityStringTointlitString74_failAssert55,testFacilityStringTointlitString26_failAssert56,testFacilityStringTointlitString146_failAssert57,testFacilityStringTointlitString13_failAssert58,testFacilityStringTointlitString103_failAssert59,testFacilityStringTointlitString3_failAssert60,testFacilityStringTointlitString50_failAssert61,testFacilityStringTointlitString61_failAssert62
[INFO] 2018-08-13 16:43:06 Amplification - Assertion amplification: 200 test method(s) has been successfully amplified.
[WARN] 2018-08-13 16:43:07 Launcher - You specified the directory /tmp/dspot-experiments/dataset/logback/logback-core/target/classes in source classpath, please note that only class files will be considered. Jars and subdirectories will be ignored.
[WARN] 2018-08-13 16:43:07 Launcher - You specified the directory /tmp/dspot-experiments/dataset/logback/logback-core/target/test-classes in source classpath, please note that only class files will be considered. Jars and subdirectories will be ignored.
[WARN] 2018-08-13 16:43:07 Launcher - You specified the directory target/dspot/dependencies in source classpath, please note that only class files will be considered. Jars and subdirectories will be ignored.
[INFO] 2018-08-13 16:43:11 MavenAutomaticBuilder - run maven org.pitest:pitest-maven:1.4.0:mutationCoverage -DwithHistory -DtargetClasses=ch.qos.logback.core.* -DreportsDirectory=target/pit-reports -DoutputFormats=CSV,HTML -DtimeoutConst=10000 -DjvmArgs=16G -DtargetTests=ch.qos.logback.core.net.SyslogAppenderBaseTest -DadditionalClasspathElements=target/dspot/dependencies/ -DmutationEngines=gregor -Dmutators=ALL 
[WARN] Maven will be executed in interactive mode, but no input stream has been configured for this MavenInvoker instance.
[INFO] Scanning for projects...
[INFO]                                                                         
[INFO] ------------------------------------------------------------------------
[INFO] Building Logback Core Module 1.3.0-SNAPSHOT
[INFO] ------------------------------------------------------------------------
[INFO] 
[INFO] --- pitest-maven:1.4.0:mutationCoverage (default-cli) @ logback-core ---
[INFO] Found plugin : Default csv report plugin
[INFO] Found plugin : Default xml report plugin
[INFO] Found plugin : Default html report plugin
[INFO] Found plugin : Static initializer code detector plugin
[INFO] Found plugin : Static initializer filter plugin
[INFO] Found plugin : Excluded annotations plugin
[INFO] Found plugin : Inlined finally block filter plugin
[INFO] Found plugin : Try with resources filter
[INFO] Found plugin : Implicit null check filter
[INFO] Found plugin : For each loop filter
[INFO] Found plugin : Logging calls filter
[INFO] Found plugin : Infinite for loop filter
[INFO] Found plugin : Long running iterator loop filter
[INFO] Found plugin : For loop counter filter
[INFO] Found plugin : Kotlin junk mutations filter
[INFO] Found plugin : Max mutations per class limit
[INFO] Found plugin : Equals shortcut equivalent mutant filter
[INFO] Found plugin : Trivial return vals equivalence filter
[INFO] Found plugin : Mutant export plugin
[INFO] Found shared classpath plugin : Default mutation engine
[INFO] Found shared classpath plugin : JUnit plugin
[INFO] Found shared classpath plugin : TestNG plugin
[INFO] Adding org.pitest:pitest to SUT classpath
[INFO] Mutating from /tmp/dspot-experiments/dataset/logback/logback-core/target/classes
[INFO] Will read and write history at /tmp/ch.qos.logback.logback-core.1.3.0-SNAPSHOT_pitest_history.bin
4:43:15 PM PIT >> INFO : Verbose logging is disabled. If you encounter an problem please enable it before reporting an issue.
4:43:16 PM PIT >> INFO : Sending 1 test classes to minion
4:43:16 PM PIT >> INFO : Sent tests to minion
4:43:16 PM PIT >> INFO : MINION : 4:43:16 PM PIT >> INFO : Checking environment

4:43:16 PM PIT >> INFO : MINION : 4:43:16 PM PIT >> INFO : Found  176 tests

4:43:16 PM PIT >> INFO : MINION : 4:43:16 PM PIT >> INFO : Dependency analysis reduced number of potential tests by 0

4:43:16 PM PIT >> INFO : MINION : 4:43:16 PM PIT >> INFO : 176 tests received

4:43:17 PM PIT >> INFO : MINION : 4:43:17 PM PIT >> WARNING : More threads at end of test (5) testFacilityStringTointlitString75_failAssert22(ch.qos.logback.core.net.SyslogAppenderBaseTest) than start. (4)

4:43:17 PM PIT >> INFO : Calculated coverage in 1 seconds.
4:43:20 PM PIT >> WARNING : Found more than one mutation similar on same line in a finally block. Can't correct for inlining.
4:43:20 PM PIT >> WARNING : Found more than one mutation similar on same line in a finally block. Can't correct for inlining.
4:43:20 PM PIT >> WARNING : Found more than one mutation similar on same line in a finally block. Can't correct for inlining.
4:43:21 PM PIT >> WARNING : Found more than one mutation similar on same line in a finally block. Can't correct for inlining.
4:43:21 PM PIT >> WARNING : Found more than one mutation similar on same line in a finally block. Can't correct for inlining.
4:43:22 PM PIT >> WARNING : Found more than one mutation similar on same line in a finally block. Can't correct for inlining.
4:43:22 PM PIT >> WARNING : Found more than one mutation similar on same line in a finally block. Can't correct for inlining.
4:43:22 PM PIT >> WARNING : Found more than one mutation similar on same line in a finally block. Can't correct for inlining.
4:43:22 PM PIT >> WARNING : Found more than one mutation similar on same line in a finally block. Can't correct for inlining.
4:43:24 PM PIT >> INFO : Created  280 mutation test units
4:43:33 PM PIT >> INFO : Completed in 17 seconds
/-\|/-\|/-\|/-\|/-\|/-\|/-\|/-\|/-\|/-\|/-\|/-\|/-\|/-\|/-\|/-\|/-\|/-\|/-\|/-\|/-\|/-\|/-\|/-\|/-\|/-\|/-\|/-\|/-\|/-\|/-\|/-\|/-\|/-\|/-\|/-\|/-\|/-\|/-\|/-\|/-\|/-\|/-\|/-\|/-\|/-\|/-\|/-\|/-\|/-\|/-\|/-\|/-\|/-\|/-\|/-\|/-\|/-\|/-\|/-\|/-\|/-\|/-\|/-\|/-\|/-\|/-\|/-\|/-\|/-\|/-\|/-\|/-\|/-\|/-\|/-\|/-\|/-\|/-\|/-\|/-\|/-\|/-\|/-\|/-\|/-\|/-\|/-\|/-\|/-\|/-\|/-\|/-\|/-\|/-\|/-\|/-\|/-\|/-\|/-\|/-\|/-\|/-\|/-\|/-\|/-\|/-\|/-\|/-\|/-\|/-\|/-\|/-\|/-\|/-\|/================================================================================
- Timings
================================================================================
> scan classpath : < 1 second
> coverage and dependency analysis : 1 seconds
> build mutation tests : 4 seconds
> run mutation analysis : 9 seconds
--------------------------------------------------------------------------------
> Total  : 15 seconds
--------------------------------------------------------------------------------
================================================================================
- Statistics
================================================================================
>> Generated 17742 mutations Killed 191 (1%)
>> Ran 903 tests (0.05 tests per mutation)
================================================================================
- Mutators
================================================================================
> org.pitest.mutationtest.engine.gregor.mutators.VoidMethodCallMutator
>> Generated 1287 Killed 0 (0%)
> KILLED 0 SURVIVED 0 TIMED_OUT 0 NON_VIABLE 0 
> MEMORY_ERROR 0 NOT_STARTED 0 STARTED 0 RUN_ERROR 0 
> NO_COVERAGE 1287 
--------------------------------------------------------------------------------
> org.pitest.mutationtest.engine.gregor.mutators.RemoveConditionalMutator_EQUAL_ELSE
>> Generated 1177 Killed 24 (2%)
> KILLED 24 SURVIVED 0 TIMED_OUT 0 NON_VIABLE 0 
> MEMORY_ERROR 0 NOT_STARTED 0 STARTED 0 RUN_ERROR 0 
> NO_COVERAGE 1153 
--------------------------------------------------------------------------------
> org.pitest.mutationtest.engine.gregor.mutators.PrimitiveReturnsMutator
>> Generated 130 Killed 23 (18%)
> KILLED 23 SURVIVED 0 TIMED_OUT 0 NON_VIABLE 0 
> MEMORY_ERROR 0 NOT_STARTED 0 STARTED 0 RUN_ERROR 0 
> NO_COVERAGE 107 
--------------------------------------------------------------------------------
> org.pitest.mutationtest.engine.gregor.mutators.experimental.RemoveSwitchMutator_74
>> Generated 1 Killed 0 (0%)
> KILLED 0 SURVIVED 0 TIMED_OUT 0 NON_VIABLE 0 
> MEMORY_ERROR 0 NOT_STARTED 0 STARTED 0 RUN_ERROR 0 
> NO_COVERAGE 1 
--------------------------------------------------------------------------------
> org.pitest.mutationtest.engine.gregor.mutators.experimental.RemoveSwitchMutator_73
>> Generated 1 Killed 0 (0%)
> KILLED 0 SURVIVED 0 TIMED_OUT 0 NON_VIABLE 0 
> MEMORY_ERROR 0 NOT_STARTED 0 STARTED 0 RUN_ERROR 0 
> NO_COVERAGE 1 
--------------------------------------------------------------------------------
> org.pitest.mutationtest.engine.gregor.mutators.IncrementsMutator
>> Generated 55 Killed 1 (2%)
> KILLED 0 SURVIVED 0 TIMED_OUT 1 NON_VIABLE 0 
> MEMORY_ERROR 0 NOT_STARTED 0 STARTED 0 RUN_ERROR 0 
> NO_COVERAGE 54 
--------------------------------------------------------------------------------
> org.pitest.mutationtest.engine.gregor.mutators.experimental.RemoveIncrementsMutator
>> Generated 33 Killed 1 (3%)
> KILLED 0 SURVIVED 0 TIMED_OUT 1 NON_VIABLE 0 
> MEMORY_ERROR 0 NOT_STARTED 0 STARTED 0 RUN_ERROR 0 
> NO_COVERAGE 32 
--------------------------------------------------------------------------------
> org.pitest.mutationtest.engine.gregor.mutators.ConditionalsBoundaryMutator
>> Generated 159 Killed 0 (0%)
> KILLED 0 SURVIVED 0 TIMED_OUT 0 NON_VIABLE 0 
> MEMORY_ERROR 0 NOT_STARTED 0 STARTED 0 RUN_ERROR 0 
> NO_COVERAGE 159 
--------------------------------------------------------------------------------
> org.pitest.mutationtest.engine.gregor.mutators.experimental.RemoveSwitchMutator_72
>> Generated 1 Killed 0 (0%)
> KILLED 0 SURVIVED 0 TIMED_OUT 0 NON_VIABLE 0 
> MEMORY_ERROR 0 NOT_STARTED 0 STARTED 0 RUN_ERROR 0 
> NO_COVERAGE 1 
--------------------------------------------------------------------------------
> org.pitest.mutationtest.engine.gregor.mutators.experimental.RemoveSwitchMutator_71
>> Generated 1 Killed 0 (0%)
> KILLED 0 SURVIVED 0 TIMED_OUT 0 NON_VIABLE 0 
> MEMORY_ERROR 0 NOT_STARTED 0 STARTED 0 RUN_ERROR 0 
> NO_COVERAGE 1 
--------------------------------------------------------------------------------
> org.pitest.mutationtest.engine.gregor.mutators.experimental.RemoveSwitchMutator_70
>> Generated 1 Killed 0 (0%)
> KILLED 0 SURVIVED 0 TIMED_OUT 0 NON_VIABLE 0 
> MEMORY_ERROR 0 NOT_STARTED 0 STARTED 0 RUN_ERROR 0 
> NO_COVERAGE 1 
--------------------------------------------------------------------------------
> org.pitest.mutationtest.engine.gregor.mutators.ConstructorCallMutator
>> Generated 971 Killed 2 (0%)
> KILLED 2 SURVIVED 0 TIMED_OUT 0 NON_VIABLE 0 
> MEMORY_ERROR 0 NOT_STARTED 0 STARTED 0 RUN_ERROR 0 
> NO_COVERAGE 969 
--------------------------------------------------------------------------------
> org.pitest.mutationtest.engine.gregor.mutators.experimental.RemoveSwitchMutator_79
>> Generated 1 Killed 0 (0%)
> KILLED 0 SURVIVED 0 TIMED_OUT 0 NON_VIABLE 0 
> MEMORY_ERROR 0 NOT_STARTED 0 STARTED 0 RUN_ERROR 0 
> NO_COVERAGE 1 
--------------------------------------------------------------------------------
> org.pitest.mutationtest.engine.gregor.mutators.experimental.RemoveSwitchMutator_78
>> Generated 1 Killed 0 (0%)
> KILLED 0 SURVIVED 0 TIMED_OUT 0 NON_VIABLE 0 
> MEMORY_ERROR 0 NOT_STARTED 0 STARTED 0 RUN_ERROR 0 
> NO_COVERAGE 1 
--------------------------------------------------------------------------------
> org.pitest.mutationtest.engine.gregor.mutators.experimental.RemoveSwitchMutator_77
>> Generated 1 Killed 0 (0%)
> KILLED 0 SURVIVED 0 TIMED_OUT 0 NON_VIABLE 0 
> MEMORY_ERROR 0 NOT_STARTED 0 STARTED 0 RUN_ERROR 0 
> NO_COVERAGE 1 
--------------------------------------------------------------------------------
> org.pitest.mutationtest.engine.gregor.mutators.experimental.RemoveSwitchMutator_76
>> Generated 1 Killed 0 (0%)
> KILLED 0 SURVIVED 0 TIMED_OUT 0 NON_VIABLE 0 
> MEMORY_ERROR 0 NOT_STARTED 0 STARTED 0 RUN_ERROR 0 
> NO_COVERAGE 1 
--------------------------------------------------------------------------------
> org.pitest.mutationtest.engine.gregor.mutators.RemoveConditionalMutator_EQUAL_IF
>> Generated 1186 Killed 24 (2%)
> KILLED 24 SURVIVED 0 TIMED_OUT 0 NON_VIABLE 0 
> MEMORY_ERROR 0 NOT_STARTED 0 STARTED 0 RUN_ERROR 0 
> NO_COVERAGE 1162 
--------------------------------------------------------------------------------
> org.pitest.mutationtest.engine.gregor.mutators.experimental.RemoveSwitchMutator_75
>> Generated 1 Killed 0 (0%)
> KILLED 0 SURVIVED 0 TIMED_OUT 0 NON_VIABLE 0 
> MEMORY_ERROR 0 NOT_STARTED 0 STARTED 0 RUN_ERROR 0 
> NO_COVERAGE 1 
--------------------------------------------------------------------------------
> org.pitest.mutationtest.engine.gregor.mutators.RemoveConditionalMutator_ORDER_ELSE
>> Generated 159 Killed 0 (0%)
> KILLED 0 SURVIVED 0 TIMED_OUT 0 NON_VIABLE 0 
> MEMORY_ERROR 0 NOT_STARTED 0 STARTED 0 RUN_ERROR 0 
> NO_COVERAGE 159 
--------------------------------------------------------------------------------
> org.pitest.mutationtest.engine.gregor.mutators.experimental.MemberVariableMutator
>> Generated 924 Killed 2 (0%)
> KILLED 0 SURVIVED 0 TIMED_OUT 2 NON_VIABLE 0 
> MEMORY_ERROR 0 NOT_STARTED 0 STARTED 0 RUN_ERROR 0 
> NO_COVERAGE 922 
--------------------------------------------------------------------------------
> org.pitest.mutationtest.engine.gregor.mutators.experimental.RemoveSwitchMutator_63
>> Generated 1 Killed 0 (0%)
> KILLED 0 SURVIVED 0 TIMED_OUT 0 NON_VIABLE 0 
> MEMORY_ERROR 0 NOT_STARTED 0 STARTED 0 RUN_ERROR 0 
> NO_COVERAGE 1 
--------------------------------------------------------------------------------
> org.pitest.mutationtest.engine.gregor.mutators.EmptyObjectReturnValsMutator
>> Generated 358 Killed 0 (0%)
> KILLED 0 SURVIVED 0 TIMED_OUT 0 NON_VIABLE 0 
> MEMORY_ERROR 0 NOT_STARTED 0 STARTED 0 RUN_ERROR 0 
> NO_COVERAGE 358 
--------------------------------------------------------------------------------
> org.pitest.mutationtest.engine.gregor.mutators.experimental.RemoveSwitchMutator_62
>> Generated 1 Killed 0 (0%)
> KILLED 0 SURVIVED 0 TIMED_OUT 0 NON_VIABLE 0 
> MEMORY_ERROR 0 NOT_STARTED 0 STARTED 0 RUN_ERROR 0 
> NO_COVERAGE 1 
--------------------------------------------------------------------------------
> org.pitest.mutationtest.engine.gregor.mutators.experimental.RemoveSwitchMutator_61
>> Generated 1 Killed 0 (0%)
> KILLED 0 SURVIVED 0 TIMED_OUT 0 NON_VIABLE 0 
> MEMORY_ERROR 0 NOT_STARTED 0 STARTED 0 RUN_ERROR 0 
> NO_COVERAGE 1 
--------------------------------------------------------------------------------
> org.pitest.mutationtest.engine.gregor.mutators.experimental.RemoveSwitchMutator_60
>> Generated 1 Killed 0 (0%)
> KILLED 0 SURVIVED 0 TIMED_OUT 0 NON_VIABLE 0 
> MEMORY_ERROR 0 NOT_STARTED 0 STARTED 0 RUN_ERROR 0 
> NO_COVERAGE 1 
--------------------------------------------------------------------------------
> org.pitest.mutationtest.engine.gregor.mutators.ArgumentPropagationMutator
>> Generated 261 Killed 0 (0%)
> KILLED 0 SURVIVED 0 TIMED_OUT 0 NON_VIABLE 0 
> MEMORY_ERROR 0 NOT_STARTED 0 STARTED 0 RUN_ERROR 0 
> NO_COVERAGE 261 
--------------------------------------------------------------------------------
> org.pitest.mutationtest.engine.gregor.mutators.experimental.RemoveSwitchMutator_69
>> Generated 1 Killed 0 (0%)
> KILLED 0 SURVIVED 0 TIMED_OUT 0 NON_VIABLE 0 
> MEMORY_ERROR 0 NOT_STARTED 0 STARTED 0 RUN_ERROR 0 
> NO_COVERAGE 1 
--------------------------------------------------------------------------------
> org.pitest.mutationtest.engine.gregor.mutators.BooleanFalseReturnValsMutator
>> Generated 202 Killed 0 (0%)
> KILLED 0 SURVIVED 0 TIMED_OUT 0 NON_VIABLE 0 
> MEMORY_ERROR 0 NOT_STARTED 0 STARTED 0 RUN_ERROR 0 
> NO_COVERAGE 202 
--------------------------------------------------------------------------------
> org.pitest.mutationtest.engine.gregor.mutators.experimental.RemoveSwitchMutator_68
>> Generated 1 Killed 0 (0%)
> KILLED 0 SURVIVED 0 TIMED_OUT 0 NON_VIABLE 0 
> MEMORY_ERROR 0 NOT_STARTED 0 STARTED 0 RUN_ERROR 0 
> NO_COVERAGE 1 
--------------------------------------------------------------------------------
> org.pitest.mutationtest.engine.gregor.mutators.experimental.RemoveSwitchMutator_67
>> Generated 1 Killed 0 (0%)
> KILLED 0 SURVIVED 0 TIMED_OUT 0 NON_VIABLE 0 
> MEMORY_ERROR 0 NOT_STARTED 0 STARTED 0 RUN_ERROR 0 
> NO_COVERAGE 1 
--------------------------------------------------------------------------------
> org.pitest.mutationtest.engine.gregor.mutators.experimental.RemoveSwitchMutator_66
>> Generated 1 Killed 0 (0%)
> KILLED 0 SURVIVED 0 TIMED_OUT 0 NON_VIABLE 0 
> MEMORY_ERROR 0 NOT_STARTED 0 STARTED 0 RUN_ERROR 0 
> NO_COVERAGE 1 
--------------------------------------------------------------------------------
> org.pitest.mutationtest.engine.gregor.mutators.experimental.RemoveSwitchMutator_65
>> Generated 1 Killed 0 (0%)
> KILLED 0 SURVIVED 0 TIMED_OUT 0 NON_VIABLE 0 
> MEMORY_ERROR 0 NOT_STARTED 0 STARTED 0 RUN_ERROR 0 
> NO_COVERAGE 1 
--------------------------------------------------------------------------------
> org.pitest.mutationtest.engine.gregor.mutators.experimental.RemoveSwitchMutator_64
>> Generated 1 Killed 0 (0%)
> KILLED 0 SURVIVED 0 TIMED_OUT 0 NON_VIABLE 0 
> MEMORY_ERROR 0 NOT_STARTED 0 STARTED 0 RUN_ERROR 0 
> NO_COVERAGE 1 
--------------------------------------------------------------------------------
> org.pitest.mutationtest.engine.gregor.mutators.experimental.RemoveSwitchMutator_19
>> Generated 1 Killed 0 (0%)
> KILLED 0 SURVIVED 0 TIMED_OUT 0 NON_VIABLE 0 
> MEMORY_ERROR 0 NOT_STARTED 0 STARTED 0 RUN_ERROR 0 
> NO_COVERAGE 1 
--------------------------------------------------------------------------------
> org.pitest.mutationtest.engine.gregor.mutators.experimental.RemoveSwitchMutator_18
>> Generated 1 Killed 0 (0%)
> KILLED 0 SURVIVED 0 TIMED_OUT 0 NON_VIABLE 0 
> MEMORY_ERROR 0 NOT_STARTED 0 STARTED 0 RUN_ERROR 0 
> NO_COVERAGE 1 
--------------------------------------------------------------------------------
> org.pitest.mutationtest.engine.gregor.mutators.experimental.RemoveSwitchMutator_17
>> Generated 1 Killed 0 (0%)
> KILLED 0 SURVIVED 0 TIMED_OUT 0 NON_VIABLE 0 
> MEMORY_ERROR 0 NOT_STARTED 0 STARTED 0 RUN_ERROR 0 
> NO_COVERAGE 1 
--------------------------------------------------------------------------------
> org.pitest.mutationtest.engine.gregor.mutators.RemoveConditionalMutator_ORDER_IF
>> Generated 159 Killed 2 (1%)
> KILLED 0 SURVIVED 0 TIMED_OUT 2 NON_VIABLE 0 
> MEMORY_ERROR 0 NOT_STARTED 0 STARTED 0 RUN_ERROR 0 
> NO_COVERAGE 157 
--------------------------------------------------------------------------------
> org.pitest.mutationtest.engine.gregor.mutators.InlineConstantMutator
>> Generated 1238 Killed 26 (2%)
> KILLED 24 SURVIVED 0 TIMED_OUT 2 NON_VIABLE 0 
> MEMORY_ERROR 0 NOT_STARTED 0 STARTED 0 RUN_ERROR 0 
> NO_COVERAGE 1212 
--------------------------------------------------------------------------------
> org.pitest.mutationtest.engine.gregor.mutators.experimental.NakedReceiverMutator
>> Generated 1459 Killed 9 (1%)
> KILLED 2 SURVIVED 0 TIMED_OUT 7 NON_VIABLE 0 
> MEMORY_ERROR 0 NOT_STARTED 0 STARTED 0 RUN_ERROR 0 
> NO_COVERAGE 1450 
--------------------------------------------------------------------------------
> org.pitest.mutationtest.engine.gregor.mutators.ReturnValsMutator
>> Generated 1280 Killed 24 (2%)
> KILLED 24 SURVIVED 0 TIMED_OUT 0 NON_VIABLE 0 
> MEMORY_ERROR 0 NOT_STARTED 0 STARTED 0 RUN_ERROR 0 
> NO_COVERAGE 1256 
--------------------------------------------------------------------------------
> org.pitest.mutationtest.engine.gregor.mutators.experimental.RemoveSwitchMutator_16
>> Generated 1 Killed 0 (0%)
> KILLED 0 SURVIVED 0 TIMED_OUT 0 NON_VIABLE 0 
> MEMORY_ERROR 0 NOT_STARTED 0 STARTED 0 RUN_ERROR 0 
> NO_COVERAGE 1 
--------------------------------------------------------------------------------
> org.pitest.mutationtest.engine.gregor.mutators.experimental.RemoveSwitchMutator_15
>> Generated 1 Killed 0 (0%)
> KILLED 0 SURVIVED 0 TIMED_OUT 0 NON_VIABLE 0 
> MEMORY_ERROR 0 NOT_STARTED 0 STARTED 0 RUN_ERROR 0 
> NO_COVERAGE 1 
--------------------------------------------------------------------------------
> org.pitest.mutationtest.engine.gregor.mutators.experimental.RemoveSwitchMutator_14
>> Generated 1 Killed 0 (0%)
> KILLED 0 SURVIVED 0 TIMED_OUT 0 NON_VIABLE 0 
> MEMORY_ERROR 0 NOT_STARTED 0 STARTED 0 RUN_ERROR 0 
> NO_COVERAGE 1 
--------------------------------------------------------------------------------
> org.pitest.mutationtest.engine.gregor.mutators.experimental.RemoveSwitchMutator_13
>> Generated 1 Killed 0 (0%)
> KILLED 0 SURVIVED 0 TIMED_OUT 0 NON_VIABLE 0 
> MEMORY_ERROR 0 NOT_STARTED 0 STARTED 0 RUN_ERROR 0 
> NO_COVERAGE 1 
--------------------------------------------------------------------------------
> org.pitest.mutationtest.engine.gregor.mutators.experimental.RemoveSwitchMutator_12
>> Generated 1 Killed 0 (0%)
> KILLED 0 SURVIVED 0 TIMED_OUT 0 NON_VIABLE 0 
> MEMORY_ERROR 0 NOT_STARTED 0 STARTED 0 RUN_ERROR 0 
> NO_COVERAGE 1 
--------------------------------------------------------------------------------
> org.pitest.mutationtest.engine.gregor.mutators.experimental.RemoveSwitchMutator_11
>> Generated 1 Killed 0 (0%)
> KILLED 0 SURVIVED 0 TIMED_OUT 0 NON_VIABLE 0 
> MEMORY_ERROR 0 NOT_STARTED 0 STARTED 0 RUN_ERROR 0 
> NO_COVERAGE 1 
--------------------------------------------------------------------------------
> org.pitest.mutationtest.engine.gregor.mutators.experimental.RemoveSwitchMutator_10
>> Generated 1 Killed 0 (0%)
> KILLED 0 SURVIVED 0 TIMED_OUT 0 NON_VIABLE 0 
> MEMORY_ERROR 0 NOT_STARTED 0 STARTED 0 RUN_ERROR 0 
> NO_COVERAGE 1 
--------------------------------------------------------------------------------
> org.pitest.mutationtest.engine.gregor.mutators.NegateConditionalsMutator
>> Generated 1345 Killed 25 (2%)
> KILLED 24 SURVIVED 0 TIMED_OUT 1 NON_VIABLE 0 
> MEMORY_ERROR 0 NOT_STARTED 0 STARTED 0 RUN_ERROR 0 
> NO_COVERAGE 1320 
--------------------------------------------------------------------------------
> org.pitest.mutationtest.engine.gregor.mutators.experimental.RemoveSwitchMutator_83
>> Generated 1 Killed 0 (0%)
> KILLED 0 SURVIVED 0 TIMED_OUT 0 NON_VIABLE 0 
> MEMORY_ERROR 0 NOT_STARTED 0 STARTED 0 RUN_ERROR 0 
> NO_COVERAGE 1 
--------------------------------------------------------------------------------
> org.pitest.mutationtest.engine.gregor.mutators.experimental.RemoveSwitchMutator_82
>> Generated 1 Killed 0 (0%)
> KILLED 0 SURVIVED 0 TIMED_OUT 0 NON_VIABLE 0 
> MEMORY_ERROR 0 NOT_STARTED 0 STARTED 0 RUN_ERROR 0 
> NO_COVERAGE 1 
--------------------------------------------------------------------------------
> org.pitest.mutationtest.engine.gregor.mutators.experimental.RemoveSwitchMutator_81
>> Generated 1 Killed 0 (0%)
> KILLED 0 SURVIVED 0 TIMED_OUT 0 NON_VIABLE 0 
> MEMORY_ERROR 0 NOT_STARTED 0 STARTED 0 RUN_ERROR 0 
> NO_COVERAGE 1 
--------------------------------------------------------------------------------
> org.pitest.mutationtest.engine.gregor.mutators.experimental.RemoveSwitchMutator_80
>> Generated 1 Killed 0 (0%)
> KILLED 0 SURVIVED 0 TIMED_OUT 0 NON_VIABLE 0 
> MEMORY_ERROR 0 NOT_STARTED 0 STARTED 0 RUN_ERROR 0 
> NO_COVERAGE 1 
--------------------------------------------------------------------------------
> org.pitest.mutationtest.engine.gregor.mutators.experimental.SwitchMutator
>> Generated 39 Killed 0 (0%)
> KILLED 0 SURVIVED 0 TIMED_OUT 0 NON_VIABLE 0 
> MEMORY_ERROR 0 NOT_STARTED 0 STARTED 0 RUN_ERROR 0 
> NO_COVERAGE 39 
--------------------------------------------------------------------------------
> org.pitest.mutationtest.engine.gregor.mutators.experimental.RemoveSwitchMutator_39
>> Generated 1 Killed 0 (0%)
> KILLED 0 SURVIVED 0 TIMED_OUT 0 NON_VIABLE 0 
> MEMORY_ERROR 0 NOT_STARTED 0 STARTED 0 RUN_ERROR 0 
> NO_COVERAGE 1 
--------------------------------------------------------------------------------
> org.pitest.mutationtest.engine.gregor.mutators.MathMutator
>> Generated 189 Killed 1 (1%)
> KILLED 0 SURVIVED 0 TIMED_OUT 1 NON_VIABLE 0 
> MEMORY_ERROR 0 NOT_STARTED 0 STARTED 0 RUN_ERROR 0 
> NO_COVERAGE 188 
--------------------------------------------------------------------------------
> org.pitest.mutationtest.engine.gregor.mutators.experimental.RemoveSwitchMutator_30
>> Generated 1 Killed 0 (0%)
> KILLED 0 SURVIVED 0 TIMED_OUT 0 NON_VIABLE 0 
> MEMORY_ERROR 0 NOT_STARTED 0 STARTED 0 RUN_ERROR 0 
> NO_COVERAGE 1 
--------------------------------------------------------------------------------
> org.pitest.mutationtest.engine.gregor.mutators.NullReturnValsMutator
>> Generated 382 Killed 0 (0%)
> KILLED 0 SURVIVED 0 TIMED_OUT 0 NON_VIABLE 0 
> MEMORY_ERROR 0 NOT_STARTED 0 STARTED 0 RUN_ERROR 0 
> NO_COVERAGE 382 
--------------------------------------------------------------------------------
> org.pitest.mutationtest.engine.gregor.mutators.experimental.RemoveSwitchMutator_38
>> Generated 1 Killed 0 (0%)
> KILLED 0 SURVIVED 0 TIMED_OUT 0 NON_VIABLE 0 
> MEMORY_ERROR 0 NOT_STARTED 0 STARTED 0 RUN_ERROR 0 
> NO_COVERAGE 1 
--------------------------------------------------------------------------------
> org.pitest.mutationtest.engine.gregor.mutators.experimental.RemoveSwitchMutator_37
>> Generated 1 Killed 0 (0%)
> KILLED 0 SURVIVED 0 TIMED_OUT 0 NON_VIABLE 0 
> MEMORY_ERROR 0 NOT_STARTED 0 STARTED 0 RUN_ERROR 0 
> NO_COVERAGE 1 
--------------------------------------------------------------------------------
> org.pitest.mutationtest.engine.gregor.mutators.experimental.RemoveSwitchMutator_36
>> Generated 1 Killed 0 (0%)
> KILLED 0 SURVIVED 0 TIMED_OUT 0 NON_VIABLE 0 
> MEMORY_ERROR 0 NOT_STARTED 0 STARTED 0 RUN_ERROR 0 
> NO_COVERAGE 1 
--------------------------------------------------------------------------------
> org.pitest.mutationtest.engine.gregor.mutators.experimental.RemoveSwitchMutator_35
>> Generated 1 Killed 0 (0%)
> KILLED 0 SURVIVED 0 TIMED_OUT 0 NON_VIABLE 0 
> MEMORY_ERROR 0 NOT_STARTED 0 STARTED 0 RUN_ERROR 0 
> NO_COVERAGE 1 
--------------------------------------------------------------------------------
> org.pitest.mutationtest.engine.gregor.mutators.experimental.RemoveSwitchMutator_34
>> Generated 1 Killed 0 (0%)
> KILLED 0 SURVIVED 0 TIMED_OUT 0 NON_VIABLE 0 
> MEMORY_ERROR 0 NOT_STARTED 0 STARTED 0 RUN_ERROR 0 
> NO_COVERAGE 1 
--------------------------------------------------------------------------------
> org.pitest.mutationtest.engine.gregor.mutators.experimental.RemoveSwitchMutator_33
>> Generated 1 Killed 0 (0%)
> KILLED 0 SURVIVED 0 TIMED_OUT 0 NON_VIABLE 0 
> MEMORY_ERROR 0 NOT_STARTED 0 STARTED 0 RUN_ERROR 0 
> NO_COVERAGE 1 
--------------------------------------------------------------------------------
> org.pitest.mutationtest.engine.gregor.mutators.experimental.RemoveSwitchMutator_32
>> Generated 1 Killed 0 (0%)
> KILLED 0 SURVIVED 0 TIMED_OUT 0 NON_VIABLE 0 
> MEMORY_ERROR 0 NOT_STARTED 0 STARTED 0 RUN_ERROR 0 
> NO_COVERAGE 1 
--------------------------------------------------------------------------------
> org.pitest.mutationtest.engine.gregor.mutators.experimental.RemoveSwitchMutator_31
>> Generated 1 Killed 0 (0%)
> KILLED 0 SURVIVED 0 TIMED_OUT 0 NON_VIABLE 0 
> MEMORY_ERROR 0 NOT_STARTED 0 STARTED 0 RUN_ERROR 0 
> NO_COVERAGE 1 
--------------------------------------------------------------------------------
> org.pitest.mutationtest.engine.gregor.mutators.experimental.RemoveSwitchMutator_29
>> Generated 1 Killed 0 (0%)
> KILLED 0 SURVIVED 0 TIMED_OUT 0 NON_VIABLE 0 
> MEMORY_ERROR 0 NOT_STARTED 0 STARTED 0 RUN_ERROR 0 
> NO_COVERAGE 1 
--------------------------------------------------------------------------------
> org.pitest.mutationtest.engine.gregor.mutators.experimental.RemoveSwitchMutator_28
>> Generated 1 Killed 0 (0%)
> KILLED 0 SURVIVED 0 TIMED_OUT 0 NON_VIABLE 0 
> MEMORY_ERROR 0 NOT_STARTED 0 STARTED 0 RUN_ERROR 0 
> NO_COVERAGE 1 
--------------------------------------------------------------------------------
> org.pitest.mutationtest.engine.gregor.mutators.InvertNegsMutator
>> Generated 4 Killed 0 (0%)
> KILLED 0 SURVIVED 0 TIMED_OUT 0 NON_VIABLE 0 
> MEMORY_ERROR 0 NOT_STARTED 0 STARTED 0 RUN_ERROR 0 
> NO_COVERAGE 4 
--------------------------------------------------------------------------------
> org.pitest.mutationtest.engine.gregor.mutators.experimental.RemoveSwitchMutator_27
>> Generated 1 Killed 0 (0%)
> KILLED 0 SURVIVED 0 TIMED_OUT 0 NON_VIABLE 0 
> MEMORY_ERROR 0 NOT_STARTED 0 STARTED 0 RUN_ERROR 0 
> NO_COVERAGE 1 
--------------------------------------------------------------------------------
> org.pitest.mutationtest.engine.gregor.mutators.experimental.RemoveSwitchMutator_26
>> Generated 1 Killed 0 (0%)
> KILLED 0 SURVIVED 0 TIMED_OUT 0 NON_VIABLE 0 
> MEMORY_ERROR 0 NOT_STARTED 0 STARTED 0 RUN_ERROR 0 
> NO_COVERAGE 1 
--------------------------------------------------------------------------------
> org.pitest.mutationtest.engine.gregor.mutators.experimental.RemoveSwitchMutator_25
>> Generated 1 Killed 0 (0%)
> KILLED 0 SURVIVED 0 TIMED_OUT 0 NON_VIABLE 0 
> MEMORY_ERROR 0 NOT_STARTED 0 STARTED 0 RUN_ERROR 0 
> NO_COVERAGE 1 
--------------------------------------------------------------------------------
> org.pitest.mutationtest.engine.gregor.mutators.experimental.RemoveSwitchMutator_24
>> Generated 1 Killed 0 (0%)
> KILLED 0 SURVIVED 0 TIMED_OUT 0 NON_VIABLE 0 
> MEMORY_ERROR 0 NOT_STARTED 0 STARTED 0 RUN_ERROR 0 
> NO_COVERAGE 1 
--------------------------------------------------------------------------------
> org.pitest.mutationtest.engine.gregor.mutators.experimental.RemoveSwitchMutator_23
>> Generated 1 Killed 0 (0%)
> KILLED 0 SURVIVED 0 TIMED_OUT 0 NON_VIABLE 0 
> MEMORY_ERROR 0 NOT_STARTED 0 STARTED 0 RUN_ERROR 0 
> NO_COVERAGE 1 
--------------------------------------------------------------------------------
> org.pitest.mutationtest.engine.gregor.mutators.experimental.RemoveSwitchMutator_22
>> Generated 1 Killed 0 (0%)
> KILLED 0 SURVIVED 0 TIMED_OUT 0 NON_VIABLE 0 
> MEMORY_ERROR 0 NOT_STARTED 0 STARTED 0 RUN_ERROR 0 
> NO_COVERAGE 1 
--------------------------------------------------------------------------------
> org.pitest.mutationtest.engine.gregor.mutators.experimental.RemoveSwitchMutator_21
>> Generated 1 Killed 0 (0%)
> KILLED 0 SURVIVED 0 TIMED_OUT 0 NON_VIABLE 0 
> MEMORY_ERROR 0 NOT_STARTED 0 STARTED 0 RUN_ERROR 0 
> NO_COVERAGE 1 
--------------------------------------------------------------------------------
> org.pitest.mutationtest.engine.gregor.mutators.NonVoidMethodCallMutator
>> Generated 4238 Killed 27 (1%)
> KILLED 27 SURVIVED 0 TIMED_OUT 0 NON_VIABLE 0 
> MEMORY_ERROR 0 NOT_STARTED 0 STARTED 0 RUN_ERROR 0 
> NO_COVERAGE 4211 
--------------------------------------------------------------------------------
> org.pitest.mutationtest.engine.gregor.mutators.experimental.RemoveSwitchMutator_20
>> Generated 1 Killed 0 (0%)
> KILLED 0 SURVIVED 0 TIMED_OUT 0 NON_VIABLE 0 
> MEMORY_ERROR 0 NOT_STARTED 0 STARTED 0 RUN_ERROR 0 
> NO_COVERAGE 1 
--------------------------------------------------------------------------------
> org.pitest.mutationtest.engine.gregor.mutators.experimental.RemoveSwitchMutator_7
>> Generated 7 Killed 0 (0%)
> KILLED 0 SURVIVED 0 TIMED_OUT 0 NON_VIABLE 0 
> MEMORY_ERROR 0 NOT_STARTED 0 STARTED 0 RUN_ERROR 0 
> NO_COVERAGE 7 
--------------------------------------------------------------------------------
> org.pitest.mutationtest.engine.gregor.mutators.experimental.RemoveSwitchMutator_52
>> Generated 1 Killed 0 (0%)
> KILLED 0 SURVIVED 0 TIMED_OUT 0 NON_VIABLE 0 
> MEMORY_ERROR 0 NOT_STARTED 0 STARTED 0 RUN_ERROR 0 
> NO_COVERAGE 1 
--------------------------------------------------------------------------------
> org.pitest.mutationtest.engine.gregor.mutators.experimental.RemoveSwitchMutator_6
>> Generated 8 Killed 0 (0%)
> KILLED 0 SURVIVED 0 TIMED_OUT 0 NON_VIABLE 0 
> MEMORY_ERROR 0 NOT_STARTED 0 STARTED 0 RUN_ERROR 0 
> NO_COVERAGE 8 
--------------------------------------------------------------------------------
> org.pitest.mutationtest.engine.gregor.mutators.experimental.RemoveSwitchMutator_51
>> Generated 1 Killed 0 (0%)
> KILLED 0 SURVIVED 0 TIMED_OUT 0 NON_VIABLE 0 
> MEMORY_ERROR 0 NOT_STARTED 0 STARTED 0 RUN_ERROR 0 
> NO_COVERAGE 1 
--------------------------------------------------------------------------------
> org.pitest.mutationtest.engine.gregor.mutators.experimental.RemoveSwitchMutator_50
>> Generated 1 Killed 0 (0%)
> KILLED 0 SURVIVED 0 TIMED_OUT 0 NON_VIABLE 0 
> MEMORY_ERROR 0 NOT_STARTED 0 STARTED 0 RUN_ERROR 0 
> NO_COVERAGE 1 
--------------------------------------------------------------------------------
> org.pitest.mutationtest.engine.gregor.mutators.experimental.RemoveSwitchMutator_9
>> Generated 1 Killed 0 (0%)
> KILLED 0 SURVIVED 0 TIMED_OUT 0 NON_VIABLE 0 
> MEMORY_ERROR 0 NOT_STARTED 0 STARTED 0 RUN_ERROR 0 
> NO_COVERAGE 1 
--------------------------------------------------------------------------------
> org.pitest.mutationtest.engine.gregor.mutators.experimental.RemoveSwitchMutator_8
>> Generated 1 Killed 0 (0%)
> KILLED 0 SURVIVED 0 TIMED_OUT 0 NON_VIABLE 0 
> MEMORY_ERROR 0 NOT_STARTED 0 STARTED 0 RUN_ERROR 0 
> NO_COVERAGE 1 
--------------------------------------------------------------------------------
> org.pitest.mutationtest.engine.gregor.mutators.experimental.RemoveSwitchMutator_3
>> Generated 15 Killed 0 (0%)
> KILLED 0 SURVIVED 0 TIMED_OUT 0 NON_VIABLE 0 
> MEMORY_ERROR 0 NOT_STARTED 0 STARTED 0 RUN_ERROR 0 
> NO_COVERAGE 15 
--------------------------------------------------------------------------------
> org.pitest.mutationtest.engine.gregor.mutators.experimental.RemoveSwitchMutator_2
>> Generated 30 Killed 0 (0%)
> KILLED 0 SURVIVED 0 TIMED_OUT 0 NON_VIABLE 0 
> MEMORY_ERROR 0 NOT_STARTED 0 STARTED 0 RUN_ERROR 0 
> NO_COVERAGE 30 
--------------------------------------------------------------------------------
> org.pitest.mutationtest.engine.gregor.mutators.experimental.RemoveSwitchMutator_5
>> Generated 8 Killed 0 (0%)
> KILLED 0 SURVIVED 0 TIMED_OUT 0 NON_VIABLE 0 
> MEMORY_ERROR 0 NOT_STARTED 0 STARTED 0 RUN_ERROR 0 
> NO_COVERAGE 8 
--------------------------------------------------------------------------------
> org.pitest.mutationtest.engine.gregor.mutators.experimental.RemoveSwitchMutator_4
>> Generated 14 Killed 0 (0%)
> KILLED 0 SURVIVED 0 TIMED_OUT 0 NON_VIABLE 0 
> MEMORY_ERROR 0 NOT_STARTED 0 STARTED 0 RUN_ERROR 0 
> NO_COVERAGE 14 
--------------------------------------------------------------------------------
> org.pitest.mutationtest.engine.gregor.mutators.experimental.RemoveSwitchMutator_59
>> Generated 1 Killed 0 (0%)
> KILLED 0 SURVIVED 0 TIMED_OUT 0 NON_VIABLE 0 
> MEMORY_ERROR 0 NOT_STARTED 0 STARTED 0 RUN_ERROR 0 
> NO_COVERAGE 1 
--------------------------------------------------------------------------------
> org.pitest.mutationtest.engine.gregor.mutators.experimental.RemoveSwitchMutator_1
>> Generated 38 Killed 0 (0%)
> KILLED 0 SURVIVED 0 TIMED_OUT 0 NON_VIABLE 0 
> MEMORY_ERROR 0 NOT_STARTED 0 STARTED 0 RUN_ERROR 0 
> NO_COVERAGE 38 
--------------------------------------------------------------------------------
> org.pitest.mutationtest.engine.gregor.mutators.experimental.RemoveSwitchMutator_58
>> Generated 1 Killed 0 (0%)
> KILLED 0 SURVIVED 0 TIMED_OUT 0 NON_VIABLE 0 
> MEMORY_ERROR 0 NOT_STARTED 0 STARTED 0 RUN_ERROR 0 
> NO_COVERAGE 1 
--------------------------------------------------------------------------------
> org.pitest.mutationtest.engine.gregor.mutators.experimental.RemoveSwitchMutator_0
>> Generated 39 Killed 0 (0%)
> KILLED 0 SURVIVED 0 TIMED_OUT 0 NON_VIABLE 0 
> MEMORY_ERROR 0 NOT_STARTED 0 STARTED 0 RUN_ERROR 0 
> NO_COVERAGE 39 
--------------------------------------------------------------------------------
> org.pitest.mutationtest.engine.gregor.mutators.experimental.RemoveSwitchMutator_57
>> Generated 1 Killed 0 (0%)
> KILLED 0 SURVIVED 0 TIMED_OUT 0 NON_VIABLE 0 
> MEMORY_ERROR 0 NOT_STARTED 0 STARTED 0 RUN_ERROR 0 
> NO_COVERAGE 1 
--------------------------------------------------------------------------------
> org.pitest.mutationtest.engine.gregor.mutators.experimental.RemoveSwitchMutator_56
>> Generated 1 Killed 0 (0%)
> KILLED 0 SURVIVED 0 TIMED_OUT 0 NON_VIABLE 0 
> MEMORY_ERROR 0 NOT_STARTED 0 STARTED 0 RUN_ERROR 0 
> NO_COVERAGE 1 
--------------------------------------------------------------------------------
> org.pitest.mutationtest.engine.gregor.mutators.experimental.RemoveSwitchMutator_55
>> Generated 1 Killed 0 (0%)
> KILLED 0 SURVIVED 0 TIMED_OUT 0 NON_VIABLE 0 
> MEMORY_ERROR 0 NOT_STARTED 0 STARTED 0 RUN_ERROR 0 
> NO_COVERAGE 1 
--------------------------------------------------------------------------------
> org.pitest.mutationtest.engine.gregor.mutators.experimental.RemoveSwitchMutator_54
>> Generated 1 Killed 0 (0%)
> KILLED 0 SURVIVED 0 TIMED_OUT 0 NON_VIABLE 0 
> MEMORY_ERROR 0 NOT_STARTED 0 STARTED 0 RUN_ERROR 0 
> NO_COVERAGE 1 
--------------------------------------------------------------------------------
> org.pitest.mutationtest.engine.gregor.mutators.experimental.RemoveSwitchMutator_53
>> Generated 1 Killed 0 (0%)
> KILLED 0 SURVIVED 0 TIMED_OUT 0 NON_VIABLE 0 
> MEMORY_ERROR 0 NOT_STARTED 0 STARTED 0 RUN_ERROR 0 
> NO_COVERAGE 1 
--------------------------------------------------------------------------------
> org.pitest.mutationtest.engine.gregor.mutators.BooleanTrueReturnValsMutator
>> Generated 272 Killed 0 (0%)
> KILLED 0 SURVIVED 0 TIMED_OUT 0 NON_VIABLE 0 
> MEMORY_ERROR 0 NOT_STARTED 0 STARTED 0 RUN_ERROR 0 
> NO_COVERAGE 272 
--------------------------------------------------------------------------------
> org.pitest.mutationtest.engine.gregor.mutators.experimental.RemoveSwitchMutator_41
>> Generated 1 Killed 0 (0%)
> KILLED 0 SURVIVED 0 TIMED_OUT 0 NON_VIABLE 0 
> MEMORY_ERROR 0 NOT_STARTED 0 STARTED 0 RUN_ERROR 0 
> NO_COVERAGE 1 
--------------------------------------------------------------------------------
> org.pitest.mutationtest.engine.gregor.mutators.experimental.RemoveSwitchMutator_40
>> Generated 1 Killed 0 (0%)
> KILLED 0 SURVIVED 0 TIMED_OUT 0 NON_VIABLE 0 
> MEMORY_ERROR 0 NOT_STARTED 0 STARTED 0 RUN_ERROR 0 
> NO_COVERAGE 1 
--------------------------------------------------------------------------------
> org.pitest.mutationtest.engine.gregor.mutators.experimental.RemoveSwitchMutator_49
>> Generated 1 Killed 0 (0%)
> KILLED 0 SURVIVED 0 TIMED_OUT 0 NON_VIABLE 0 
> MEMORY_ERROR 0 NOT_STARTED 0 STARTED 0 RUN_ERROR 0 
> NO_COVERAGE 1 
--------------------------------------------------------------------------------
> org.pitest.mutationtest.engine.gregor.mutators.experimental.RemoveSwitchMutator_48
>> Generated 1 Killed 0 (0%)
> KILLED 0 SURVIVED 0 TIMED_OUT 0 NON_VIABLE 0 
> MEMORY_ERROR 0 NOT_STARTED 0 STARTED 0 RUN_ERROR 0 
> NO_COVERAGE 1 
--------------------------------------------------------------------------------
> org.pitest.mutationtest.engine.gregor.mutators.experimental.RemoveSwitchMutator_47
>> Generated 1 Killed 0 (0%)
> KILLED 0 SURVIVED 0 TIMED_OUT 0 NON_VIABLE 0 
> MEMORY_ERROR 0 NOT_STARTED 0 STARTED 0 RUN_ERROR 0 
> NO_COVERAGE 1 
--------------------------------------------------------------------------------
> org.pitest.mutationtest.engine.gregor.mutators.experimental.RemoveSwitchMutator_46
>> Generated 1 Killed 0 (0%)
> KILLED 0 SURVIVED 0 TIMED_OUT 0 NON_VIABLE 0 
> MEMORY_ERROR 0 NOT_STARTED 0 STARTED 0 RUN_ERROR 0 
> NO_COVERAGE 1 
--------------------------------------------------------------------------------
> org.pitest.mutationtest.engine.gregor.mutators.experimental.RemoveSwitchMutator_45
>> Generated 1 Killed 0 (0%)
> KILLED 0 SURVIVED 0 TIMED_OUT 0 NON_VIABLE 0 
> MEMORY_ERROR 0 NOT_STARTED 0 STARTED 0 RUN_ERROR 0 
> NO_COVERAGE 1 
--------------------------------------------------------------------------------
> org.pitest.mutationtest.engine.gregor.mutators.experimental.RemoveSwitchMutator_44
>> Generated 1 Killed 0 (0%)
> KILLED 0 SURVIVED 0 TIMED_OUT 0 NON_VIABLE 0 
> MEMORY_ERROR 0 NOT_STARTED 0 STARTED 0 RUN_ERROR 0 
> NO_COVERAGE 1 
--------------------------------------------------------------------------------
> org.pitest.mutationtest.engine.gregor.mutators.experimental.RemoveSwitchMutator_43
>> Generated 1 Killed 0 (0%)
> KILLED 0 SURVIVED 0 TIMED_OUT 0 NON_VIABLE 0 
> MEMORY_ERROR 0 NOT_STARTED 0 STARTED 0 RUN_ERROR 0 
> NO_COVERAGE 1 
--------------------------------------------------------------------------------
> org.pitest.mutationtest.engine.gregor.mutators.experimental.RemoveSwitchMutator_42
>> Generated 1 Killed 0 (0%)
> KILLED 0 SURVIVED 0 TIMED_OUT 0 NON_VIABLE 0 
> MEMORY_ERROR 0 NOT_STARTED 0 STARTED 0 RUN_ERROR 0 
> NO_COVERAGE 1 
--------------------------------------------------------------------------------
[INFO] ------------------------------------------------------------------------
[INFO] BUILD SUCCESS
[INFO] ------------------------------------------------------------------------
[INFO] Total time: 20.925 s
[INFO] Finished at: 2018-08-13T16:43:33+02:00
[INFO] Final Memory: 27M/864M
[INFO] ------------------------------------------------------------------------
[INFO] 2018-08-13 16:43:33 PitMutantScoreSelector - 17742 mutants has been generated (17742)
[INFO] 2018-08-13 16:43:33 PitMutantScoreSelector - testFacilityStringTointlitString13_failAssert58 kills 4 more mutants
[INFO] 2018-08-13 16:43:33 Amplification - 1 amplified test methods has been selected to be kept.
[INFO] 2018-08-13 16:43:33 Amplification - iteration 1 / 3
[INFO] 2018-08-13 16:43:33 Amplification - 176 tests selected to be amplified over 176 available tests
[INFO] 2018-08-13 16:43:33 NoBudgetizer - Amplification of inputs...
 65% |================================ ]| 31% |================================ ]| 81% |======================================== ]| 44% |============================================= ]- 90% |============================================= ]| 28% |============================================= ]- 15% |============================================= ]|  6% |============================================= ]| 66% |============================================= ]/ 82% |============================================= ]/ 91% |============================================= ]/ 67% |============================================= ]- 92% |============================================== ]- 82% |============================================== ]- 67% |============================================== ]\ 28% |============================================== ]\ 68% |============================================== ]| 92% |============================================== ]\ 16% |============================================== ]/ 32% |============================================== ]/ 83% |============================================== ]\  7% |============================================== ]/ 44% |============================================== ]\ 93% |============================================== ]| 68% |============================================== ]/ 84% |============================================== ]| 84% |============================================== ]/ 63% |============================================== ]\ 93% |============================================== ]/ 85% |============================================== ]- 88% |============================================== ]\ 17% |============================================== ]- 32% |============================================== ]- 45% |============================================== ]| 85% |============================================== ]\ 29% |============================================== ]|  7% |============================================== ]- 88% |============================================== ]| 63% |============================================== ]| 86% |============================================== ]| 89% |============================================== ]/ 86% |============================================== ]/ 89% |============================================== ]- 17% |============================================== ]\ 87% |============================================== ]- 64% |============================================== ]/ 78% |============================================== ]- 33% |============================================== ]\ 90% |============================================== ]\ 46% |============================================== ]/ 30% |============================================== ]/  8% |============================================== ]\ 97% |================================================ ]\ 78% |================================================ ]\ 97% |================================================ ]| 79% |================================================ ]| 18% |================================================ ]| 98% |================================================= ]/ 64% |================================================= ]- 80% |================================================= ]/ 46% |================================================= ]- 34% |================================================= ]| 98% |================================================= ]- 65% |================================================= ]\ 30% |================================================= ]- 80% |================================================= ]-  9% |================================================= ]| 72% |================================================= ]\ 81% |================================================= ]\ 99% |================================================= ]\ 72% |================================================= ]| 18% |================================================= ]/ 75% |================================================= ]/100% |================================================== ]|
 73% |==================================== ]/ 47% |==================================== ]\ 76% |====================================== ]- 34% |====================================== ]/ 73% |====================================== ]- 94% |=============================================== ]- 76% |=============================================== ]\ 31% |=============================================== ]\ 74% |=============================================== ]\  9% |=============================================== ]/ 94% |=============================================== ]\ 13% |=============================================== ]\ 77% |=============================================== ]| 75% |=============================================== ]| 95% |=============================================== ]| 69% |=============================================== ]- 77% |=============================================== ]/ 47% |=============================================== ]| 35% |=============================================== ]- 69% |=============================================== ]\ 96% |================================================ ]/ 22% |================================================ ]\ 70% |================================================ ]| 96% |================================================ ]- 25% |================================================ ]/ 71% |================================================ ]/ 10% |================================================ ]- 13% |================================================ ]| 56% |================================================ ]| 71% |================================================ ]- 48% |================================================ ]/  3% |================================================ ]- 35% |================================================ ]\ 22% |================================================ ]| 26% |================================================ ]- 10% |================================================ ]\ 14% |================================================ ]/ 57% |================================================ ]/ 23% |================================================ ]/ 48% |================================================ ]- 36% |================================================ ]|  3% |================================================ ]\ 26% |================================================ ]\ 14% |================================================ ]- 57% |================================================ ]- 11% |================================================ ]| 23% |================================================ ]- 36% |================================================ ]/ 49% |================================================ ]\  4% |================================================ ]| 27% |================================================ ]| 15% |================================================ ]\ 58% |================================================ ]\ 24% |================================================ ]\ 11% |================================================ ]/ 37% |================================================ ]- 50% |================================================ ]| 27% |================================================ ]/  5% |================================================ ]/ 40% |================================================ ]| 59% |================================================ ]| 25% |================================================ ]| 19% |================================================ ]- 12% |================================================ ]- 53% |================================================ ]- 59% |================================================ ]/  5% |================================================ ]- 41% |================================================ ]/ 38% |================================================ ]\  0% |================================================ ]/ 60% |================================================ ]- 19% |================================================ ]\ 50% |================================================ ]/ 53% |================================================ ]\ 42% |================================================ ]-  6% |================================================ ]\ 38% |================================================ ]|  1% |================================================ ]- 60% |================================================ ]\ 20% |================================================ ]| 42% |================================================ ]\ 51% |================================================ ]- 54% |================================================ ]| 61% |================================================ ]| 39% |================================================ ]/ 21% |================================================ ]/  1% |================================================ ]\ 43% |================================================ ]| 61% |================================================ ]/ 55% |================================================ ]/ 51% |================================================ ]\ 39% |================================================ ]- 21% |================================================ ]- 43% |================================================ ]/  2% |================================================ ]| 62% |================================================ ]- 55% |================================================ ]- 52% |================================================ ]| 40% |================================================ ]\  2% |================================================ ]/ 56% |================================================ ]\ 52% |================================================ ]/[INFO] 2018-08-13 16:44:13 NoBudgetizer - 54918 new tests generated
[WARN] 2018-08-13 16:44:13 NoBudgetizer - Too many tests have been generated: 54918
[INFO] 2018-08-13 16:44:56 NoBudgetizer - Number of generated test reduced to 200
[INFO] 2018-08-13 16:45:10 AssertGenerator - Run tests. (200)
[ERROR] 2018-08-13 16:45:10 TestCompiler - Error(s) during compilation:
[ERROR] 2018-08-13 16:45:10 TestCompiler - Pb(114) Cannot invoke facilityStringToint(String) on the primitive type null
[ERROR] 2018-08-13 16:45:10 TestCompiler - Pb(114) Cannot invoke facilityStringToint(String) on the primitive type null
[ERROR] 2018-08-13 16:45:10 TestCompiler - Pb(114) Cannot invoke facilityStringToint(String) on the primitive type null
[ERROR] 2018-08-13 16:45:10 TestCompiler - Pb(114) Cannot invoke facilityStringToint(String) on the primitive type null
[ERROR] 2018-08-13 16:45:10 TestCompiler - Pb(114) Cannot invoke facilityStringToint(String) on the primitive type null
[ERROR] 2018-08-13 16:45:10 TestCompiler - Pb(114) Cannot invoke facilityStringToint(String) on the primitive type null
[ERROR] 2018-08-13 16:45:10 TestCompiler - Pb(114) Cannot invoke facilityStringToint(String) on the primitive type null
[ERROR] 2018-08-13 16:45:10 TestCompiler - Pb(114) Cannot invoke facilityStringToint(String) on the primitive type null
[ERROR] 2018-08-13 16:45:10 TestCompiler - Pb(114) Cannot invoke facilityStringToint(String) on the primitive type null
[ERROR] 2018-08-13 16:45:10 TestCompiler - Pb(114) Cannot invoke facilityStringToint(String) on the primitive type null
[ERROR] 2018-08-13 16:45:10 TestCompiler - Pb(114) Cannot invoke facilityStringToint(String) on the primitive type null
[ERROR] 2018-08-13 16:45:10 TestCompiler - Pb(114) Cannot invoke facilityStringToint(String) on the primitive type null
[ERROR] 2018-08-13 16:45:10 TestCompiler - Pb(114) Cannot invoke facilityStringToint(String) on the primitive type null
[ERROR] 2018-08-13 16:45:10 TestCompiler - Pb(114) Cannot invoke facilityStringToint(String) on the primitive type null
[ERROR] 2018-08-13 16:45:10 TestCompiler - Pb(114) Cannot invoke facilityStringToint(String) on the primitive type null
[ERROR] 2018-08-13 16:45:10 TestCompiler - Pb(114) Cannot invoke facilityStringToint(String) on the primitive type null
[ERROR] 2018-08-13 16:45:10 TestCompiler - Pb(114) Cannot invoke facilityStringToint(String) on the primitive type null
[ERROR] 2018-08-13 16:45:10 TestCompiler - Pb(114) Cannot invoke facilityStringToint(String) on the primitive type null
[ERROR] 2018-08-13 16:45:10 TestCompiler - Pb(114) Cannot invoke facilityStringToint(String) on the primitive type null
[ERROR] 2018-08-13 16:45:10 TestCompiler - Pb(114) Cannot invoke facilityStringToint(String) on the primitive type null
[ERROR] 2018-08-13 16:45:11 TestCompiler - Error(s) during compilation:
[ERROR] 2018-08-13 16:45:11 TestCompiler - Pb(114) Cannot invoke facilityStringToint(String) on the primitive type null
[ERROR] 2018-08-13 16:45:11 TestCompiler - Pb(114) Cannot invoke facilityStringToint(String) on the primitive type null
[ERROR] 2018-08-13 16:45:11 TestCompiler - Pb(114) Cannot invoke facilityStringToint(String) on the primitive type null
[ERROR] 2018-08-13 16:45:11 TestCompiler - Pb(114) Cannot invoke facilityStringToint(String) on the primitive type null
[ERROR] 2018-08-13 16:45:11 TestCompiler - Pb(114) Cannot invoke facilityStringToint(String) on the primitive type null
[ERROR] 2018-08-13 16:45:11 TestCompiler - Pb(114) Cannot invoke facilityStringToint(String) on the primitive type null
[ERROR] 2018-08-13 16:45:11 TestCompiler - Pb(114) Cannot invoke facilityStringToint(String) on the primitive type null
[ERROR] 2018-08-13 16:45:11 TestCompiler - Pb(114) Cannot invoke facilityStringToint(String) on the primitive type null
[ERROR] 2018-08-13 16:45:11 TestCompiler - Pb(114) Cannot invoke facilityStringToint(String) on the primitive type null
[ERROR] 2018-08-13 16:45:11 TestCompiler - Pb(114) Cannot invoke facilityStringToint(String) on the primitive type null
[ERROR] 2018-08-13 16:45:11 TestCompiler - Pb(114) Cannot invoke facilityStringToint(String) on the primitive type null
[ERROR] 2018-08-13 16:45:11 TestCompiler - Pb(114) Cannot invoke facilityStringToint(String) on the primitive type null
[ERROR] 2018-08-13 16:45:11 TestCompiler - Pb(114) Cannot invoke facilityStringToint(String) on the primitive type null
[ERROR] 2018-08-13 16:45:11 TestCompiler - Pb(114) Cannot invoke facilityStringToint(String) on the primitive type null
[ERROR] 2018-08-13 16:45:11 TestCompiler - Pb(114) Cannot invoke facilityStringToint(String) on the primitive type null
[ERROR] 2018-08-13 16:45:11 TestCompiler - Pb(114) Cannot invoke facilityStringToint(String) on the primitive type null
[ERROR] 2018-08-13 16:45:11 TestCompiler - Pb(114) Cannot invoke facilityStringToint(String) on the primitive type null
[ERROR] 2018-08-13 16:45:11 TestCompiler - Pb(114) Cannot invoke facilityStringToint(String) on the primitive type null
[ERROR] 2018-08-13 16:45:11 TestCompiler - Pb(114) Cannot invoke facilityStringToint(String) on the primitive type null
[ERROR] 2018-08-13 16:45:11 TestCompiler - Pb(114) Cannot invoke facilityStringToint(String) on the primitive type null
[WARN] 2018-08-13 16:45:12 AssertGenerator - Error when executing tests before Assertion Amplification:
eu.stamp_project.dspot.AmplificationException: Every test methods are uncompilable
	at eu.stamp_project.utils.compilation.TestCompiler.compileAndDiscardUncompilableMethods(TestCompiler.java:125)
	at eu.stamp_project.utils.compilation.TestCompiler.compileAndRun(TestCompiler.java:93)
	at eu.stamp_project.dspot.assertgenerator.AssertGenerator.innerAssertionAmplification(AssertGenerator.java:100)
	at eu.stamp_project.dspot.assertgenerator.AssertGenerator.assertionAmplification(AssertGenerator.java:71)
	at eu.stamp_project.dspot.Amplification.assertionsAmplification(Amplification.java:149)
	at eu.stamp_project.dspot.Amplification.amplification(Amplification.java:134)
	at eu.stamp_project.dspot.Amplification.amplification(Amplification.java:97)
	at eu.stamp_project.dspot.DSpot.amplifyTest(DSpot.java:180)
	at eu.stamp_project.dspot.DSpot.amplifyTest(DSpot.java:170)
	at eu.stamp_project.Main.lambda$run$1(Main.java:69)
	at java.util.stream.ReferencePipeline$3$1.accept(ReferencePipeline.java:193)
	at java.util.Spliterators$ArraySpliterator.forEachRemaining(Spliterators.java:948)
	at java.util.stream.AbstractPipeline.copyInto(AbstractPipeline.java:481)
	at java.util.stream.AbstractPipeline.wrapAndCopyInto(AbstractPipeline.java:471)
	at java.util.stream.ReduceOps$ReduceOp.evaluateSequential(ReduceOps.java:708)
	at java.util.stream.AbstractPipeline.evaluate(AbstractPipeline.java:234)
	at java.util.stream.ReferencePipeline.collect(ReferencePipeline.java:499)
	at eu.stamp_project.Main.run(Main.java:71)
	at eu.stamp_project.Main.main(Main.java:40)
[INFO] 2018-08-13 16:45:12 AssertGenerator - Could not generate any test with assertions
[INFO] 2018-08-13 16:45:12 Amplification - iteration 2 / 3
[INFO] 2018-08-13 16:45:12 Amplification - 200 tests selected to be amplified over 200 available tests
[INFO] 2018-08-13 16:45:12 NoBudgetizer - Amplification of inputs...
 66% |================================================ ]| 16% |================================================ ]|  6% |================================================ ]/ 31% |================================================ ]\ 28% |================================================ ]/ 91% |================================================ ]- 81% |================================================ ]\ 44% |================================================ ]| 66% |================================================ ]/ 44% |================================================ ]/  7% |================================================ ]- 16% |================================================ ]/ 29% |================================================ ]- 82% |================================================ ]| 32% |================================================ ]| 91% |================================================ ]\ 45% |================================================ ]- 67% |================================================ ]-  7% |================================================ ]\ 17% |================================================ ]- 32% |================================================ ]/ 82% |================================================ ]/ 29% |================================================ ]\ 92% |================================================ ]| 45% |================================================ ]\ 67% |================================================ ]\  8% |================================================ ]| 83% |================================================ ]- 17% |================================================ ]\ 33% |================================================ ]- 30% |================================================ ]| 92% |================================================ ]/ 46% |================================================ ]|  8% |================================================ ]/ 68% |================================================ ]| 18% |================================================ ]| 83% |================================================ ]\ 33% |================================================ ]\ 93% |================================================ ]- 30% |================================================ ]/ 46% |================================================ ]/ 18% |================================================ ]/  9% |================================================ ]- 68% |================================================ ]/ 84% |================================================ ]| 34% |================================================ ]| 47% |================================================ ]- 93% |================================================ ]\ 31% |================================================ ]- 13% |================================================ ]-  9% |================================================ ]\ 63% |================================================ ]- 84% |================================================ ]/ 47% |================================================ ]\ 25% |================================================ ]\ 34% |================================================ ]/ 13% |================================================ ]\ 88% |================================================ ]| 10% |================================================ ]| 63% |================================================ ]\ 85% |================================================ ]- 48% |================================================ ]| 35% |================================================ ]- 26% |================================================ ]| 88% |================================================ ]/ 14% |================================================ ]| 10% |================================================ ]/ 64% |================================================ ]| 85% |================================================ ]\ 35% |================================================ ]\ 48% |================================================ ]/ 89% |================================================ ]- 14% |================================================ ]/ 11% |================================================ ]- 26% |================================================ ]/ 64% |================================================ ]/ 86% |================================================ ]| 49% |================================================ ]- 36% |================================================ ]| 89% |================================================ ]\ 11% |================================================ ]\ 15% |================================================ ]- 27% |================================================ ]- 65% |================================================ ]- 86% |================================================ ]/ 49% |================================================ ]\ 36% |================================================ ]/ 90% |================================================ ]| 12% |================================================ ]| 15% |================================================ ]\ 27% |================================================ ]\ 65% |================================================ ]\ 87% |================================================ ]- 37% |================================================ ]- 50% |================================================ ]| 12% |================================================ ]/ 90% |================================================ ]/ 22% |================================================ ]| 72% |================================================ ]| 41% |================================================ ]- 28% |================================================ ]| 87% |================================================ ]\ 37% |================================================ ]\ 22% |================================================ ]/  3% |================================================ ]\ 97% |================================================ ]- 72% |================================================ ]/ 41% |================================================ ]\  0% |================================================ ]/ 78% |================================================ ]/ 38% |================================================ ]| 23% |================================================ ]-  4% |================================================ ]| 97% |================================================ ]\ 42% |================================================ ]| 73% |================================================ ]-  1% |================================================ ]- 79% |================================================ ]- 38% |================================================ ]/ 23% |================================================ ]\  4% |================================================ ]/ 98% |================================================= ]| 42% |================================================= ]/ 73% |================================================= ]\  1% |================================================= ]\ 39% |================================================= ]- 79% |================================================= ]\  5% |================================================= ]- 98% |================================================= ]/ 43% |================================================= ]- 24% |================================================= ]| 74% |================================================= ]| 39% |================================================= ]\  2% |================================================= ]| 80% |================================================= ]|  5% |================================================= ]\ 43% |================================================= ]\ 40% |================================================= ]| 99% |================================================= ]-  2% |================================================= ]/ 24% |================================================= ]/ 74% |================================================= ]/ 80% |================================================= ]/  6% |================================================= ]| 94% |================================================= ]| 40% |================================================= ]/ 99% |================================================= ]\  3% |================================================= ]- 75% |================================================= ]- 25% |================================================= ]- 19% |================================================= ]- 81% |================================================= ]- 75% |================================================= ]\ 94% |================================================= ]/100% |================================================== ]|
 56% |============================ ]/ 19% |============================ ]\ 69% |================================== ]- 53% |================================== ]\ 59% |================================== ]\ 76% |====================================== ]| 95% |=============================================== ]- 50% |=============================================== ]/ 20% |=============================================== ]| 57% |=============================================== ]- 69% |=============================================== ]\ 54% |=============================================== ]| 60% |=============================================== ]| 76% |=============================================== ]/ 95% |=============================================== ]\ 20% |=============================================== ]/ 51% |=============================================== ]- 70% |=============================================== ]| 57% |=============================================== ]\ 54% |=============================================== ]/ 60% |=============================================== ]/ 77% |=============================================== ]- 21% |=============================================== ]- 51% |=============================================== ]\ 96% |================================================ ]| 70% |================================================ ]/ 58% |================================================ ]| 55% |================================================ ]- 21% |================================================ ]\ 77% |================================================ ]\ 61% |================================================ ]- 52% |================================================ ]| 96% |================================================ ]/ 71% |================================================ ]- 58% |================================================ ]/ 55% |================================================ ]\ 52% |================================================ ]/ 78% |================================================ ]| 61% |================================================ ]\ 71% |================================================ ]\ 59% |================================================ ]- 56% |================================================ ]| 53% |================================================ ]- 62% |================================================ ]| 62% |================================================ ]/[INFO] 2018-08-13 16:45:28 NoBudgetizer - 36378 new tests generated
[WARN] 2018-08-13 16:45:28 NoBudgetizer - Too many tests have been generated: 36378
[INFO] 2018-08-13 16:45:40 NoBudgetizer - Number of generated test reduced to 200
[INFO] 2018-08-13 16:45:51 AssertGenerator - Run tests. (200)
[ERROR] 2018-08-13 16:45:51 TestCompiler - Error(s) during compilation:
[ERROR] 2018-08-13 16:45:51 TestCompiler - Pb(114) Cannot invoke facilityStringToint(String) on the primitive type null
[ERROR] 2018-08-13 16:45:51 TestCompiler - Pb(114) Cannot invoke facilityStringToint(String) on the primitive type null
[ERROR] 2018-08-13 16:45:51 TestCompiler - Pb(114) Cannot invoke facilityStringToint(String) on the primitive type null
[ERROR] 2018-08-13 16:45:51 TestCompiler - Pb(114) Cannot invoke facilityStringToint(String) on the primitive type null
[ERROR] 2018-08-13 16:45:51 TestCompiler - Pb(114) Cannot invoke facilityStringToint(String) on the primitive type null
[ERROR] 2018-08-13 16:45:51 TestCompiler - Pb(114) Cannot invoke facilityStringToint(String) on the primitive type null
[ERROR] 2018-08-13 16:45:51 TestCompiler - Pb(114) Cannot invoke facilityStringToint(String) on the primitive type null
[ERROR] 2018-08-13 16:45:51 TestCompiler - Pb(114) Cannot invoke facilityStringToint(String) on the primitive type null
[ERROR] 2018-08-13 16:45:51 TestCompiler - Pb(114) Cannot invoke facilityStringToint(String) on the primitive type null
[ERROR] 2018-08-13 16:45:51 TestCompiler - Pb(114) Cannot invoke facilityStringToint(String) on the primitive type null
[ERROR] 2018-08-13 16:45:51 TestCompiler - Pb(114) Cannot invoke facilityStringToint(String) on the primitive type null
[ERROR] 2018-08-13 16:45:51 TestCompiler - Pb(114) Cannot invoke facilityStringToint(String) on the primitive type null
[ERROR] 2018-08-13 16:45:51 TestCompiler - Pb(114) Cannot invoke facilityStringToint(String) on the primitive type null
[ERROR] 2018-08-13 16:45:51 TestCompiler - Pb(114) Cannot invoke facilityStringToint(String) on the primitive type null
[ERROR] 2018-08-13 16:45:51 TestCompiler - Pb(114) Cannot invoke facilityStringToint(String) on the primitive type null
[ERROR] 2018-08-13 16:45:51 TestCompiler - Pb(114) Cannot invoke facilityStringToint(String) on the primitive type null
[ERROR] 2018-08-13 16:45:51 TestCompiler - Pb(114) Cannot invoke facilityStringToint(String) on the primitive type null
[ERROR] 2018-08-13 16:45:51 TestCompiler - Pb(114) Cannot invoke facilityStringToint(String) on the primitive type null
[ERROR] 2018-08-13 16:45:51 TestCompiler - Pb(114) Cannot invoke facilityStringToint(String) on the primitive type null
[ERROR] 2018-08-13 16:45:51 TestCompiler - Pb(114) Cannot invoke facilityStringToint(String) on the primitive type null
[ERROR] 2018-08-13 16:45:52 TestCompiler - Error(s) during compilation:
[ERROR] 2018-08-13 16:45:52 TestCompiler - Pb(114) Cannot invoke facilityStringToint(String) on the primitive type null
[ERROR] 2018-08-13 16:45:52 TestCompiler - Pb(114) Cannot invoke facilityStringToint(String) on the primitive type null
[ERROR] 2018-08-13 16:45:52 TestCompiler - Pb(114) Cannot invoke facilityStringToint(String) on the primitive type null
[ERROR] 2018-08-13 16:45:52 TestCompiler - Pb(114) Cannot invoke facilityStringToint(String) on the primitive type null
[ERROR] 2018-08-13 16:45:52 TestCompiler - Pb(114) Cannot invoke facilityStringToint(String) on the primitive type null
[ERROR] 2018-08-13 16:45:52 TestCompiler - Pb(114) Cannot invoke facilityStringToint(String) on the primitive type null
[ERROR] 2018-08-13 16:45:52 TestCompiler - Pb(114) Cannot invoke facilityStringToint(String) on the primitive type null
[ERROR] 2018-08-13 16:45:52 TestCompiler - Pb(114) Cannot invoke facilityStringToint(String) on the primitive type null
[ERROR] 2018-08-13 16:45:52 TestCompiler - Pb(114) Cannot invoke facilityStringToint(String) on the primitive type null
[ERROR] 2018-08-13 16:45:52 TestCompiler - Pb(114) Cannot invoke facilityStringToint(String) on the primitive type null
[ERROR] 2018-08-13 16:45:52 TestCompiler - Pb(114) Cannot invoke facilityStringToint(String) on the primitive type null
[ERROR] 2018-08-13 16:45:52 TestCompiler - Pb(114) Cannot invoke facilityStringToint(String) on the primitive type null
[ERROR] 2018-08-13 16:45:52 TestCompiler - Pb(114) Cannot invoke facilityStringToint(String) on the primitive type null
[ERROR] 2018-08-13 16:45:52 TestCompiler - Pb(114) Cannot invoke facilityStringToint(String) on the primitive type null
[ERROR] 2018-08-13 16:45:52 TestCompiler - Pb(114) Cannot invoke facilityStringToint(String) on the primitive type null
[ERROR] 2018-08-13 16:45:52 TestCompiler - Pb(114) Cannot invoke facilityStringToint(String) on the primitive type null
[ERROR] 2018-08-13 16:45:52 TestCompiler - Pb(114) Cannot invoke facilityStringToint(String) on the primitive type null
[ERROR] 2018-08-13 16:45:52 TestCompiler - Pb(114) Cannot invoke facilityStringToint(String) on the primitive type null
[ERROR] 2018-08-13 16:45:52 TestCompiler - Pb(114) Cannot invoke facilityStringToint(String) on the primitive type null
[ERROR] 2018-08-13 16:45:52 TestCompiler - Pb(114) Cannot invoke facilityStringToint(String) on the primitive type null
[WARN] 2018-08-13 16:45:53 AssertGenerator - Error when executing tests before Assertion Amplification:
eu.stamp_project.dspot.AmplificationException: Every test methods are uncompilable
	at eu.stamp_project.utils.compilation.TestCompiler.compileAndDiscardUncompilableMethods(TestCompiler.java:125)
	at eu.stamp_project.utils.compilation.TestCompiler.compileAndRun(TestCompiler.java:93)
	at eu.stamp_project.dspot.assertgenerator.AssertGenerator.innerAssertionAmplification(AssertGenerator.java:100)
	at eu.stamp_project.dspot.assertgenerator.AssertGenerator.assertionAmplification(AssertGenerator.java:71)
	at eu.stamp_project.dspot.Amplification.assertionsAmplification(Amplification.java:149)
	at eu.stamp_project.dspot.Amplification.amplification(Amplification.java:134)
	at eu.stamp_project.dspot.Amplification.amplification(Amplification.java:97)
	at eu.stamp_project.dspot.DSpot.amplifyTest(DSpot.java:180)
	at eu.stamp_project.dspot.DSpot.amplifyTest(DSpot.java:170)
	at eu.stamp_project.Main.lambda$run$1(Main.java:69)
	at java.util.stream.ReferencePipeline$3$1.accept(ReferencePipeline.java:193)
	at java.util.Spliterators$ArraySpliterator.forEachRemaining(Spliterators.java:948)
	at java.util.stream.AbstractPipeline.copyInto(AbstractPipeline.java:481)
	at java.util.stream.AbstractPipeline.wrapAndCopyInto(AbstractPipeline.java:471)
	at java.util.stream.ReduceOps$ReduceOp.evaluateSequential(ReduceOps.java:708)
	at java.util.stream.AbstractPipeline.evaluate(AbstractPipeline.java:234)
	at java.util.stream.ReferencePipeline.collect(ReferencePipeline.java:499)
	at eu.stamp_project.Main.run(Main.java:71)
	at eu.stamp_project.Main.main(Main.java:40)
[INFO] 2018-08-13 16:45:53 AssertGenerator - Could not generate any test with assertions
[INFO] 2018-08-13 16:45:53 Amplification - 0 amplified test methods has been selected to be kept. (global: 1)
[INFO] 2018-08-13 16:45:53 DSpot - elapsedTime 213013

======= REPORT =======
PitMutantScoreSelector: 
The original test suite kills 166 mutants
The amplification results with 1 new tests
it kills 4 more mutants

[INFO] 2018-08-13 16:45:53 DSpot - Print AmplSyslogAppenderBaseTest with 1?amplified test cases in /tmp/dspot-experiments/results/august-2018/logback/top_2_amplification
[INFO] 2018-08-13 16:45:53 Main - Amplification succeed.
[INFO] 2018-08-13 16:45:53 Main - Elapsed time 213407 ms
