[INFO] 2018-08-07 18:30:05 PitMutantScoreSelector - The original test suite kill 186 / 7023
[WARN] 2018-08-07 18:30:05 AutomaticBuilderFactory - automaticBuilderName: unknown automatic builder specified in configuration, going to default.
[INFO] 2018-08-07 18:30:05 AutomaticBuilderFactory - Default: provided Maven automatic builder.
[INFO] 2018-08-07 18:30:05 MavenAutomaticBuilder - run maven clean test -DskipTests dependency:build-classpath -Dmdep.outputFile=target/dspot/classpath
[WARN] Maven will be executed in interactive mode, but no input stream has been configured for this MavenInvoker instance.
[INFO] Scanning for projects...
[INFO]                                                                         
[INFO] ------------------------------------------------------------------------
[INFO] Building stream-lib 2.9.7-SNAPSHOT
[INFO] ------------------------------------------------------------------------
[INFO] 
[INFO] --- maven-clean-plugin:2.5:clean (default-clean) @ stream ---
[INFO] Deleting /tmp/dspot-experiments/dataset/stream-lib/target
[INFO] 
[INFO] --- jacoco-maven-plugin:0.7.6.201602180812:prepare-agent (default) @ stream ---
[INFO] argLine set to -javaagent:/home/spirals/danglot/.m2/repository/org/jacoco/org.jacoco.agent/0.7.6.201602180812/org.jacoco.agent-0.7.6.201602180812-runtime.jar=destfile=/tmp/dspot-experiments/dataset/stream-lib/target/jacoco.exec
[INFO] 
[INFO] --- maven-resources-plugin:2.6:resources (default-resources) @ stream ---
[INFO] Using 'UTF-8' encoding to copy filtered resources.
[INFO] skip non existing resourceDirectory /tmp/dspot-experiments/dataset/stream-lib/src/main/resources
[INFO] 
[INFO] --- maven-compiler-plugin:3.5.1:compile (default-compile) @ stream ---
[INFO] Changes detected - recompiling the module!
[INFO] Compiling 48 source files to /tmp/dspot-experiments/dataset/stream-lib/target/classes
[INFO] 
[INFO] --- maven-resources-plugin:2.6:testResources (default-testResources) @ stream ---
[INFO] Using 'UTF-8' encoding to copy filtered resources.
[INFO] Copying 1 resource
[INFO] 
[INFO] --- maven-compiler-plugin:3.5.1:testCompile (default-testCompile) @ stream ---
[INFO] Changes detected - recompiling the module!
[INFO] Compiling 29 source files to /tmp/dspot-experiments/dataset/stream-lib/target/test-classes
[WARNING] /tmp/dspot-experiments/dataset/stream-lib/src/test/java/com/clearspring/analytics/stream/cardinality/TestHyperLogLog.java:[146,29] HyperLogLog(int,com.clearspring.analytics.stream.cardinality.RegisterSet) in com.clearspring.analytics.stream.cardinality.HyperLogLog has been deprecated
[WARNING] /tmp/dspot-experiments/dataset/stream-lib/src/test/java/com/clearspring/analytics/stream/cardinality/TestHyperLogLog.java:[147,30] HyperLogLog(int,com.clearspring.analytics.stream.cardinality.RegisterSet) in com.clearspring.analytics.stream.cardinality.HyperLogLog has been deprecated
[WARNING] /tmp/dspot-experiments/dataset/stream-lib/src/test/java/com/clearspring/analytics/stream/cardinality/TestCountThenEstimate.java:[169,58] Builder(double) in com.clearspring.analytics.stream.cardinality.HyperLogLog.Builder has been deprecated
[WARNING] /tmp/dspot-experiments/dataset/stream-lib/src/test/java/com/clearspring/analytics/stream/cardinality/TestCountThenEstimate.java:[209,58] Builder(double) in com.clearspring.analytics.stream.cardinality.HyperLogLog.Builder has been deprecated
[INFO] 
[INFO] --- maven-surefire-plugin:2.19.1:test (default-test) @ stream ---
[INFO] Tests are skipped.
[INFO] 
[INFO] --- maven-dependency-plugin:2.10:build-classpath (default-cli) @ stream ---
[INFO] Wrote classpath file '/tmp/dspot-experiments/dataset/stream-lib/target/dspot/classpath'.
[INFO] ------------------------------------------------------------------------
[INFO] BUILD SUCCESS
[INFO] ------------------------------------------------------------------------
[INFO] Total time: 5.728 s
[INFO] Finished at: 2018-08-07T18:30:12+02:00
[INFO] Final Memory: 32M/312M
[INFO] ------------------------------------------------------------------------
[INFO] 2018-08-07 18:30:15 Amplification - Amplification of com.clearspring.analytics.hash.TestMurmurHash (4 test(s))
[INFO] 2018-08-07 18:30:15 Amplification - Assertion amplification of com.clearspring.analytics.hash.TestMurmurHash (4 test(s))
[INFO] 2018-08-07 18:30:15 EntryPoint - Run: java -classpath /tmp/dspot-experiments/dataset/stream-lib/target/test-classes:/tmp/dspot-experiments/dataset/stream-lib/target/classes/:/home/spirals/danglot/.m2/repository/it/unimi/dsi/fastutil/8.1.1/fastutil-8.1.1.jar:/home/spirals/danglot/.m2/repository/junit/junit/4.12/junit-4.12.jar:/home/spirals/danglot/.m2/repository/org/hamcrest/hamcrest-core/1.3/hamcrest-core-1.3.jar:/home/spirals/danglot/.m2/repository/org/slf4j/slf4j-simple/1.7.25/slf4j-simple-1.7.25.jar:/home/spirals/danglot/.m2/repository/colt/colt/1.2.0/colt-1.2.0.jar:/home/spirals/danglot/.m2/repository/concurrent/concurrent/1.3.4/concurrent-1.3.4.jar:/home/spirals/danglot/.m2/repository/com/googlecode/charts4j/charts4j/1.3/charts4j-1.3.jar:/home/spirals/danglot/.m2/repository/commons-codec/commons-codec/1.11/commons-codec-1.11.jar:/home/spirals/danglot/.m2/repository/com/google/guava/guava/23.3-jre/guava-23.3-jre.jar:/home/spirals/danglot/.m2/repository/com/google/code/findbugs/jsr305/2.0.3/jsr305-2.0.3.jar:/home/spirals/danglot/.m2/repository/com/google/errorprone/error_prone_annotations/2.0.18/error_prone_annotations-2.0.18.jar:/home/spirals/danglot/.m2/repository/com/google/j2objc/j2objc-annotations/1.1/j2objc-annotations-1.1.jar:/home/spirals/danglot/.m2/repository/org/codehaus/mojo/animal-sniffer-annotations/1.14/animal-sniffer-annotations-1.14.jar:/home/spirals/danglot/.m2/repository/org/apache/mahout/mahout-math/0.13.0/mahout-math-0.13.0.jar:/home/spirals/danglot/.m2/repository/org/apache/commons/commons-math3/3.2/commons-math3-3.2.jar:/home/spirals/danglot/.m2/repository/com/tdunning/t-digest/3.1/t-digest-3.1.jar:/home/spirals/danglot/.m2/repository/org/slf4j/slf4j-api/1.7.10/slf4j-api-1.7.10.jar:/tmp/dspot-experiments/target/dspot/dependencies:/tmp/dspot/dspot/target/dspot-1.1.1-SNAPSHOT-jar-with-dependencies.jar eu.stamp_project.testrunner.runner.test.TestRunner com.clearspring.analytics.hash.TestMurmurHash testHash:testHash64:testHash64ByteArrayOverload:testHashByteArrayOverload
File saved to the following path: /tmp/dspot-experiments/dataset/stream-lib/target/dspot/TestListener.ser
[INFO] 2018-08-07 18:30:16 EntryPoint - Test has been run: testHash,testHash64,testHashByteArrayOverload,testHash64ByteArrayOverload
[INFO] 2018-08-07 18:30:16 AssertGenerator - Run tests. (4)
[INFO] 2018-08-07 18:30:16 EntryPoint - Run: java -classpath /tmp/dspot-experiments/dataset/stream-lib/target/test-classes:/tmp/dspot-experiments/dataset/stream-lib/target/classes/:/home/spirals/danglot/.m2/repository/it/unimi/dsi/fastutil/8.1.1/fastutil-8.1.1.jar:/home/spirals/danglot/.m2/repository/junit/junit/4.12/junit-4.12.jar:/home/spirals/danglot/.m2/repository/org/hamcrest/hamcrest-core/1.3/hamcrest-core-1.3.jar:/home/spirals/danglot/.m2/repository/org/slf4j/slf4j-simple/1.7.25/slf4j-simple-1.7.25.jar:/home/spirals/danglot/.m2/repository/colt/colt/1.2.0/colt-1.2.0.jar:/home/spirals/danglot/.m2/repository/concurrent/concurrent/1.3.4/concurrent-1.3.4.jar:/home/spirals/danglot/.m2/repository/com/googlecode/charts4j/charts4j/1.3/charts4j-1.3.jar:/home/spirals/danglot/.m2/repository/commons-codec/commons-codec/1.11/commons-codec-1.11.jar:/home/spirals/danglot/.m2/repository/com/google/guava/guava/23.3-jre/guava-23.3-jre.jar:/home/spirals/danglot/.m2/repository/com/google/code/findbugs/jsr305/2.0.3/jsr305-2.0.3.jar:/home/spirals/danglot/.m2/repository/com/google/errorprone/error_prone_annotations/2.0.18/error_prone_annotations-2.0.18.jar:/home/spirals/danglot/.m2/repository/com/google/j2objc/j2objc-annotations/1.1/j2objc-annotations-1.1.jar:/home/spirals/danglot/.m2/repository/org/codehaus/mojo/animal-sniffer-annotations/1.14/animal-sniffer-annotations-1.14.jar:/home/spirals/danglot/.m2/repository/org/apache/mahout/mahout-math/0.13.0/mahout-math-0.13.0.jar:/home/spirals/danglot/.m2/repository/org/apache/commons/commons-math3/3.2/commons-math3-3.2.jar:/home/spirals/danglot/.m2/repository/com/tdunning/t-digest/3.1/t-digest-3.1.jar:/home/spirals/danglot/.m2/repository/org/slf4j/slf4j-api/1.7.10/slf4j-api-1.7.10.jar:/tmp/dspot-experiments/target/dspot/dependencies:/tmp/dspot/dspot/target/dspot-1.1.1-SNAPSHOT-jar-with-dependencies.jar eu.stamp_project.testrunner.runner.test.TestRunner com.clearspring.analytics.hash.TestMurmurHash testHash:testHash64:testHash64ByteArrayOverload:testHashByteArrayOverload
File saved to the following path: /tmp/dspot-experiments/dataset/stream-lib/target/dspot/TestListener.ser
[INFO] 2018-08-07 18:30:16 EntryPoint - Test has been run: testHash,testHash64,testHashByteArrayOverload,testHash64ByteArrayOverload
[INFO] 2018-08-07 18:30:16 AssertGenerator - 4 test pass, generating assertion...
[INFO] 2018-08-07 18:30:16 MethodsAssertGenerator - Add observations points in passing tests.
[INFO] 2018-08-07 18:30:16 MethodsAssertGenerator - Instrumentation...
 25% |============ ]/ 50% |========================= ]- 75% |===================================== ]\100% |================================================== ]|
[INFO] 2018-08-07 18:30:17 MethodsAssertGenerator - Run instrumented tests. (12)
[INFO] 2018-08-07 18:30:17 EntryPoint - Run: java -classpath /tmp/dspot-experiments/dataset/stream-lib/target/test-classes:/tmp/dspot-experiments/dataset/stream-lib/target/classes/:/home/spirals/danglot/.m2/repository/it/unimi/dsi/fastutil/8.1.1/fastutil-8.1.1.jar:/home/spirals/danglot/.m2/repository/junit/junit/4.12/junit-4.12.jar:/home/spirals/danglot/.m2/repository/org/hamcrest/hamcrest-core/1.3/hamcrest-core-1.3.jar:/home/spirals/danglot/.m2/repository/org/slf4j/slf4j-simple/1.7.25/slf4j-simple-1.7.25.jar:/home/spirals/danglot/.m2/repository/colt/colt/1.2.0/colt-1.2.0.jar:/home/spirals/danglot/.m2/repository/concurrent/concurrent/1.3.4/concurrent-1.3.4.jar:/home/spirals/danglot/.m2/repository/com/googlecode/charts4j/charts4j/1.3/charts4j-1.3.jar:/home/spirals/danglot/.m2/repository/commons-codec/commons-codec/1.11/commons-codec-1.11.jar:/home/spirals/danglot/.m2/repository/com/google/guava/guava/23.3-jre/guava-23.3-jre.jar:/home/spirals/danglot/.m2/repository/com/google/code/findbugs/jsr305/2.0.3/jsr305-2.0.3.jar:/home/spirals/danglot/.m2/repository/com/google/errorprone/error_prone_annotations/2.0.18/error_prone_annotations-2.0.18.jar:/home/spirals/danglot/.m2/repository/com/google/j2objc/j2objc-annotations/1.1/j2objc-annotations-1.1.jar:/home/spirals/danglot/.m2/repository/org/codehaus/mojo/animal-sniffer-annotations/1.14/animal-sniffer-annotations-1.14.jar:/home/spirals/danglot/.m2/repository/org/apache/mahout/mahout-math/0.13.0/mahout-math-0.13.0.jar:/home/spirals/danglot/.m2/repository/org/apache/commons/commons-math3/3.2/commons-math3-3.2.jar:/home/spirals/danglot/.m2/repository/com/tdunning/t-digest/3.1/t-digest-3.1.jar:/home/spirals/danglot/.m2/repository/org/slf4j/slf4j-api/1.7.10/slf4j-api-1.7.10.jar:/tmp/dspot-experiments/target/dspot/dependencies:/tmp/dspot/dspot/target/dspot-1.1.1-SNAPSHOT-jar-with-dependencies.jar eu.stamp_project.testrunner.runner.test.TestRunner com.clearspring.analytics.hash.TestMurmurHash testHash_withlog0:testHash64_withlog0:testHash64ByteArrayOverload_withlog0:testHashByteArrayOverload_withlog0:testHash_withlog1:testHash64_withlog1:testHash64ByteArrayOverload_withlog1:testHashByteArrayOverload_withlog1:testHash_withlog2:testHash64_withlog2:testHash64ByteArrayOverload_withlog2:testHashByteArrayOverload_withlog2
File saved to the following path: /tmp/dspot-experiments/dataset/stream-lib/target/dspot/observations.ser
File saved to the following path: /tmp/dspot-experiments/dataset/stream-lib/target/dspot/TestListener.ser
[INFO] 2018-08-07 18:30:17 EntryPoint - Test has been run: testHashByteArrayOverload_withlog0,testHashByteArrayOverload_withlog1,testHashByteArrayOverload_withlog2,testHash64_withlog0,testHash64_withlog1,testHash64_withlog2,testHash64ByteArrayOverload_withlog0,testHash64ByteArrayOverload_withlog1,testHash64ByteArrayOverload_withlog2,testHash_withlog0,testHash_withlog1,testHash_withlog2
[INFO] 2018-08-07 18:30:17 MethodsAssertGenerator - Generating assertions...
[INFO] 2018-08-07 18:30:17 AssertGenerator - 4 new tests with assertions generated
[INFO] 2018-08-07 18:30:17 EntryPoint - Run: java -classpath /tmp/dspot-experiments/dataset/stream-lib/target/test-classes:/tmp/dspot-experiments/dataset/stream-lib/target/classes/:/home/spirals/danglot/.m2/repository/it/unimi/dsi/fastutil/8.1.1/fastutil-8.1.1.jar:/home/spirals/danglot/.m2/repository/junit/junit/4.12/junit-4.12.jar:/home/spirals/danglot/.m2/repository/org/hamcrest/hamcrest-core/1.3/hamcrest-core-1.3.jar:/home/spirals/danglot/.m2/repository/org/slf4j/slf4j-simple/1.7.25/slf4j-simple-1.7.25.jar:/home/spirals/danglot/.m2/repository/colt/colt/1.2.0/colt-1.2.0.jar:/home/spirals/danglot/.m2/repository/concurrent/concurrent/1.3.4/concurrent-1.3.4.jar:/home/spirals/danglot/.m2/repository/com/googlecode/charts4j/charts4j/1.3/charts4j-1.3.jar:/home/spirals/danglot/.m2/repository/commons-codec/commons-codec/1.11/commons-codec-1.11.jar:/home/spirals/danglot/.m2/repository/com/google/guava/guava/23.3-jre/guava-23.3-jre.jar:/home/spirals/danglot/.m2/repository/com/google/code/findbugs/jsr305/2.0.3/jsr305-2.0.3.jar:/home/spirals/danglot/.m2/repository/com/google/errorprone/error_prone_annotations/2.0.18/error_prone_annotations-2.0.18.jar:/home/spirals/danglot/.m2/repository/com/google/j2objc/j2objc-annotations/1.1/j2objc-annotations-1.1.jar:/home/spirals/danglot/.m2/repository/org/codehaus/mojo/animal-sniffer-annotations/1.14/animal-sniffer-annotations-1.14.jar:/home/spirals/danglot/.m2/repository/org/apache/mahout/mahout-math/0.13.0/mahout-math-0.13.0.jar:/home/spirals/danglot/.m2/repository/org/apache/commons/commons-math3/3.2/commons-math3-3.2.jar:/home/spirals/danglot/.m2/repository/com/tdunning/t-digest/3.1/t-digest-3.1.jar:/home/spirals/danglot/.m2/repository/org/slf4j/slf4j-api/1.7.10/slf4j-api-1.7.10.jar:/tmp/dspot-experiments/target/dspot/dependencies:/tmp/dspot/dspot/target/dspot-1.1.1-SNAPSHOT-jar-with-dependencies.jar eu.stamp_project.testrunner.runner.test.TestRunner com.clearspring.analytics.hash.TestMurmurHash testHash:testHash64:testHash64ByteArrayOverload:testHashByteArrayOverload
File saved to the following path: /tmp/dspot-experiments/dataset/stream-lib/target/dspot/TestListener.ser
[INFO] 2018-08-07 18:30:18 EntryPoint - Test has been run: testHash,testHash64,testHashByteArrayOverload,testHash64ByteArrayOverload
[INFO] 2018-08-07 18:30:18 Amplification - Assertion amplification: 4 test method(s) has been successfully amplified.
[WARN] 2018-08-07 18:30:18 Launcher - You specified the directory /tmp/dspot-experiments/dataset/stream-lib/target/classes in source classpath, please note that only class files will be considered. Jars and subdirectories will be ignored.
[WARN] 2018-08-07 18:30:18 Launcher - You specified the directory /tmp/dspot-experiments/dataset/stream-lib/target/test-classes in source classpath, please note that only class files will be considered. Jars and subdirectories will be ignored.
[WARN] 2018-08-07 18:30:18 Launcher - You specified the directory target/dspot/dependencies in source classpath, please note that only class files will be considered. Jars and subdirectories will be ignored.
[INFO] 2018-08-07 18:30:18 MavenAutomaticBuilder - run maven org.pitest:pitest-maven:1.3.0:mutationCoverage -DwithHistory -DtargetClasses=com.clearspring.* -DreportsDirectory=target/pit-reports -DoutputFormats=CSV,HTML -DtimeoutConst=10000 -DjvmArgs=16G -DtargetTests=com.clearspring.analytics.hash.TestMurmurHash -DadditionalClasspathElements=target/dspot/dependencies/ -DmutationEngines=gregor -Dmutators=ALL 
[WARN] Maven will be executed in interactive mode, but no input stream has been configured for this MavenInvoker instance.
[INFO] Scanning for projects...
[INFO]                                                                         
[INFO] ------------------------------------------------------------------------
[INFO] Building stream-lib 2.9.7-SNAPSHOT
[INFO] ------------------------------------------------------------------------
[INFO] 
[INFO] --- pitest-maven:1.3.0:mutationCoverage (default-cli) @ stream ---
[INFO] Found plugin : Default csv report plugin
[INFO] Found plugin : Default xml report plugin
[INFO] Found plugin : Default html report plugin
[INFO] Found plugin : Static initializer code detector plugin
[INFO] Found plugin : Static initializer filter plugin
[INFO] Found plugin : Excluded annotations plugin
[INFO] Found plugin : Inlined finally block filter plugin
[INFO] Found plugin : Try with resources filter
[INFO] Found plugin : Implicit null check filter
[INFO] Found plugin : For each loop filter
[INFO] Found plugin : Logging calls filter
[INFO] Found plugin : Infinite for loop filter
[INFO] Found plugin : Long running iterator loop filter
[INFO] Found plugin : For loop counter filter
[INFO] Found plugin : Kotlin junk mutations filter
[INFO] Found plugin : Max mutations per class limit
[INFO] Found plugin : Equals shortcut equivalent mutant filter
[INFO] Found plugin : Trivial return vals equivalence filter
[INFO] Found plugin : Mutant export plugin
[INFO] Found shared classpath plugin : Default mutation engine
[INFO] Found shared classpath plugin : JUnit plugin
[INFO] Found shared classpath plugin : TestNG plugin
[INFO] Adding org.pitest:pitest to SUT classpath
[INFO] Mutating from /tmp/dspot-experiments/dataset/stream-lib/target/classes
[INFO] Will read and write history at /tmp/com.clearspring.analytics.stream.2.9.7-SNAPSHOT_pitest_history.bin
6:30:21 PM PIT >> INFO : Verbose logging is disabled. If you encounter an problem please enable it before reporting an issue.
6:30:22 PM PIT >> INFO : Sending 1 test classes to minion
6:30:22 PM PIT >> INFO : Sent tests to minion
6:30:22 PM PIT >> INFO : MINION : Security framework of XStream not initialized, XStream is probably vulnerable.
6:30:22 PM PIT >> INFO : Checking environment

6:30:23 PM PIT >> INFO : MINION : 6:30:23 PM PIT >> INFO : Found  4 tests

6:30:23 PM PIT >> INFO : MINION : 6:30:23 PM PIT >> INFO : Dependency analysis reduced number of potential tests by 0

6:30:23 PM PIT >> INFO : MINION : 6:30:23 PM PIT >> INFO : 4 tests received

Security framework of XStream not initialized, XStream is probably vulnerable.
6:30:23 PM PIT >> INFO : Calculated coverage in 1 seconds.
/-\|[INFO] ------------------------------------------------------------------------
[INFO] BUILD FAILURE
[INFO] ------------------------------------------------------------------------
[INFO] Total time: 5.248 s
[INFO] Finished at: 2018-08-07T18:30:25+02:00
[INFO] Final Memory: 15M/409M
[INFO] ------------------------------------------------------------------------
[ERROR] Failed to execute goal org.pitest:pitest-maven:1.3.0:mutationCoverage (default-cli) on project stream: Execution default-cli of goal org.pitest:pitest-maven:1.3.0:mutationCoverage failed: (JI)B does not return integer type -> [Help 1]
[ERROR] 
[ERROR] To see the full stack trace of the errors, re-run Maven with the -e switch.
[ERROR] Re-run Maven using the -X switch to enable full debug logging.
[ERROR] 
[ERROR] For more information about the errors and possible solutions, please read the following articles:
[ERROR] [Help 1] http://cwiki.apache.org/confluence/display/MAVEN/PluginExecutionException
Exception in thread "main" java.lang.RuntimeException: java.lang.RuntimeException: Maven build failed! Enable verbose mode for more information (--verbose)
	at eu.stamp_project.automaticbuilder.MavenAutomaticBuilder.runPit(MavenAutomaticBuilder.java:182)
	at eu.stamp_project.dspot.selector.PitMutantScoreSelector.selectToKeep(PitMutantScoreSelector.java:117)
	at eu.stamp_project.dspot.Amplification.amplification(Amplification.java:85)
	at eu.stamp_project.dspot.DSpot.amplifyTest(DSpot.java:179)
	at eu.stamp_project.dspot.DSpot.amplifyTest(DSpot.java:169)
	at eu.stamp_project.Main.lambda$run$1(Main.java:69)
	at java.util.stream.ReferencePipeline$3$1.accept(ReferencePipeline.java:193)
	at java.util.Spliterators$ArraySpliterator.forEachRemaining(Spliterators.java:948)
	at java.util.stream.AbstractPipeline.copyInto(AbstractPipeline.java:481)
	at java.util.stream.AbstractPipeline.wrapAndCopyInto(AbstractPipeline.java:471)
	at java.util.stream.ReduceOps$ReduceOp.evaluateSequential(ReduceOps.java:708)
	at java.util.stream.AbstractPipeline.evaluate(AbstractPipeline.java:234)
	at java.util.stream.ReferencePipeline.collect(ReferencePipeline.java:499)
	at eu.stamp_project.Main.run(Main.java:71)
	at eu.stamp_project.Main.main(Main.java:40)
Caused by: java.lang.RuntimeException: Maven build failed! Enable verbose mode for more information (--verbose)
	at eu.stamp_project.automaticbuilder.MavenAutomaticBuilder.runPit(MavenAutomaticBuilder.java:179)
	... 14 more
